#
# A fatal error has been detected by the Java Runtime Environment:
#
#  EXCEPTION_ACCESS_VIOLATION (0xc0000005) at pc=0x00000000578000c9, pid=3672, tid=0x00000000000022f4
#
# JRE version: Java(TM) SE Runtime Environment (8.0_131-b11) (build 1.8.0_131-b11)
# Java VM: Java HotSpot(TM) 64-Bit Server VM (25.131-b11 mixed mode windows-amd64 compressed oops)
# Problematic frame:
# V  [jvm.dll+0x1e00c9]
#
# Failed to write core dump. Minidumps are not enabled by default on client versions of Windows
#
# If you would like to submit a bug report, please visit:
#   http://bugreport.java.com/bugreport/crash.jsp
#

---------------  T H R E A D  ---------------

Current thread (0x00000000033fb800):  JavaThread "main" [_thread_in_vm, id=8948, stack(0x0000000003200000,0x0000000003300000)]

siginfo: ExceptionCode=0xc0000005, reading address 0x000000002a53e858

Registers:
RAX=0x0000000000000000, RBX=0x00000000033fb800, RCX=0x0000000000000b80, RDX=0x00000000032ff060
RSP=0x00000000032ff010, RBP=0x000000002a53e858, RSI=0x0000000000000000, RDI=0x0000000000000000
R8 =0x0000000000000000, R9 =0x000000002a53e858, R10=0x00000000039189cf, R11=0x0000000003918998
R12=0x0000000000000000, R13=0x00000000032ff0b8, R14=0x00000000032ff130, R15=0x00000000033fb800
RIP=0x00000000578000c9, EFLAGS=0x0000000000010246

Top of Stack: (sp=0x00000000032ff010)
0x00000000032ff010:   0000000000000108 0000000000000000
0x00000000032ff020:   0000000000000001 00000000000218b0
0x00000000032ff030:   00000000035f835d 0000000003918a4d
0x00000000032ff040:   0000000017bec078 00000000032ff0a0
0x00000000032ff050:   0000000000000108 0000000000000010
0x00000000032ff060:   0000000081e10e08 0000000000000000
0x00000000032ff070:   00000000035f7e70 00000000033fb800
0x00000000032ff080:   00000000032ff170 00000000032ff088
0x00000000032ff090:   0000000000000000 00000000032ff100
0x00000000032ff0a0:   00000000032ff118 00000000035f7da0
0x00000000032ff0b0:   00000000035f7da0 000000002a53e858
0x00000000032ff0c0:   00000000032ff0e8 0000000000000000
0x00000000032ff0d0:   0000000081e10e08 00000000032ff0d8
0x00000000032ff0e0:   000000002ab30f62 00000000032ff130
0x00000000032ff0f0:   000000002ab328d0 000000002ab44df0
0x00000000032ff100:   000000002ab30f80 00000000032ff0b8 

Instructions: (pc=0x00000000578000c9)
0x00000000578000a9:   00 00 00 30 74 08 48 8b cb e8 09 2d 06 00 c7 83
0x00000000578000b9:   70 02 00 00 06 00 00 00 48 85 f6 74 03 48 8b 3e
0x00000000578000c9:   8b 2c 2f 48 8b 7b 48 48 8b 47 10 48 8b 77 08 48
0x00000000578000d9:   83 38 00 74 15 48 8b 57 28 48 8b ce e8 d6 df ee 


Register to memory mapping:

RAX=0x0000000000000000 is an unknown value
RBX=0x00000000033fb800 is a thread
RCX=0x0000000000000b80 is an unknown value
RDX=0x00000000032ff060 is pointing into the stack for thread: 0x00000000033fb800
RSP=0x00000000032ff010 is pointing into the stack for thread: 0x00000000033fb800
RBP=0x000000002a53e858 is an unknown value
RSI=0x0000000000000000 is an unknown value
RDI=0x0000000000000000 is an unknown value
R8 =0x0000000000000000 is an unknown value
R9 =0x000000002a53e858 is an unknown value
R10=0x00000000039189cf is at entry_point+79 in (nmethod*)0x0000000003918810
R11=0x0000000003918998 is at entry_point+24 in (nmethod*)0x0000000003918810
R12=0x0000000000000000 is an unknown value
R13=0x00000000032ff0b8 is pointing into the stack for thread: 0x00000000033fb800
R14=0x00000000032ff130 is pointing into the stack for thread: 0x00000000033fb800
R15=0x00000000033fb800 is a thread


Stack: [0x0000000003200000,0x0000000003300000],  sp=0x00000000032ff010,  free space=1020k
Native frames: (J=compiled Java code, j=interpreted, Vv=VM code, C=native code)
V  [jvm.dll+0x1e00c9]
C  0x0000000003918a4d

Java frames: (J=compiled Java code, j=interpreted, Vv=VM code)
J 762  sun.misc.Unsafe.getInt(Ljava/lang/Object;J)I (0 bytes) @ 0x00000000039189cf [0x0000000003918980+0x4f]
j  org.lwjgl.assimp.AIMesh.nmNumBones(J)I+10
j  org.lwjgl.assimp.AIMesh.mNumBones()I+4
j  Graphics.Animation.loaders.AnimModelLoader.loadAnimModelInVao(Ljava/lang/String;LGraphics/RenderEngine/Loader;)LGraphics/Models/BaseModel;+1393
j  Graphics.RenderEngine.Scene.initActors([LGameState/Entities/Actor;)V+25
j  Graphics.RenderEngine.Scene.init()V+8
j  Graphics.RenderEngine.Scene.<init>(LGameState/World;)V+54
j  Graphics.WindowManager.<init>()V+130
j  Main.main([Ljava/lang/String;)V+7
v  ~StubRoutines::call_stub

---------------  P R O C E S S  ---------------

Java Threads: ( => current thread )
  0x000000001b0dc800 JavaThread "Service Thread" daemon [_thread_blocked, id=8604, stack(0x000000001b920000,0x000000001ba20000)]
  0x000000001b02b000 JavaThread "C1 CompilerThread3" daemon [_thread_blocked, id=11488, stack(0x000000001b820000,0x000000001b920000)]
  0x000000001af6c000 JavaThread "C2 CompilerThread2" daemon [_thread_blocked, id=6548, stack(0x000000001b720000,0x000000001b820000)]
  0x000000001b028800 JavaThread "C2 CompilerThread1" daemon [_thread_blocked, id=7604, stack(0x000000001b620000,0x000000001b720000)]
  0x000000001af6b800 JavaThread "C2 CompilerThread0" daemon [_thread_blocked, id=8168, stack(0x000000001b520000,0x000000001b620000)]
  0x000000001af66800 JavaThread "Monitor Ctrl-Break" daemon [_thread_in_native, id=140, stack(0x000000001b420000,0x000000001b520000)]
  0x000000001a464800 JavaThread "Attach Listener" daemon [_thread_blocked, id=9620, stack(0x000000001ab20000,0x000000001ac20000)]
  0x000000001a463000 JavaThread "Signal Dispatcher" daemon [_thread_blocked, id=8076, stack(0x000000001aa20000,0x000000001ab20000)]
  0x000000001a450800 JavaThread "Finalizer" daemon [_thread_blocked, id=2212, stack(0x000000001a830000,0x000000001a930000)]
  0x0000000018563000 JavaThread "Reference Handler" daemon [_thread_blocked, id=8656, stack(0x000000001a330000,0x000000001a430000)]
=>0x00000000033fb800 JavaThread "main" [_thread_in_vm, id=8948, stack(0x0000000003200000,0x0000000003300000)]

Other Threads:
  0x000000001855a000 VMThread [stack: 0x000000001a230000,0x000000001a330000] [id=12224]
  0x000000001b282800 WatcherThread [stack: 0x000000001ba20000,0x000000001bb20000] [id=3084]

VM state:not at safepoint (normal execution)

VM Mutex/Monitor currently owned by a thread: None

Heap:
 PSYoungGen      total 112640K, used 70320K [0x00000000d5f80000, 0x00000000e6480000, 0x0000000100000000)
  eden space 110080K, 61% used [0x00000000d5f80000,0x00000000da1b4020,0x00000000dcb00000)
  from space 2560K, 98% used [0x00000000e6200000,0x00000000e6478228,0x00000000e6480000)
  to   space 7168K, 0% used [0x00000000e5680000,0x00000000e5680000,0x00000000e5d80000)
 ParOldGen       total 87552K, used 12351K [0x0000000081e00000, 0x0000000087380000, 0x00000000d5f80000)
  object space 87552K, 14% used [0x0000000081e00000,0x0000000082a0fec0,0x0000000087380000)
 Metaspace       used 11853K, capacity 12085K, committed 12416K, reserved 1060864K
  class space    used 950K, capacity 1042K, committed 1152K, reserved 1048576K

Card table byte_map: [0x00000000129b0000,0x0000000012db0000] byte_map_base: 0x00000000125a1000

Marking Bits: (ParMarkBitMap*) 0x0000000057e3c720
 Begin Bits: [0x0000000013860000, 0x00000000157e8000)
 End Bits:   [0x00000000157e8000, 0x0000000017770000)

Polling page: 0x0000000001480000

CodeCache: size=245760Kb used=4680Kb max_used=4690Kb free=241080Kb
 bounds [0x00000000035f0000, 0x0000000003a90000, 0x00000000125f0000]
 total_blobs=2111 nmethods=1150 adapters=874
 compilation: enabled

Compilation events (10 events):
Event: 3.154 Thread 0x000000001b02b000 nmethod 1146 0x0000000003a7cf10 code [0x0000000003a7d060, 0x0000000003a7d210]
Event: 3.154 Thread 0x000000001b02b000 1148       3       org.lwjgl.system.StructBuffer$StructIterator::next (27 bytes)
Event: 3.154 Thread 0x000000001b02b000 nmethod 1148 0x0000000003a7c6d0 code [0x0000000003a7c840, 0x0000000003a7ca68]
Event: 3.154 Thread 0x000000001b02b000 1147       3       org.lwjgl.system.StructBuffer$StructIterator::next (5 bytes)
Event: 3.154 Thread 0x000000001b02b000 nmethod 1147 0x0000000003a7c1d0 code [0x0000000003a7c340, 0x0000000003a7c5c8]
Event: 3.154 Thread 0x000000001b02b000 1150       3       org.lwjgl.assimp.AIVectorKey::sizeof (4 bytes)
Event: 3.154 Thread 0x000000001b02b000 nmethod 1150 0x0000000003a7be90 code [0x0000000003a7bfe0, 0x0000000003a7c130]
Event: 3.154 Thread 0x000000001b02b000 1151   !   3       org.lwjgl.system.Struct::wrap (39 bytes)
Event: 3.154 Thread 0x000000001b02b000 nmethod 1151 0x0000000003a7ee10 code [0x0000000003a7efa0, 0x0000000003a7f378]
Event: 3.157 Thread 0x000000001af6c000 nmethod 1141 0x0000000003a81dd0 code [0x0000000003a82120, 0x0000000003a83d30]

GC Heap History (10 events):
Event: 1.449 GC heap before
{Heap before GC invocations=8 (full 0):
 PSYoungGen      total 135168K, used 133760K [0x00000000d5f80000, 0x00000000e6880000, 0x0000000100000000)
  eden space 133120K, 100% used [0x00000000d5f80000,0x00000000de180000,0x00000000de180000)
  from space 2048K, 31% used [0x00000000de180000,0x00000000de220000,0x00000000de380000)
  to   space 2560K, 0% used [0x00000000e6600000,0x00000000e6600000,0x00000000e6880000)
 ParOldGen       total 87552K, used 1356K [0x0000000081e00000, 0x0000000087380000, 0x00000000d5f80000)
  object space 87552K, 1% used [0x0000000081e00000,0x0000000081f533c8,0x0000000087380000)
 Metaspace       used 4287K, capacity 4672K, committed 4864K, reserved 1056768K
  class space    used 465K, capacity 496K, committed 512K, reserved 1048576K
Event: 1.450 GC heap after
Heap after GC invocations=8 (full 0):
 PSYoungGen      total 129024K, used 608K [0x00000000d5f80000, 0x00000000e6700000, 0x0000000100000000)
  eden space 128000K, 0% used [0x00000000d5f80000,0x00000000d5f80000,0x00000000ddc80000)
  from space 1024K, 59% used [0x00000000e6600000,0x00000000e6698000,0x00000000e6700000)
  to   space 2560K, 0% used [0x00000000e6200000,0x00000000e6200000,0x00000000e6480000)
 ParOldGen       total 87552K, used 1372K [0x0000000081e00000, 0x0000000087380000, 0x00000000d5f80000)
  object space 87552K, 1% used [0x0000000081e00000,0x0000000081f573c8,0x0000000087380000)
 Metaspace       used 4287K, capacity 4672K, committed 4864K, reserved 1056768K
  class space    used 465K, capacity 496K, committed 512K, reserved 1048576K
}
Event: 1.652 GC heap before
{Heap before GC invocations=9 (full 0):
 PSYoungGen      total 129024K, used 128608K [0x00000000d5f80000, 0x00000000e6700000, 0x0000000100000000)
  eden space 128000K, 100% used [0x00000000d5f80000,0x00000000ddc80000,0x00000000ddc80000)
  from space 1024K, 59% used [0x00000000e6600000,0x00000000e6698000,0x00000000e6700000)
  to   space 2560K, 0% used [0x00000000e6200000,0x00000000e6200000,0x00000000e6480000)
 ParOldGen       total 87552K, used 1372K [0x0000000081e00000, 0x0000000087380000, 0x00000000d5f80000)
  object space 87552K, 1% used [0x0000000081e00000,0x0000000081f573c8,0x0000000087380000)
 Metaspace       used 4293K, capacity 4672K, committed 4864K, reserved 1056768K
  class space    used 465K, capacity 496K, committed 512K, reserved 1048576K
Event: 1.653 GC heap after
Heap after GC invocations=9 (full 0):
 PSYoungGen      total 124416K, used 576K [0x00000000d5f80000, 0x00000000e6680000, 0x0000000100000000)
  eden space 123392K, 0% used [0x00000000d5f80000,0x00000000d5f80000,0x00000000dd800000)
  from space 1024K, 56% used [0x00000000e6200000,0x00000000e6290000,0x00000000e6300000)
  to   space 2560K, 0% used [0x00000000e6400000,0x00000000e6400000,0x00000000e6680000)
 ParOldGen       total 87552K, used 1372K [0x0000000081e00000, 0x0000000087380000, 0x00000000d5f80000)
  object space 87552K, 1% used [0x0000000081e00000,0x0000000081f573c8,0x0000000087380000)
 Metaspace       used 4293K, capacity 4672K, committed 4864K, reserved 1056768K
  class space    used 465K, capacity 496K, committed 512K, reserved 1048576K
}
Event: 1.822 GC heap before
{Heap before GC invocations=10 (full 0):
 PSYoungGen      total 124416K, used 123968K [0x00000000d5f80000, 0x00000000e6680000, 0x0000000100000000)
  eden space 123392K, 100% used [0x00000000d5f80000,0x00000000dd800000,0x00000000dd800000)
  from space 1024K, 56% used [0x00000000e6200000,0x00000000e6290000,0x00000000e6300000)
  to   space 2560K, 0% used [0x00000000e6400000,0x00000000e6400000,0x00000000e6680000)
 ParOldGen       total 87552K, used 1372K [0x0000000081e00000, 0x0000000087380000, 0x00000000d5f80000)
  object space 87552K, 1% used [0x0000000081e00000,0x0000000081f573c8,0x0000000087380000)
 Metaspace       used 4294K, capacity 4672K, committed 4864K, reserved 1056768K
  class space    used 465K, capacity 496K, committed 512K, reserved 1048576K
Event: 1.823 GC heap after
Heap after GC invocations=10 (full 0):
 PSYoungGen      total 119296K, used 256K [0x00000000d5f80000, 0x00000000e6480000, 0x0000000100000000)
  eden space 118784K, 0% used [0x00000000d5f80000,0x00000000d5f80000,0x00000000dd380000)
  from space 512K, 50% used [0x00000000e6400000,0x00000000e6440000,0x00000000e6480000)
  to   space 2560K, 0% used [0x00000000e5f80000,0x00000000e5f80000,0x00000000e6200000)
 ParOldGen       total 87552K, used 1752K [0x0000000081e00000, 0x0000000087380000, 0x00000000d5f80000)
  object space 87552K, 2% used [0x0000000081e00000,0x0000000081fb63d8,0x0000000087380000)
 Metaspace       used 4294K, capacity 4672K, committed 4864K, reserved 1056768K
  class space    used 465K, capacity 496K, committed 512K, reserved 1048576K
}
Event: 1.989 GC heap before
{Heap before GC invocations=11 (full 0):
 PSYoungGen      total 119296K, used 119040K [0x00000000d5f80000, 0x00000000e6480000, 0x0000000100000000)
  eden space 118784K, 100% used [0x00000000d5f80000,0x00000000dd380000,0x00000000dd380000)
  from space 512K, 50% used [0x00000000e6400000,0x00000000e6440000,0x00000000e6480000)
  to   space 2560K, 0% used [0x00000000e5f80000,0x00000000e5f80000,0x00000000e6200000)
 ParOldGen       total 87552K, used 1752K [0x0000000081e00000, 0x0000000087380000, 0x00000000d5f80000)
  object space 87552K, 2% used [0x0000000081e00000,0x0000000081fb63d8,0x0000000087380000)
 Metaspace       used 4294K, capacity 4672K, committed 4864K, reserved 1056768K
  class space    used 465K, capacity 496K, committed 512K, reserved 1048576K
Event: 1.990 GC heap after
Heap after GC invocations=11 (full 0):
 PSYoungGen      total 116736K, used 224K [0x00000000d5f80000, 0x00000000e6480000, 0x0000000100000000)
  eden space 114176K, 0% used [0x00000000d5f80000,0x00000000d5f80000,0x00000000dcf00000)
  from space 2560K, 8% used [0x00000000e5f80000,0x00000000e5fb8000,0x00000000e6200000)
  to   space 2560K, 0% used [0x00000000e6200000,0x00000000e6200000,0x00000000e6480000)
 ParOldGen       total 87552K, used 1752K [0x0000000081e00000, 0x0000000087380000, 0x00000000d5f80000)
  object space 87552K, 2% used [0x0000000081e00000,0x0000000081fb63d8,0x0000000087380000)
 Metaspace       used 4294K, capacity 4672K, committed 4864K, reserved 1056768K
  class space    used 465K, capacity 496K, committed 512K, reserved 1048576K
}
Event: 3.065 GC heap before
{Heap before GC invocations=12 (full 0):
 PSYoungGen      total 116736K, used 114400K [0x00000000d5f80000, 0x00000000e6480000, 0x0000000100000000)
  eden space 114176K, 100% used [0x00000000d5f80000,0x00000000dcf00000,0x00000000dcf00000)
  from space 2560K, 8% used [0x00000000e5f80000,0x00000000e5fb8000,0x00000000e6200000)
  to   space 2560K, 0% used [0x00000000e6200000,0x00000000e6200000,0x00000000e6480000)
 ParOldGen       total 87552K, used 1752K [0x0000000081e00000, 0x0000000087380000, 0x00000000d5f80000)
  object space 87552K, 2% used [0x0000000081e00000,0x0000000081fb63d8,0x0000000087380000)
 Metaspace       used 11609K, capacity 11797K, committed 12032K, reserved 1060864K
  class space    used 927K, capacity 1010K, committed 1024K, reserved 1048576K
Event: 3.072 GC heap after
Heap after GC invocations=12 (full 0):
 PSYoungGen      total 112640K, used 2528K [0x00000000d5f80000, 0x00000000e6480000, 0x0000000100000000)
  eden space 110080K, 0% used [0x00000000d5f80000,0x00000000d5f80000,0x00000000dcb00000)
  from space 2560K, 98% used [0x00000000e6200000,0x00000000e6478228,0x00000000e6480000)
  to   space 7168K, 0% used [0x00000000e5680000,0x00000000e5680000,0x00000000e5d80000)
 ParOldGen       total 87552K, used 12351K [0x0000000081e00000, 0x0000000087380000, 0x00000000d5f80000)
  object space 87552K, 14% used [0x0000000081e00000,0x0000000082a0fec0,0x0000000087380000)
 Metaspace       used 11609K, capacity 11797K, committed 12032K, reserved 1060864K
  class space    used 927K, capacity 1010K, committed 1024K, reserved 1048576K
}

Deoptimization events (10 events):
Event: 3.097 Thread 0x00000000033fb800 Uncommon trap: reason=speculate_class_check action=maybe_recompile pc=0x0000000003a43ba4 method=org.lwjgl.system.Struct.wrap(JILjava/nio/ByteBuffer;)Lorg/lwjgl/system/Struct; @ 44
Event: 3.097 Thread 0x00000000033fb800 Uncommon trap: reason=class_check action=maybe_recompile pc=0x0000000003a3eac8 method=org.lwjgl.system.Pointer$Default.wrap(Ljava/lang/Class;JI)Lorg/lwjgl/system/CustomBuffer; @ 7
Event: 3.097 Thread 0x00000000033fb800 Uncommon trap: reason=speculate_class_check action=maybe_recompile pc=0x0000000003a43ba4 method=org.lwjgl.system.Struct.wrap(JILjava/nio/ByteBuffer;)Lorg/lwjgl/system/Struct; @ 44
Event: 3.109 Thread 0x00000000033fb800 Uncommon trap: reason=class_check action=maybe_recompile pc=0x0000000003a436f0 method=org.lwjgl.system.StructBuffer.get(I)Lorg/lwjgl/system/Struct; @ 1
Event: 3.109 Thread 0x00000000033fb800 Uncommon trap: reason=class_check action=maybe_recompile pc=0x0000000003a436f0 method=org.lwjgl.system.StructBuffer.get(I)Lorg/lwjgl/system/Struct; @ 1
Event: 3.109 Thread 0x00000000033fb800 Uncommon trap: reason=class_check action=maybe_recompile pc=0x0000000003a436f0 method=org.lwjgl.system.StructBuffer.get(I)Lorg/lwjgl/system/Struct; @ 1
Event: 3.109 Thread 0x00000000033fb800 Uncommon trap: reason=class_check action=maybe_recompile pc=0x0000000003a436f0 method=org.lwjgl.system.StructBuffer.get(I)Lorg/lwjgl/system/Struct; @ 1
Event: 3.111 Thread 0x00000000033fb800 Uncommon trap: reason=speculate_class_check action=maybe_recompile pc=0x0000000003a795a8 method=org.lwjgl.system.Struct.wrap(JILjava/nio/ByteBuffer;)Lorg/lwjgl/system/Struct; @ 44
Event: 3.111 Thread 0x00000000033fb800 Uncommon trap: reason=speculate_class_check action=maybe_recompile pc=0x0000000003a795a8 method=org.lwjgl.system.Struct.wrap(JILjava/nio/ByteBuffer;)Lorg/lwjgl/system/Struct; @ 44
Event: 3.120 Thread 0x00000000033fb800 Uncommon trap: reason=unstable_if action=reinterpret pc=0x0000000003a7e604 method=Graphics.Animation.loaders.AnimModelLoader.loadAnimModelInVao(Ljava/lang/String;LGraphics/RenderEngine/Loader;)LGraphics/Models/BaseModel; @ 458

Internal exceptions (10 events):
Event: 2.229 Thread 0x00000000033fb800 Exception <a 'java/security/PrivilegedActionException'> (0x00000000daf5a9e8) thrown at [C:\re\workspace\8-2-build-windows-amd64-cygwin\jdk8u131\8869\hotspot\src\share\vm\prims\jvm.cpp, line 1390]
Event: 2.229 Thread 0x00000000033fb800 Exception <a 'java/security/PrivilegedActionException'> (0x00000000daf5abf8) thrown at [C:\re\workspace\8-2-build-windows-amd64-cygwin\jdk8u131\8869\hotspot\src\share\vm\prims\jvm.cpp, line 1390]
Event: 2.229 Thread 0x00000000033fb800 Exception <a 'java/security/PrivilegedActionException'> (0x00000000daf5cd70) thrown at [C:\re\workspace\8-2-build-windows-amd64-cygwin\jdk8u131\8869\hotspot\src\share\vm\prims\jvm.cpp, line 1390]
Event: 2.229 Thread 0x00000000033fb800 Exception <a 'java/security/PrivilegedActionException'> (0x00000000daf5cf80) thrown at [C:\re\workspace\8-2-build-windows-amd64-cygwin\jdk8u131\8869\hotspot\src\share\vm\prims\jvm.cpp, line 1390]
Event: 2.230 Thread 0x00000000033fb800 Exception <a 'java/security/PrivilegedActionException'> (0x00000000daf5ef98) thrown at [C:\re\workspace\8-2-build-windows-amd64-cygwin\jdk8u131\8869\hotspot\src\share\vm\prims\jvm.cpp, line 1390]
Event: 2.230 Thread 0x00000000033fb800 Exception <a 'java/security/PrivilegedActionException'> (0x00000000daf5f1a8) thrown at [C:\re\workspace\8-2-build-windows-amd64-cygwin\jdk8u131\8869\hotspot\src\share\vm\prims\jvm.cpp, line 1390]
Event: 2.230 Thread 0x00000000033fb800 Exception <a 'java/security/PrivilegedActionException'> (0x00000000daf61110) thrown at [C:\re\workspace\8-2-build-windows-amd64-cygwin\jdk8u131\8869\hotspot\src\share\vm\prims\jvm.cpp, line 1390]
Event: 2.230 Thread 0x00000000033fb800 Exception <a 'java/security/PrivilegedActionException'> (0x00000000daf61320) thrown at [C:\re\workspace\8-2-build-windows-amd64-cygwin\jdk8u131\8869\hotspot\src\share\vm\prims\jvm.cpp, line 1390]
Event: 2.445 Thread 0x00000000033fb800 Exception <a 'sun/nio/fs/WindowsException'> (0x00000000db165f00) thrown at [C:\re\workspace\8-2-build-windows-amd64-cygwin\jdk8u131\8869\hotspot\src\share\vm\prims\jni.cpp, line 709]
Event: 2.446 Thread 0x00000000033fb800 Exception <a 'sun/nio/fs/WindowsException'> (0x00000000db167938) thrown at [C:\re\workspace\8-2-build-windows-amd64-cygwin\jdk8u131\8869\hotspot\src\share\vm\prims\jni.cpp, line 709]

Events (10 events):
Event: 3.152 loading class org/lwjgl/assimp/AIQuatKey
Event: 3.152 loading class org/lwjgl/assimp/AIQuatKey done
Event: 3.152 loading class org/lwjgl/assimp/AIQuaternion
Event: 3.152 loading class org/lwjgl/assimp/AIQuaternion done
Event: 3.153 loading class org/lwjgl/assimp/AIQuatKey$Buffer
Event: 3.153 loading class org/lwjgl/assimp/AIQuatKey$Buffer done
Event: 3.153 loading class Graphics/Animation/JointTransform
Event: 3.153 loading class Graphics/Animation/JointTransform done
Event: 3.154 loading class Graphics/Animation/Animation
Event: 3.154 loading class Graphics/Animation/Animation done


Dynamic libraries:
0x00007ff6af3b0000 - 0x00007ff6af3e7000 	C:\Program Files\Java\jdk1.8.0_131\bin\java.exe
0x00007ffe9daf0000 - 0x00007ffe9dcd1000 	C:\WINDOWS\SYSTEM32\ntdll.dll
0x00007ffe9b860000 - 0x00007ffe9b911000 	C:\WINDOWS\System32\KERNEL32.DLL
0x00007ffe9a720000 - 0x00007ffe9a993000 	C:\WINDOWS\System32\KERNELBASE.dll
0x00007ffe9c570000 - 0x00007ffe9c611000 	C:\WINDOWS\System32\ADVAPI32.dll
0x00007ffe9ba30000 - 0x00007ffe9bace000 	C:\WINDOWS\System32\msvcrt.dll
0x00007ffe9b9d0000 - 0x00007ffe9ba2b000 	C:\WINDOWS\System32\sechost.dll
0x00007ffe9be30000 - 0x00007ffe9bf54000 	C:\WINDOWS\System32\RPCRT4.dll
0x00007ffe9bff0000 - 0x00007ffe9c180000 	C:\WINDOWS\System32\USER32.dll
0x00007ffe9aca0000 - 0x00007ffe9acc0000 	C:\WINDOWS\System32\win32u.dll
0x00007ffe9b050000 - 0x00007ffe9b078000 	C:\WINDOWS\System32\GDI32.dll
0x00007ffe9ab00000 - 0x00007ffe9ac92000 	C:\WINDOWS\System32\gdi32full.dll
0x00007ffe9a5d0000 - 0x00007ffe9a66f000 	C:\WINDOWS\System32\msvcp_win.dll
0x00007ffe9a9a0000 - 0x00007ffe9aa98000 	C:\WINDOWS\System32\ucrtbase.dll
0x00007ffe8d1d0000 - 0x00007ffe8d439000 	C:\WINDOWS\WinSxS\amd64_microsoft.windows.common-controls_6595b64144ccf1df_6.0.17134.765_none_fb42a1a930655896\COMCTL32.dll
0x00007ffe9b4d0000 - 0x00007ffe9b7f2000 	C:\WINDOWS\System32\combase.dll
0x00007ffe9acc0000 - 0x00007ffe9ad3a000 	C:\WINDOWS\System32\bcryptPrimitives.dll
0x00007ffe9bf60000 - 0x00007ffe9bf8d000 	C:\WINDOWS\System32\IMM32.DLL
0x0000000057ec0000 - 0x0000000057f92000 	C:\Program Files\Java\jdk1.8.0_131\jre\bin\msvcr100.dll
0x0000000057620000 - 0x0000000057ebc000 	C:\Program Files\Java\jdk1.8.0_131\jre\bin\server\jvm.dll
0x00007ffe9be20000 - 0x00007ffe9be28000 	C:\WINDOWS\System32\PSAPI.DLL
0x00007ffe87590000 - 0x00007ffe87599000 	C:\WINDOWS\SYSTEM32\WSOCK32.dll
0x00007ffe97790000 - 0x00007ffe977b3000 	C:\WINDOWS\SYSTEM32\WINMM.dll
0x00007ffe9c180000 - 0x00007ffe9c1ec000 	C:\WINDOWS\System32\WS2_32.dll
0x00007ffe94be0000 - 0x00007ffe94bea000 	C:\WINDOWS\SYSTEM32\VERSION.dll
0x00007ffe97760000 - 0x00007ffe9778a000 	C:\WINDOWS\SYSTEM32\winmmbase.dll
0x00007ffe9ad40000 - 0x00007ffe9ad89000 	C:\WINDOWS\System32\cfgmgr32.dll
0x0000000058ee0000 - 0x0000000058eef000 	C:\Program Files\Java\jdk1.8.0_131\jre\bin\verify.dll
0x00000000575f0000 - 0x0000000057619000 	C:\Program Files\Java\jdk1.8.0_131\jre\bin\java.dll
0x0000000057560000 - 0x0000000057583000 	C:\Program Files\Java\jdk1.8.0_131\jre\bin\instrument.dll
0x00000000575d0000 - 0x00000000575e6000 	C:\Program Files\Java\jdk1.8.0_131\jre\bin\zip.dll
0x00007ffe9c680000 - 0x00007ffe9dac0000 	C:\WINDOWS\System32\SHELL32.dll
0x00007ffe9b920000 - 0x00007ffe9b9c9000 	C:\WINDOWS\System32\shcore.dll
0x00007ffe99ec0000 - 0x00007ffe9a5cd000 	C:\WINDOWS\System32\windows.storage.dll
0x00007ffe9c620000 - 0x00007ffe9c671000 	C:\WINDOWS\System32\shlwapi.dll
0x00007ffe99e20000 - 0x00007ffe99e31000 	C:\WINDOWS\System32\kernel.appcore.dll
0x00007ffe99e40000 - 0x00007ffe99e5f000 	C:\WINDOWS\System32\profapi.dll
0x00007ffe99e70000 - 0x00007ffe99ebc000 	C:\WINDOWS\System32\powrprof.dll
0x00007ffe99e60000 - 0x00007ffe99e6a000 	C:\WINDOWS\System32\FLTLIB.DLL
0x00007ffe7fa90000 - 0x00007ffe7faaa000 	C:\Program Files\JetBrains\IntelliJ IDEA Community Edition 2019.1.2\bin\breakgen64.dll
0x00000000575b0000 - 0x00000000575ca000 	C:\Program Files\Java\jdk1.8.0_131\jre\bin\net.dll
0x00007ffe99680000 - 0x00007ffe996e6000 	C:\WINDOWS\system32\mswsock.dll
0x0000000057590000 - 0x00000000575a1000 	C:\Program Files\Java\jdk1.8.0_131\jre\bin\nio.dll
0x00007ffe7da60000 - 0x00007ffe7dac3000 	C:\Users\20174019\AppData\Local\Temp\lwjgl20174019\3.2.1-build-12\lwjgl.dll
0x00007ffe7da00000 - 0x00007ffe7da5e000 	C:\Users\20174019\AppData\Local\Temp\lwjgl20174019\3.2.1-build-12\glfw.dll
0x00007ffe97fc0000 - 0x00007ffe98058000 	C:\WINDOWS\system32\uxtheme.dll
0x00007ffe8c8d0000 - 0x00007ffe8c913000 	C:\WINDOWS\SYSTEM32\dinput8.dll
0x00007ffe97890000 - 0x00007ffe978a0000 	C:\WINDOWS\SYSTEM32\xinput1_4.dll
0x00007ffe99c10000 - 0x00007ffe99c37000 	C:\WINDOWS\SYSTEM32\DEVOBJ.dll
0x00007ffe98210000 - 0x00007ffe98239000 	C:\WINDOWS\SYSTEM32\dwmapi.dll
0x00007ffe941f0000 - 0x00007ffe94269000 	C:\WINDOWS\SYSTEM32\inputhost.dll
0x00007ffe95470000 - 0x00007ffe955bd000 	C:\WINDOWS\SYSTEM32\wintypes.dll
0x00007ffe939d0000 - 0x00007ffe93cee000 	C:\WINDOWS\SYSTEM32\CoreUIComponents.dll
0x00007ffe96cd0000 - 0x00007ffe96daa000 	C:\WINDOWS\SYSTEM32\CoreMessaging.dll
0x00007ffe98e30000 - 0x00007ffe98e61000 	C:\WINDOWS\SYSTEM32\ntmarta.dll
0x00007ffe9bae0000 - 0x00007ffe9bc53000 	C:\WINDOWS\System32\MSCTF.dll
0x00007ffe9bd50000 - 0x00007ffe9be12000 	C:\WINDOWS\System32\OLEAUT32.dll
0x00007ffe987a0000 - 0x00007ffe987ac000 	C:\WINDOWS\SYSTEM32\HID.DLL
0x00007ffe9b080000 - 0x00007ffe9b4cb000 	C:\WINDOWS\System32\SETUPAPI.DLL
0x00007ffe9aaa0000 - 0x00007ffe9aaf7000 	C:\WINDOWS\System32\WINTRUST.dll
0x00007ffe99e00000 - 0x00007ffe99e12000 	C:\WINDOWS\System32\MSASN1.dll
0x00007ffe9ad90000 - 0x00007ffe9af72000 	C:\WINDOWS\System32\CRYPT32.dll
0x00007ffe7b800000 - 0x00007ffe7b920000 	C:\WINDOWS\SYSTEM32\opengl32.dll
0x00007ffe7d350000 - 0x00007ffe7d37c000 	C:\WINDOWS\SYSTEM32\GLU32.dll
0x00007ffe44880000 - 0x00007ffe4572b000 	C:\WINDOWS\System32\DriverStore\FileRepository\ki130871.inf_amd64_382f7c369d4bf777\ig9icd64.dll
0x00007ffe98c80000 - 0x00007ffe98d3b000 	C:\WINDOWS\system32\dxgi.dll
0x00007ffe5e6a0000 - 0x00007ffe5e783000 	C:\WINDOWS\System32\DriverStore\FileRepository\ki130871.inf_amd64_382f7c369d4bf777\igdgmm64.dll
0x00007ffe8f4a0000 - 0x00007ffe9141c000 	C:\WINDOWS\System32\DriverStore\FileRepository\ki130871.inf_amd64_382f7c369d4bf777\igc64.dll
0x00007ffe94270000 - 0x00007ffe94306000 	C:\WINDOWS\System32\TextInputFramework.dll
0x00007ffe74030000 - 0x00007ffe74088000 	C:\Users\20174019\AppData\Local\Temp\lwjgl20174019\3.2.1-build-12\lwjgl_opengl.dll
0x00007ffe6aec0000 - 0x00007ffe6af39000 	C:\Users\20174019\AppData\Local\Temp\lwjgl20174019\3.2.1-build-12\lwjgl_stb.dll
0x00007ffe43410000 - 0x00007ffe43ad3000 	C:\Users\20174019\AppData\Local\Temp\lwjgl20174019\3.2.1-build-12\assimp.dll
0x00007ffe98850000 - 0x00007ffe98a19000 	C:\WINDOWS\SYSTEM32\dbghelp.dll

VM Arguments:
jvm_args: -javaagent:C:\Program Files\JetBrains\IntelliJ IDEA Community Edition 2019.1.2\lib\idea_rt.jar=55370:C:\Program Files\JetBrains\IntelliJ IDEA Community Edition 2019.1.2\bin -Dfile.encoding=UTF-8 
java_command: Main
java_class_path (initial): C:\Program Files\Java\jdk1.8.0_131\jre\lib\charsets.jar;C:\Program Files\Java\jdk1.8.0_131\jre\lib\deploy.jar;C:\Program Files\Java\jdk1.8.0_131\jre\lib\ext\access-bridge-64.jar;C:\Program Files\Java\jdk1.8.0_131\jre\lib\ext\cldrdata.jar;C:\Program Files\Java\jdk1.8.0_131\jre\lib\ext\dnsns.jar;C:\Program Files\Java\jdk1.8.0_131\jre\lib\ext\jaccess.jar;C:\Program Files\Java\jdk1.8.0_131\jre\lib\ext\jfxrt.jar;C:\Program Files\Java\jdk1.8.0_131\jre\lib\ext\localedata.jar;C:\Program Files\Java\jdk1.8.0_131\jre\lib\ext\nashorn.jar;C:\Program Files\Java\jdk1.8.0_131\jre\lib\ext\sunec.jar;C:\Program Files\Java\jdk1.8.0_131\jre\lib\ext\sunjce_provider.jar;C:\Program Files\Java\jdk1.8.0_131\jre\lib\ext\sunmscapi.jar;C:\Program Files\Java\jdk1.8.0_131\jre\lib\ext\sunpkcs11.jar;C:\Program Files\Java\jdk1.8.0_131\jre\lib\ext\zipfs.jar;C:\Program Files\Java\jdk1.8.0_131\jre\lib\javaws.jar;C:\Program Files\Java\jdk1.8.0_131\jre\lib\jce.jar;C:\Program Files\Java\jdk1.8.0_131\jre\lib\jfr.jar;C:\Program Files\Java\jdk1.8.0_131\jre\lib\jfxswt.jar;C:\Program Files\Java\jdk1.8.0_131\jre\lib\jsse.jar;C:\Program Files\Java\jdk1.8.0_131\jre\lib\management-agent.jar;C:\Program Files\Java\jdk1.8.0_131\jre\lib\plugin.jar;C:\Program Files\Java\jdk1.8.0_131\jre\lib\resources.jar;C:\Program Files\Java\jdk1.8.0_131\jre\lib\rt.jar;C:\Users\20174019\OneDrive - TU Eindhoven\College\Q4_IOE0_DBL_Interactive Intelligent Systems\Repo\Genomen4\out\production\classes;C:\Users\20174019\.gradle\caches\modules-2\files-2.1\org.joml\joml\1.9.14\ba53d31c0fb0e76ab066cba198fd8d040e1b5e9b\joml-1.9.14.jar;C:\Users\20174019\.gradle\caches\modules-2\files-2.1\org.deeplearning4j\deeplearning4j-core\1.0.0-beta4\e04edc115bfd00c6b8ed09eca7ee1ddeb32fa852\deeplearning4j-core-1.0.0-beta4.jar;C:\Users\20174019\.gradle\caches\modules-2\files-2.1\org.nd4j\nd4j-native-platform\1.0.0-beta4\c0c4faf961fe6340d7be485910f66a5abd33ed57\nd4j-native-platform-1.0.0-beta4.jar;C:\Users\20174019\.gradle\caches\
Launcher Type: SUN_STANDARD

Environment Variables:
PATH=C:\Program Files (x86)\NVIDIA Corporation\PhysX\Common;C:\Program Files (x86)\Common Files\Oracle\Java\javapath;C:\ProgramData\Oracle\Java\javapath;C:\Windows\System32;C:\Windows;C:\Windows\System32\wbem;C:\Windows\System32\WindowsPowerShell\v1.0\;C:\Program Files\OpenVPN\bin;C:\Program Files\MiKTeX 2.9\miktex\bin\x64\;C:\Program Files (x86)\GnuPG\bin;C:\Program Files\Calibre2\;C:\Program Files\Git\cmd;C:\WINDOWS\system32;C:\WINDOWS;C:\WINDOWS\System32\Wbem;C:\WINDOWS\System32\WindowsPowerShell\v1.0\;C:\WINDOWS\System32\OpenSSH\;C:\Program Files\PuTTY\;C:\Users\20174019\AppData\Local\Microsoft\WindowsApps;;C:\Program Files\Mercurial;C:\Program Files\JetBrains\IntelliJ IDEA Community Edition 2019.1.2\bin;
USERNAME=20174019
OS=Windows_NT
PROCESSOR_IDENTIFIER=Intel64 Family 6 Model 158 Stepping 9, GenuineIntel



---------------  S Y S T E M  ---------------

OS: Windows 10.0 , 64 bit Build 17134 (10.0.17134.753)

CPU:total 8 (initial active 8) (4 cores per cpu, 2 threads per core) family 6 model 158 stepping 9, cmov, cx8, fxsr, mmx, sse, sse2, sse3, ssse3, sse4.1, sse4.2, popcnt, avx, avx2, aes, clmul, erms, 3dnowpref, lzcnt, ht, tsc, tscinvbit, bmi1, bmi2, adx

Memory: 4k page, physical 8264924k(1894472k free), swap 17177820k(5621668k free)

vm_info: Java HotSpot(TM) 64-Bit Server VM (25.131-b11) for windows-amd64 JRE (1.8.0_131-b11), built on Mar 15 2017 01:23:53 by "java_re" with MS VC++ 10.0 (VS2010)

time: Sun Jun 09 22:44:41 2019
elapsed time: 3 seconds (0d 0h 0m 3s)

