#
# A fatal error has been detected by the Java Runtime Environment:
#
#  EXCEPTION_ACCESS_VIOLATION (0xc0000005) at pc=0x00000000578000c9, pid=3364, tid=0x0000000000002554
#
# JRE version: Java(TM) SE Runtime Environment (8.0_131-b11) (build 1.8.0_131-b11)
# Java VM: Java HotSpot(TM) 64-Bit Server VM (25.131-b11 mixed mode windows-amd64 compressed oops)
# Problematic frame:
# V  [jvm.dll+0x1e00c9]
#
# Failed to write core dump. Minidumps are not enabled by default on client versions of Windows
#
# If you would like to submit a bug report, please visit:
#   http://bugreport.java.com/bugreport/crash.jsp
#

---------------  T H R E A D  ---------------

Current thread (0x000000000309b800):  JavaThread "main" [_thread_in_vm, id=9556, stack(0x0000000002f30000,0x0000000003030000)]

siginfo: ExceptionCode=0xc0000005, reading address 0x0000000027ae53b8

Registers:
RAX=0x0000000000000000, RBX=0x000000000309b800, RCX=0x0000000000000b80, RDX=0x000000000302f360
RSP=0x000000000302f310, RBP=0x0000000027ae53b8, RSI=0x0000000000000000, RDI=0x0000000000000000
R8 =0x0000000000000000, R9 =0x0000000027ae53b8, R10=0x000000000366d54f, R11=0x000000000366d518
R12=0x0000000000000000, R13=0x000000000302f3b8, R14=0x000000000302f430, R15=0x000000000309b800
RIP=0x00000000578000c9, EFLAGS=0x0000000000010246

Top of Stack: (sp=0x000000000302f310)
0x000000000302f310:   0000000000000031 0000000000000000
0x000000000302f320:   0000000000000001 00000000de40d5d0
0x000000000302f330:   000000000339835d 000000000366d5cd
0x000000000302f340:   000000001798c078 000000000302f3a0
0x000000000302f350:   0000000000000031 0000000000000010
0x000000000302f360:   0000000081e0a1b8 0000000000000000
0x000000000302f370:   0000000003397e70 000000000309b800
0x000000000302f380:   000000000302f470 000000000302f388
0x000000000302f390:   0000000000000000 000000000302f400
0x000000000302f3a0:   000000000302f418 0000000003397da0
0x000000000302f3b0:   0000000003397da0 0000000027ae53b8
0x000000000302f3c0:   000000000302f3e8 0000000000000000
0x000000000302f3d0:   0000000081e0a1b8 000000000302f3d8
0x000000000302f3e0:   000000002a7b07ea 000000000302f430
0x000000000302f3f0:   000000002a7b2190 000000002a7c4670
0x000000000302f400:   000000002a7b0808 000000000302f3b8 

Instructions: (pc=0x00000000578000c9)
0x00000000578000a9:   00 00 00 30 74 08 48 8b cb e8 09 2d 06 00 c7 83
0x00000000578000b9:   70 02 00 00 06 00 00 00 48 85 f6 74 03 48 8b 3e
0x00000000578000c9:   8b 2c 2f 48 8b 7b 48 48 8b 47 10 48 8b 77 08 48
0x00000000578000d9:   83 38 00 74 15 48 8b 57 28 48 8b ce e8 d6 df ee 


Register to memory mapping:

RAX=0x0000000000000000 is an unknown value
RBX=0x000000000309b800 is a thread
RCX=0x0000000000000b80 is an unknown value
RDX=0x000000000302f360 is pointing into the stack for thread: 0x000000000309b800
RSP=0x000000000302f310 is pointing into the stack for thread: 0x000000000309b800
RBP=0x0000000027ae53b8 is an unknown value
RSI=0x0000000000000000 is an unknown value
RDI=0x0000000000000000 is an unknown value
R8 =0x0000000000000000 is an unknown value
R9 =0x0000000027ae53b8 is an unknown value
R10=0x000000000366d54f is at entry_point+79 in (nmethod*)0x000000000366d390
R11=0x000000000366d518 is at entry_point+24 in (nmethod*)0x000000000366d390
R12=0x0000000000000000 is an unknown value
R13=0x000000000302f3b8 is pointing into the stack for thread: 0x000000000309b800
R14=0x000000000302f430 is pointing into the stack for thread: 0x000000000309b800
R15=0x000000000309b800 is a thread


Stack: [0x0000000002f30000,0x0000000003030000],  sp=0x000000000302f310,  free space=1020k
Native frames: (J=compiled Java code, j=interpreted, Vv=VM code, C=native code)
V  [jvm.dll+0x1e00c9]
C  0x000000000366d5cd

Java frames: (J=compiled Java code, j=interpreted, Vv=VM code)
J 706  sun.misc.Unsafe.getInt(Ljava/lang/Object;J)I (0 bytes) @ 0x000000000366d54f [0x000000000366d500+0x4f]
j  org.lwjgl.assimp.AIMesh.nmNumBones(J)I+10
j  org.lwjgl.assimp.AIMesh.mNumBones()I+4
j  Graphics.Animation.loaders.AnimModelLoader.loadAnimModelInVao(Ljava/lang/String;LGraphics/RenderEngine/Loader;)LGraphics/Models/BaseModel;+1183
j  Graphics.RenderEngine.Scene.initActors([LGameState/Entities/Actor;)V+25
j  Graphics.RenderEngine.Scene.init()V+8
j  Graphics.RenderEngine.Scene.<init>(LGameState/World;)V+54
j  Graphics.WindowManager.<init>()V+130
j  Main.main([Ljava/lang/String;)V+7
v  ~StubRoutines::call_stub

---------------  P R O C E S S  ---------------

Java Threads: ( => current thread )
  0x000000001ad90000 JavaThread "Service Thread" daemon [_thread_blocked, id=9568, stack(0x000000001b5d0000,0x000000001b6d0000)]
  0x000000001acd6800 JavaThread "C1 CompilerThread3" daemon [_thread_blocked, id=9888, stack(0x000000001b4d0000,0x000000001b5d0000)]
  0x000000001acd3800 JavaThread "C2 CompilerThread2" daemon [_thread_blocked, id=4448, stack(0x000000001b3d0000,0x000000001b4d0000)]
  0x000000001acd3000 JavaThread "C2 CompilerThread1" daemon [_thread_blocked, id=14480, stack(0x000000001b2d0000,0x000000001b3d0000)]
  0x000000001acce000 JavaThread "C2 CompilerThread0" daemon [_thread_blocked, id=8328, stack(0x000000001b1d0000,0x000000001b2d0000)]
  0x000000001ac21000 JavaThread "Monitor Ctrl-Break" daemon [_thread_in_native, id=12168, stack(0x000000001b0d0000,0x000000001b1d0000)]
  0x000000001a204000 JavaThread "Attach Listener" daemon [_thread_blocked, id=5692, stack(0x000000001a7d0000,0x000000001a8d0000)]
  0x000000001a203000 JavaThread "Signal Dispatcher" daemon [_thread_blocked, id=9596, stack(0x000000001a6d0000,0x000000001a7d0000)]
  0x000000001a1f1800 JavaThread "Finalizer" daemon [_thread_blocked, id=6084, stack(0x000000001a5d0000,0x000000001a6d0000)]
  0x0000000018304000 JavaThread "Reference Handler" daemon [_thread_blocked, id=10000, stack(0x000000001a0d0000,0x000000001a1d0000)]
=>0x000000000309b800 JavaThread "main" [_thread_in_vm, id=9556, stack(0x0000000002f30000,0x0000000003030000)]

Other Threads:
  0x00000000182fb000 VMThread [stack: 0x0000000019fd0000,0x000000001a0d0000] [id=7068]
  0x000000001af26000 WatcherThread [stack: 0x000000001b6d0000,0x000000001b7d0000] [id=12768]

VM state:not at safepoint (normal execution)

VM Mutex/Monitor currently owned by a thread: None

Heap:
 PSYoungGen      total 133632K, used 88021K [0x00000000d5f80000, 0x00000000de880000, 0x0000000100000000)
  eden space 131584K, 65% used [0x00000000d5f80000,0x00000000db378788,0x00000000de000000)
  from space 2048K, 99% used [0x00000000de380000,0x00000000de57cf68,0x00000000de580000)
  to   space 3584K, 0% used [0x00000000de000000,0x00000000de000000,0x00000000de380000)
 ParOldGen       total 87552K, used 2495K [0x0000000081e00000, 0x0000000087380000, 0x00000000d5f80000)
  object space 87552K, 2% used [0x0000000081e00000,0x000000008206fe18,0x0000000087380000)
 Metaspace       used 11826K, capacity 12037K, committed 12416K, reserved 1060864K
  class space    used 950K, capacity 1042K, committed 1152K, reserved 1048576K

Card table byte_map: [0x0000000012750000,0x0000000012b50000] byte_map_base: 0x0000000012341000

Marking Bits: (ParMarkBitMap*) 0x0000000057e3c720
 Begin Bits: [0x0000000013600000, 0x0000000015588000)
 End Bits:   [0x0000000015588000, 0x0000000017510000)

Polling page: 0x0000000001150000

CodeCache: size=245760Kb used=4654Kb max_used=4654Kb free=241105Kb
 bounds [0x0000000003390000, 0x0000000003820000, 0x0000000012390000]
 total_blobs=2084 nmethods=1123 adapters=874
 compilation: enabled

Compilation events (10 events):
Event: 2.083 Thread 0x000000001acd6800 1119       3       java.lang.ClassNotFoundException::<init> (7 bytes)
Event: 2.083 Thread 0x000000001acd6800 nmethod 1119 0x00000000037f2c10 code [0x00000000037f2d80, 0x00000000037f2fc8]
Event: 2.084 Thread 0x000000001acd6800 1120       3       org.lwjgl.system.StructBuffer$StructIterator::hasNext (17 bytes)
Event: 2.084 Thread 0x000000001acd6800 nmethod 1120 0x00000000037f24d0 code [0x00000000037f2620, 0x00000000037f27d0]
Event: 2.084 Thread 0x000000001acd6800 1122       3       org.lwjgl.system.StructBuffer$StructIterator::next (27 bytes)
Event: 2.085 Thread 0x000000001acd6800 nmethod 1122 0x00000000037f2050 code [0x00000000037f21c0, 0x00000000037f23e8]
Event: 2.085 Thread 0x000000001acd6800 1121       3       org.lwjgl.system.StructBuffer$StructIterator::next (5 bytes)
Event: 2.085 Thread 0x000000001acd6800 nmethod 1121 0x000000000381e510 code [0x000000000381e680, 0x000000000381e908]
Event: 2.085 Thread 0x000000001acd6800 1124       3       org.lwjgl.assimp.AIVectorKey::sizeof (4 bytes)
Event: 2.085 Thread 0x000000001acd6800 nmethod 1124 0x00000000037f1cd0 code [0x00000000037f1e20, 0x00000000037f1f70]

GC Heap History (10 events):
Event: 0.572 GC heap before
{Heap before GC invocations=2 (full 0):
 PSYoungGen      total 38400K, used 35032K [0x00000000d5f80000, 0x00000000d8a00000, 0x0000000100000000)
  eden space 33280K, 100% used [0x00000000d5f80000,0x00000000d8000000,0x00000000d8000000)
  from space 5120K, 34% used [0x00000000d8000000,0x00000000d81b6158,0x00000000d8500000)
  to   space 5120K, 0% used [0x00000000d8500000,0x00000000d8500000,0x00000000d8a00000)
 ParOldGen       total 87552K, used 8K [0x0000000081e00000, 0x0000000087380000, 0x00000000d5f80000)
  object space 87552K, 0% used [0x0000000081e00000,0x0000000081e02000,0x0000000087380000)
 Metaspace       used 3761K, capacity 4640K, committed 4864K, reserved 1056768K
  class space    used 412K, capacity 464K, committed 512K, reserved 1048576K
Event: 0.573 GC heap after
Heap after GC invocations=2 (full 0):
 PSYoungGen      total 38400K, used 1604K [0x00000000d5f80000, 0x00000000daa80000, 0x0000000100000000)
  eden space 33280K, 0% used [0x00000000d5f80000,0x00000000d5f80000,0x00000000d8000000)
  from space 5120K, 31% used [0x00000000d8500000,0x00000000d8691368,0x00000000d8a00000)
  to   space 5120K, 0% used [0x00000000d8000000,0x00000000d8000000,0x00000000d8500000)
 ParOldGen       total 87552K, used 16K [0x0000000081e00000, 0x0000000087380000, 0x00000000d5f80000)
  object space 87552K, 0% used [0x0000000081e00000,0x0000000081e04000,0x0000000087380000)
 Metaspace       used 3761K, capacity 4640K, committed 4864K, reserved 1056768K
  class space    used 412K, capacity 464K, committed 512K, reserved 1048576K
}
Event: 0.635 GC heap before
{Heap before GC invocations=3 (full 0):
 PSYoungGen      total 38400K, used 34884K [0x00000000d5f80000, 0x00000000daa80000, 0x0000000100000000)
  eden space 33280K, 100% used [0x00000000d5f80000,0x00000000d8000000,0x00000000d8000000)
  from space 5120K, 31% used [0x00000000d8500000,0x00000000d8691368,0x00000000d8a00000)
  to   space 5120K, 0% used [0x00000000d8000000,0x00000000d8000000,0x00000000d8500000)
 ParOldGen       total 87552K, used 16K [0x0000000081e00000, 0x0000000087380000, 0x00000000d5f80000)
  object space 87552K, 0% used [0x0000000081e00000,0x0000000081e04000,0x0000000087380000)
 Metaspace       used 3767K, capacity 4640K, committed 4864K, reserved 1056768K
  class space    used 412K, capacity 464K, committed 512K, reserved 1048576K
Event: 0.637 GC heap after
Heap after GC invocations=3 (full 0):
 PSYoungGen      total 38400K, used 1476K [0x00000000d5f80000, 0x00000000daa80000, 0x0000000100000000)
  eden space 33280K, 0% used [0x00000000d5f80000,0x00000000d5f80000,0x00000000d8000000)
  from space 5120K, 28% used [0x00000000d8000000,0x00000000d8171368,0x00000000d8500000)
  to   space 5120K, 0% used [0x00000000da580000,0x00000000da580000,0x00000000daa80000)
 ParOldGen       total 87552K, used 24K [0x0000000081e00000, 0x0000000087380000, 0x00000000d5f80000)
  object space 87552K, 0% used [0x0000000081e00000,0x0000000081e06000,0x0000000087380000)
 Metaspace       used 3767K, capacity 4640K, committed 4864K, reserved 1056768K
  class space    used 412K, capacity 464K, committed 512K, reserved 1048576K
}
Event: 0.692 GC heap before
{Heap before GC invocations=4 (full 0):
 PSYoungGen      total 38400K, used 34756K [0x00000000d5f80000, 0x00000000daa80000, 0x0000000100000000)
  eden space 33280K, 100% used [0x00000000d5f80000,0x00000000d8000000,0x00000000d8000000)
  from space 5120K, 28% used [0x00000000d8000000,0x00000000d8171368,0x00000000d8500000)
  to   space 5120K, 0% used [0x00000000da580000,0x00000000da580000,0x00000000daa80000)
 ParOldGen       total 87552K, used 24K [0x0000000081e00000, 0x0000000087380000, 0x00000000d5f80000)
  object space 87552K, 0% used [0x0000000081e00000,0x0000000081e06000,0x0000000087380000)
 Metaspace       used 3768K, capacity 4640K, committed 4864K, reserved 1056768K
  class space    used 412K, capacity 464K, committed 512K, reserved 1048576K
Event: 0.693 GC heap after
Heap after GC invocations=4 (full 0):
 PSYoungGen      total 71680K, used 1508K [0x00000000d5f80000, 0x00000000daa80000, 0x0000000100000000)
  eden space 66560K, 0% used [0x00000000d5f80000,0x00000000d5f80000,0x00000000da080000)
  from space 5120K, 29% used [0x00000000da580000,0x00000000da6f9368,0x00000000daa80000)
  to   space 5120K, 0% used [0x00000000da080000,0x00000000da080000,0x00000000da580000)
 ParOldGen       total 87552K, used 32K [0x0000000081e00000, 0x0000000087380000, 0x00000000d5f80000)
  object space 87552K, 0% used [0x0000000081e00000,0x0000000081e08000,0x0000000087380000)
 Metaspace       used 3768K, capacity 4640K, committed 4864K, reserved 1056768K
  class space    used 412K, capacity 464K, committed 512K, reserved 1048576K
}
Event: 0.817 GC heap before
{Heap before GC invocations=5 (full 0):
 PSYoungGen      total 71680K, used 68068K [0x00000000d5f80000, 0x00000000daa80000, 0x0000000100000000)
  eden space 66560K, 100% used [0x00000000d5f80000,0x00000000da080000,0x00000000da080000)
  from space 5120K, 29% used [0x00000000da580000,0x00000000da6f9368,0x00000000daa80000)
  to   space 5120K, 0% used [0x00000000da080000,0x00000000da080000,0x00000000da580000)
 ParOldGen       total 87552K, used 32K [0x0000000081e00000, 0x0000000087380000, 0x00000000d5f80000)
  object space 87552K, 0% used [0x0000000081e00000,0x0000000081e08000,0x0000000087380000)
 Metaspace       used 3771K, capacity 4640K, committed 4864K, reserved 1056768K
  class space    used 412K, capacity 464K, committed 512K, reserved 1048576K
Event: 0.818 GC heap after
Heap after GC invocations=5 (full 0):
 PSYoungGen      total 71680K, used 1620K [0x00000000d5f80000, 0x00000000de580000, 0x0000000100000000)
  eden space 66560K, 0% used [0x00000000d5f80000,0x00000000d5f80000,0x00000000da080000)
  from space 5120K, 31% used [0x00000000da080000,0x00000000da215358,0x00000000da580000)
  to   space 2048K, 0% used [0x00000000de380000,0x00000000de380000,0x00000000de580000)
 ParOldGen       total 87552K, used 40K [0x0000000081e00000, 0x0000000087380000, 0x00000000d5f80000)
  object space 87552K, 0% used [0x0000000081e00000,0x0000000081e0a000,0x0000000087380000)
 Metaspace       used 3771K, capacity 4640K, committed 4864K, reserved 1056768K
  class space    used 412K, capacity 464K, committed 512K, reserved 1048576K
}
Event: 1.571 GC heap before
{Heap before GC invocations=6 (full 0):
 PSYoungGen      total 71680K, used 68180K [0x00000000d5f80000, 0x00000000de580000, 0x0000000100000000)
  eden space 66560K, 100% used [0x00000000d5f80000,0x00000000da080000,0x00000000da080000)
  from space 5120K, 31% used [0x00000000da080000,0x00000000da215358,0x00000000da580000)
  to   space 2048K, 0% used [0x00000000de380000,0x00000000de380000,0x00000000de580000)
 ParOldGen       total 87552K, used 40K [0x0000000081e00000, 0x0000000087380000, 0x00000000d5f80000)
  object space 87552K, 0% used [0x0000000081e00000,0x0000000081e0a000,0x0000000087380000)
 Metaspace       used 9298K, capacity 9497K, committed 9728K, reserved 1058816K
  class space    used 839K, capacity 942K, committed 1024K, reserved 1048576K
Event: 1.579 GC heap after
Heap after GC invocations=6 (full 0):
 PSYoungGen      total 133632K, used 2035K [0x00000000d5f80000, 0x00000000de880000, 0x0000000100000000)
  eden space 131584K, 0% used [0x00000000d5f80000,0x00000000d5f80000,0x00000000de000000)
  from space 2048K, 99% used [0x00000000de380000,0x00000000de57cf68,0x00000000de580000)
  to   space 3584K, 0% used [0x00000000de000000,0x00000000de000000,0x00000000de380000)
 ParOldGen       total 87552K, used 2495K [0x0000000081e00000, 0x0000000087380000, 0x00000000d5f80000)
  object space 87552K, 2% used [0x0000000081e00000,0x000000008206fe18,0x0000000087380000)
 Metaspace       used 9298K, capacity 9497K, committed 9728K, reserved 1058816K
  class space    used 839K, capacity 942K, committed 1024K, reserved 1048576K
}

Deoptimization events (10 events):
Event: 2.034 Thread 0x000000000309b800 Uncommon trap: reason=class_check action=maybe_recompile pc=0x00000000037a25b0 method=org.lwjgl.system.StructBuffer.get(I)Lorg/lwjgl/system/Struct; @ 1
Event: 2.034 Thread 0x000000000309b800 Uncommon trap: reason=class_check action=maybe_recompile pc=0x00000000037a25b0 method=org.lwjgl.system.StructBuffer.get(I)Lorg/lwjgl/system/Struct; @ 1
Event: 2.038 Thread 0x000000000309b800 Uncommon trap: reason=bimorphic action=maybe_recompile pc=0x00000000037a3990 method=org.lwjgl.system.StructBuffer.get(I)Lorg/lwjgl/system/Struct; @ 1
Event: 2.038 Thread 0x000000000309b800 Uncommon trap: reason=bimorphic action=maybe_recompile pc=0x00000000037a3990 method=org.lwjgl.system.StructBuffer.get(I)Lorg/lwjgl/system/Struct; @ 1
Event: 2.038 Thread 0x000000000309b800 Uncommon trap: reason=bimorphic action=maybe_recompile pc=0x00000000037a3990 method=org.lwjgl.system.StructBuffer.get(I)Lorg/lwjgl/system/Struct; @ 1
Event: 2.038 Thread 0x000000000309b800 Uncommon trap: reason=bimorphic action=maybe_recompile pc=0x00000000037a3990 method=org.lwjgl.system.StructBuffer.get(I)Lorg/lwjgl/system/Struct; @ 1
Event: 2.042 Thread 0x000000000309b800 Uncommon trap: reason=speculate_class_check action=maybe_recompile pc=0x00000000037ef368 method=org.lwjgl.system.Struct.wrap(JILjava/nio/ByteBuffer;)Lorg/lwjgl/system/Struct; @ 44
Event: 2.042 Thread 0x000000000309b800 Uncommon trap: reason=speculate_class_check action=maybe_recompile pc=0x00000000037ef368 method=org.lwjgl.system.Struct.wrap(JILjava/nio/ByteBuffer;)Lorg/lwjgl/system/Struct; @ 44
Event: 2.055 Thread 0x000000000309b800 Uncommon trap: reason=unstable_if action=reinterpret pc=0x00000000037f6b9c method=Graphics.Animation.loaders.AnimModelLoader.loadAnimModelInVao(Ljava/lang/String;LGraphics/RenderEngine/Loader;)LGraphics/Models/BaseModel; @ 490
Event: 2.076 Thread 0x000000000309b800 Uncommon trap: reason=null_assert action=make_not_entrant pc=0x000000000381cfe0 method=Graphics.Animation.loaders.AnimModelLoader.loadAnimModelInVao(Ljava/lang/String;LGraphics/RenderEngine/Loader;)LGraphics/Models/BaseModel; @ 613

Internal exceptions (10 events):
Event: 1.115 Thread 0x000000000309b800 Exception <a 'java/security/PrivilegedActionException'> (0x00000000d976b4a8) thrown at [C:\re\workspace\8-2-build-windows-amd64-cygwin\jdk8u131\8869\hotspot\src\share\vm\prims\jvm.cpp, line 1390]
Event: 1.115 Thread 0x000000000309b800 Exception <a 'java/security/PrivilegedActionException'> (0x00000000d976b6b8) thrown at [C:\re\workspace\8-2-build-windows-amd64-cygwin\jdk8u131\8869\hotspot\src\share\vm\prims\jvm.cpp, line 1390]
Event: 1.115 Thread 0x000000000309b800 Exception <a 'java/security/PrivilegedActionException'> (0x00000000d976d830) thrown at [C:\re\workspace\8-2-build-windows-amd64-cygwin\jdk8u131\8869\hotspot\src\share\vm\prims\jvm.cpp, line 1390]
Event: 1.115 Thread 0x000000000309b800 Exception <a 'java/security/PrivilegedActionException'> (0x00000000d976da40) thrown at [C:\re\workspace\8-2-build-windows-amd64-cygwin\jdk8u131\8869\hotspot\src\share\vm\prims\jvm.cpp, line 1390]
Event: 1.116 Thread 0x000000000309b800 Exception <a 'java/security/PrivilegedActionException'> (0x00000000d976fa58) thrown at [C:\re\workspace\8-2-build-windows-amd64-cygwin\jdk8u131\8869\hotspot\src\share\vm\prims\jvm.cpp, line 1390]
Event: 1.116 Thread 0x000000000309b800 Exception <a 'java/security/PrivilegedActionException'> (0x00000000d976fc68) thrown at [C:\re\workspace\8-2-build-windows-amd64-cygwin\jdk8u131\8869\hotspot\src\share\vm\prims\jvm.cpp, line 1390]
Event: 1.116 Thread 0x000000000309b800 Exception <a 'java/security/PrivilegedActionException'> (0x00000000d9771bd0) thrown at [C:\re\workspace\8-2-build-windows-amd64-cygwin\jdk8u131\8869\hotspot\src\share\vm\prims\jvm.cpp, line 1390]
Event: 1.116 Thread 0x000000000309b800 Exception <a 'java/security/PrivilegedActionException'> (0x00000000d9771de0) thrown at [C:\re\workspace\8-2-build-windows-amd64-cygwin\jdk8u131\8869\hotspot\src\share\vm\prims\jvm.cpp, line 1390]
Event: 1.335 Thread 0x000000000309b800 Exception <a 'sun/nio/fs/WindowsException'> (0x00000000d9976d50) thrown at [C:\re\workspace\8-2-build-windows-amd64-cygwin\jdk8u131\8869\hotspot\src\share\vm\prims\jni.cpp, line 709]
Event: 1.335 Thread 0x000000000309b800 Exception <a 'sun/nio/fs/WindowsException'> (0x00000000d9978788) thrown at [C:\re\workspace\8-2-build-windows-amd64-cygwin\jdk8u131\8869\hotspot\src\share\vm\prims\jni.cpp, line 709]

Events (10 events):
Event: 2.082 loading class org/lwjgl/assimp/AIQuatKey
Event: 2.082 loading class org/lwjgl/assimp/AIQuatKey done
Event: 2.083 loading class org/lwjgl/assimp/AIQuaternion
Event: 2.083 loading class org/lwjgl/assimp/AIQuaternion done
Event: 2.083 loading class org/lwjgl/assimp/AIQuatKey$Buffer
Event: 2.083 loading class org/lwjgl/assimp/AIQuatKey$Buffer done
Event: 2.084 loading class Graphics/Animation/JointTransform
Event: 2.084 loading class Graphics/Animation/JointTransform done
Event: 2.085 loading class Graphics/Animation/Animation
Event: 2.085 loading class Graphics/Animation/Animation done


Dynamic libraries:
0x00007ff6af3b0000 - 0x00007ff6af3e7000 	C:\Program Files\Java\jdk1.8.0_131\bin\java.exe
0x00007ffe9daf0000 - 0x00007ffe9dcd1000 	C:\WINDOWS\SYSTEM32\ntdll.dll
0x00007ffe9b860000 - 0x00007ffe9b911000 	C:\WINDOWS\System32\KERNEL32.DLL
0x00007ffe9a720000 - 0x00007ffe9a993000 	C:\WINDOWS\System32\KERNELBASE.dll
0x00007ffe9c570000 - 0x00007ffe9c611000 	C:\WINDOWS\System32\ADVAPI32.dll
0x00007ffe9ba30000 - 0x00007ffe9bace000 	C:\WINDOWS\System32\msvcrt.dll
0x00007ffe9b9d0000 - 0x00007ffe9ba2b000 	C:\WINDOWS\System32\sechost.dll
0x00007ffe9be30000 - 0x00007ffe9bf54000 	C:\WINDOWS\System32\RPCRT4.dll
0x00007ffe9bff0000 - 0x00007ffe9c180000 	C:\WINDOWS\System32\USER32.dll
0x00007ffe9aca0000 - 0x00007ffe9acc0000 	C:\WINDOWS\System32\win32u.dll
0x00007ffe9b050000 - 0x00007ffe9b078000 	C:\WINDOWS\System32\GDI32.dll
0x00007ffe9ab00000 - 0x00007ffe9ac92000 	C:\WINDOWS\System32\gdi32full.dll
0x00007ffe9a5d0000 - 0x00007ffe9a66f000 	C:\WINDOWS\System32\msvcp_win.dll
0x00007ffe9a9a0000 - 0x00007ffe9aa98000 	C:\WINDOWS\System32\ucrtbase.dll
0x00007ffe8d1d0000 - 0x00007ffe8d439000 	C:\WINDOWS\WinSxS\amd64_microsoft.windows.common-controls_6595b64144ccf1df_6.0.17134.765_none_fb42a1a930655896\COMCTL32.dll
0x00007ffe9b4d0000 - 0x00007ffe9b7f2000 	C:\WINDOWS\System32\combase.dll
0x00007ffe9acc0000 - 0x00007ffe9ad3a000 	C:\WINDOWS\System32\bcryptPrimitives.dll
0x00007ffe9bf60000 - 0x00007ffe9bf8d000 	C:\WINDOWS\System32\IMM32.DLL
0x0000000057ec0000 - 0x0000000057f92000 	C:\Program Files\Java\jdk1.8.0_131\jre\bin\msvcr100.dll
0x0000000057620000 - 0x0000000057ebc000 	C:\Program Files\Java\jdk1.8.0_131\jre\bin\server\jvm.dll
0x00007ffe9be20000 - 0x00007ffe9be28000 	C:\WINDOWS\System32\PSAPI.DLL
0x00007ffe94be0000 - 0x00007ffe94bea000 	C:\WINDOWS\SYSTEM32\VERSION.dll
0x00007ffe97790000 - 0x00007ffe977b3000 	C:\WINDOWS\SYSTEM32\WINMM.dll
0x00007ffe87590000 - 0x00007ffe87599000 	C:\WINDOWS\SYSTEM32\WSOCK32.dll
0x00007ffe9c180000 - 0x00007ffe9c1ec000 	C:\WINDOWS\System32\WS2_32.dll
0x00007ffe97760000 - 0x00007ffe9778a000 	C:\WINDOWS\SYSTEM32\winmmbase.dll
0x00007ffe9ad40000 - 0x00007ffe9ad89000 	C:\WINDOWS\System32\cfgmgr32.dll
0x0000000058ee0000 - 0x0000000058eef000 	C:\Program Files\Java\jdk1.8.0_131\jre\bin\verify.dll
0x00000000575f0000 - 0x0000000057619000 	C:\Program Files\Java\jdk1.8.0_131\jre\bin\java.dll
0x0000000057540000 - 0x0000000057563000 	C:\Program Files\Java\jdk1.8.0_131\jre\bin\instrument.dll
0x00000000575d0000 - 0x00000000575e6000 	C:\Program Files\Java\jdk1.8.0_131\jre\bin\zip.dll
0x00007ffe9c680000 - 0x00007ffe9dac0000 	C:\WINDOWS\System32\SHELL32.dll
0x00007ffe9b920000 - 0x00007ffe9b9c9000 	C:\WINDOWS\System32\shcore.dll
0x00007ffe99ec0000 - 0x00007ffe9a5cd000 	C:\WINDOWS\System32\windows.storage.dll
0x00007ffe9c620000 - 0x00007ffe9c671000 	C:\WINDOWS\System32\shlwapi.dll
0x00007ffe99e20000 - 0x00007ffe99e31000 	C:\WINDOWS\System32\kernel.appcore.dll
0x00007ffe99e40000 - 0x00007ffe99e5f000 	C:\WINDOWS\System32\profapi.dll
0x00007ffe99e70000 - 0x00007ffe99ebc000 	C:\WINDOWS\System32\powrprof.dll
0x00007ffe99e60000 - 0x00007ffe99e6a000 	C:\WINDOWS\System32\FLTLIB.DLL
0x00007ffe7db30000 - 0x00007ffe7db4a000 	C:\Program Files\JetBrains\IntelliJ IDEA Community Edition 2019.1.2\bin\breakgen64.dll
0x00000000575b0000 - 0x00000000575ca000 	C:\Program Files\Java\jdk1.8.0_131\jre\bin\net.dll
0x00007ffe99680000 - 0x00007ffe996e6000 	C:\WINDOWS\system32\mswsock.dll
0x0000000057590000 - 0x00000000575a1000 	C:\Program Files\Java\jdk1.8.0_131\jre\bin\nio.dll
0x00007ffe5d760000 - 0x00007ffe5d7c3000 	C:\Users\20174019\AppData\Local\Temp\lwjgl20174019\3.2.1-build-12\lwjgl.dll
0x00007ffe7dad0000 - 0x00007ffe7db2e000 	C:\Users\20174019\AppData\Local\Temp\lwjgl20174019\3.2.1-build-12\glfw.dll
0x00007ffe97fc0000 - 0x00007ffe98058000 	C:\WINDOWS\system32\uxtheme.dll
0x00007ffe74040000 - 0x00007ffe74083000 	C:\WINDOWS\SYSTEM32\dinput8.dll
0x00007ffe978b0000 - 0x00007ffe978c0000 	C:\WINDOWS\SYSTEM32\xinput1_4.dll
0x00007ffe99c10000 - 0x00007ffe99c37000 	C:\WINDOWS\SYSTEM32\DEVOBJ.dll
0x00007ffe98210000 - 0x00007ffe98239000 	C:\WINDOWS\SYSTEM32\dwmapi.dll
0x00007ffe941f0000 - 0x00007ffe94269000 	C:\WINDOWS\SYSTEM32\inputhost.dll
0x00007ffe96cd0000 - 0x00007ffe96daa000 	C:\WINDOWS\SYSTEM32\CoreMessaging.dll
0x00007ffe95470000 - 0x00007ffe955bd000 	C:\WINDOWS\SYSTEM32\wintypes.dll
0x00007ffe939d0000 - 0x00007ffe93cee000 	C:\WINDOWS\SYSTEM32\CoreUIComponents.dll
0x00007ffe98e30000 - 0x00007ffe98e61000 	C:\WINDOWS\SYSTEM32\ntmarta.dll
0x00007ffe9bae0000 - 0x00007ffe9bc53000 	C:\WINDOWS\System32\MSCTF.dll
0x00007ffe9bd50000 - 0x00007ffe9be12000 	C:\WINDOWS\System32\OLEAUT32.dll
0x00007ffe987a0000 - 0x00007ffe987ac000 	C:\WINDOWS\SYSTEM32\HID.DLL
0x00007ffe9b080000 - 0x00007ffe9b4cb000 	C:\WINDOWS\System32\SETUPAPI.DLL
0x00007ffe9aaa0000 - 0x00007ffe9aaf7000 	C:\WINDOWS\System32\WINTRUST.dll
0x00007ffe99e00000 - 0x00007ffe99e12000 	C:\WINDOWS\System32\MSASN1.dll
0x00007ffe9ad90000 - 0x00007ffe9af72000 	C:\WINDOWS\System32\CRYPT32.dll
0x00007ffe7b800000 - 0x00007ffe7b920000 	C:\WINDOWS\SYSTEM32\opengl32.dll
0x00007ffe7d350000 - 0x00007ffe7d37c000 	C:\WINDOWS\SYSTEM32\GLU32.dll
0x00007ffe3d900000 - 0x00007ffe3e7ab000 	C:\WINDOWS\System32\DriverStore\FileRepository\ki130871.inf_amd64_382f7c369d4bf777\ig9icd64.dll
0x00007ffe98c80000 - 0x00007ffe98d3b000 	C:\WINDOWS\system32\dxgi.dll
0x00007ffe5b980000 - 0x00007ffe5ba63000 	C:\WINDOWS\System32\DriverStore\FileRepository\ki130871.inf_amd64_382f7c369d4bf777\igdgmm64.dll
0x00007ffe8f4a0000 - 0x00007ffe9141c000 	C:\WINDOWS\System32\DriverStore\FileRepository\ki130871.inf_amd64_382f7c369d4bf777\igc64.dll
0x00007ffe94270000 - 0x00007ffe94306000 	C:\WINDOWS\System32\TextInputFramework.dll
0x00007ffe562c0000 - 0x00007ffe56318000 	C:\Users\20174019\AppData\Local\Temp\lwjgl20174019\3.2.1-build-12\lwjgl_opengl.dll
0x00007ffe56240000 - 0x00007ffe562b9000 	C:\Users\20174019\AppData\Local\Temp\lwjgl20174019\3.2.1-build-12\lwjgl_stb.dll
0x00007ffe3d230000 - 0x00007ffe3d8f3000 	C:\Users\20174019\AppData\Local\Temp\lwjgl20174019\3.2.1-build-12\assimp.dll
0x00007ffe98850000 - 0x00007ffe98a19000 	C:\WINDOWS\SYSTEM32\dbghelp.dll

VM Arguments:
jvm_args: -javaagent:C:\Program Files\JetBrains\IntelliJ IDEA Community Edition 2019.1.2\lib\idea_rt.jar=57157:C:\Program Files\JetBrains\IntelliJ IDEA Community Edition 2019.1.2\bin -Dfile.encoding=UTF-8 
java_command: Main
java_class_path (initial): C:\Program Files\Java\jdk1.8.0_131\jre\lib\charsets.jar;C:\Program Files\Java\jdk1.8.0_131\jre\lib\deploy.jar;C:\Program Files\Java\jdk1.8.0_131\jre\lib\ext\access-bridge-64.jar;C:\Program Files\Java\jdk1.8.0_131\jre\lib\ext\cldrdata.jar;C:\Program Files\Java\jdk1.8.0_131\jre\lib\ext\dnsns.jar;C:\Program Files\Java\jdk1.8.0_131\jre\lib\ext\jaccess.jar;C:\Program Files\Java\jdk1.8.0_131\jre\lib\ext\jfxrt.jar;C:\Program Files\Java\jdk1.8.0_131\jre\lib\ext\localedata.jar;C:\Program Files\Java\jdk1.8.0_131\jre\lib\ext\nashorn.jar;C:\Program Files\Java\jdk1.8.0_131\jre\lib\ext\sunec.jar;C:\Program Files\Java\jdk1.8.0_131\jre\lib\ext\sunjce_provider.jar;C:\Program Files\Java\jdk1.8.0_131\jre\lib\ext\sunmscapi.jar;C:\Program Files\Java\jdk1.8.0_131\jre\lib\ext\sunpkcs11.jar;C:\Program Files\Java\jdk1.8.0_131\jre\lib\ext\zipfs.jar;C:\Program Files\Java\jdk1.8.0_131\jre\lib\javaws.jar;C:\Program Files\Java\jdk1.8.0_131\jre\lib\jce.jar;C:\Program Files\Java\jdk1.8.0_131\jre\lib\jfr.jar;C:\Program Files\Java\jdk1.8.0_131\jre\lib\jfxswt.jar;C:\Program Files\Java\jdk1.8.0_131\jre\lib\jsse.jar;C:\Program Files\Java\jdk1.8.0_131\jre\lib\management-agent.jar;C:\Program Files\Java\jdk1.8.0_131\jre\lib\plugin.jar;C:\Program Files\Java\jdk1.8.0_131\jre\lib\resources.jar;C:\Program Files\Java\jdk1.8.0_131\jre\lib\rt.jar;C:\Users\20174019\OneDrive - TU Eindhoven\College\Q4_IOE0_DBL_Interactive Intelligent Systems\Repo\Genomen4\out\production\classes;C:\Users\20174019\.gradle\caches\modules-2\files-2.1\org.joml\joml\1.9.14\ba53d31c0fb0e76ab066cba198fd8d040e1b5e9b\joml-1.9.14.jar;C:\Users\20174019\.gradle\caches\modules-2\files-2.1\org.deeplearning4j\deeplearning4j-core\1.0.0-beta4\e04edc115bfd00c6b8ed09eca7ee1ddeb32fa852\deeplearning4j-core-1.0.0-beta4.jar;C:\Users\20174019\.gradle\caches\modules-2\files-2.1\org.nd4j\nd4j-native-platform\1.0.0-beta4\c0c4faf961fe6340d7be485910f66a5abd33ed57\nd4j-native-platform-1.0.0-beta4.jar;C:\Users\20174019\.gradle\caches\
Launcher Type: SUN_STANDARD

Environment Variables:
PATH=C:\Program Files (x86)\NVIDIA Corporation\PhysX\Common;C:\Program Files (x86)\Common Files\Oracle\Java\javapath;C:\ProgramData\Oracle\Java\javapath;C:\Windows\System32;C:\Windows;C:\Windows\System32\wbem;C:\Windows\System32\WindowsPowerShell\v1.0\;C:\Program Files\OpenVPN\bin;C:\Program Files\MiKTeX 2.9\miktex\bin\x64\;C:\Program Files (x86)\GnuPG\bin;C:\Program Files\Calibre2\;C:\Program Files\Git\cmd;C:\WINDOWS\system32;C:\WINDOWS;C:\WINDOWS\System32\Wbem;C:\WINDOWS\System32\WindowsPowerShell\v1.0\;C:\WINDOWS\System32\OpenSSH\;C:\Program Files\PuTTY\;C:\Users\20174019\AppData\Local\Microsoft\WindowsApps;;C:\Program Files\Mercurial;C:\Program Files\JetBrains\IntelliJ IDEA Community Edition 2019.1.2\bin;
USERNAME=20174019
OS=Windows_NT
PROCESSOR_IDENTIFIER=Intel64 Family 6 Model 158 Stepping 9, GenuineIntel



---------------  S Y S T E M  ---------------

OS: Windows 10.0 , 64 bit Build 17134 (10.0.17134.753)

CPU:total 8 (initial active 8) (4 cores per cpu, 2 threads per core) family 6 model 158 stepping 9, cmov, cx8, fxsr, mmx, sse, sse2, sse3, ssse3, sse4.1, sse4.2, popcnt, avx, avx2, aes, clmul, erms, 3dnowpref, lzcnt, ht, tsc, tscinvbit, bmi1, bmi2, adx

Memory: 4k page, physical 8264924k(2001288k free), swap 17177820k(5661368k free)

vm_info: Java HotSpot(TM) 64-Bit Server VM (25.131-b11) for windows-amd64 JRE (1.8.0_131-b11), built on Mar 15 2017 01:23:53 by "java_re" with MS VC++ 10.0 (VS2010)

time: Mon Jun 10 00:41:20 2019
elapsed time: 2 seconds (0d 0h 0m 2s)

