#
# A fatal error has been detected by the Java Runtime Environment:
#
#  SIGBUS (0xa) at pc=0x0000000124a7c018, pid=2061, tid=0x0000000000000307
#
# JRE version: Java(TM) SE Runtime Environment (8.0_212-b10) (build 1.8.0_212-b10)
# Java VM: Java HotSpot(TM) 64-Bit Server VM (25.212-b10 mixed mode bsd-amd64 compressed oops)
# Problematic frame:
# C  0x0000000124a7c018
#
# Failed to write core dump. Core dumps have been disabled. To enable core dumping, try "ulimit -c unlimited" before starting Java again
#
# If you would like to submit a bug report, please visit:
#   http://bugreport.java.com/bugreport/crash.jsp
# The crash happened outside the Java Virtual Machine in native code.
# See problematic frame for where to report the bug.
#

---------------  T H R E A D  ---------------

Current thread (0x00007ffbf7002000):  JavaThread "main" [_thread_in_native, id=775, stack(0x00007ffeee854000,0x00007ffeef054000)]

siginfo: si_signo: 10 (SIGBUS), si_code: 2 (BUS_ADRERR), si_addr: 0x0000000124a7c018

Registers:
RAX=0x000000077267a390, RBX=0x00007fff3a0d1f15, RCX=0x0000000000000000, RDX=0x0000000000000001
RSP=0x00007ffeef049dd8, RBP=0x00007ffeef049e20, RSI=0x0000000000000000, RDI=0x0000000000000009
R8 =0x000000077267a390, R9 =0x0000000124a7c018, R10=0x000000010a0fd0d4, R11=0x000000010a0fcff8
R12=0x0000000000000000, R13=0x00007ffeef049e40, R14=0x00007ffeef049ef0, R15=0x00007ffbf7002000
RIP=0x0000000124a7c018, EFLAGS=0x0000000000010246, ERR=0x0000000000000015
  TRAPNO=0x000000000000000e

Top of Stack: (sp=0x00007ffeef049dd8)
0x00007ffeef049dd8:   000000010a0fd149 000000077267a390
0x00007ffeef049de8:   0000000109cad040 0000000124a70828
0x00007ffeef049df8:   000000010a0fe6e0 00000001062da2b0
0x00007ffeef049e08:   0000000000000206 00007ffeef049eb8
0x00007ffeef049e18:   000000010a0fca14 00007ffeef049eb8
0x00007ffeef049e28:   0000000109cad2bd 00007ffeef04a278
0x00007ffeef049e38:   0000000109cad2bd 000000077267a380
0x00007ffeef049e48:   0000000000000000 0000000000000001
0x00007ffeef049e58:   0000000000000000 0000000000000009
0x00007ffeef049e68:   00007fff3a0d1f15 0000000000000001
0x00007ffeef049e78:   00007ffeef049e78 00000001249f911e
0x00007ffeef049e88:   00007ffeef049ef0 0000000124a70828
0x00007ffeef049e98:   0000000124a7a988 00000001249f9178
0x00007ffeef049ea8:   00007ffeef049e40 00007ffeef049f00
0x00007ffeef049eb8:   00007ffeef04a278 000000010a0f5404
0x00007ffeef049ec8:   00007fff3a0d1f15 0000000000000000
0x00007ffeef049ed8:   000000077267a380 0000000700000000
0x00007ffeef049ee8:   0000000000000000 00007ffe00000009
0x00007ffeef049ef8:   000000010a0f5404 00007ffbf6ccd400
0x00007ffeef049f08:   0000000000000000 00007ffeef049f40
0x00007ffeef049f18:   00007fff3ad91a39 0000000000000000
0x00007ffeef049f28:   00007ffbf5e88f70 0000000106209000
0x00007ffeef049f38:   0000000000000000 00007ffeef049f70
0x00007ffeef049f48:   00007fff3ace61d2 0000000106209000
0x00007ffeef049f58:   000000076e41dc30 00007ffeef049fb0
0x00007ffeef049f68:   00007ffbf7002000 00007ffeef049fc0
0x00007ffeef049f78:   000000010a0d25b1 00000007722e0b88
0x00007ffeef049f88:   000001d9000001da 000000077267a360
0x00007ffeef049f98:   0000000772377fc8 000000076e41dc80
0x00007ffeef049fa8:   0000000000000009 000000077267a380
0x00007ffeef049fb8:   00007fff2f23c67f 00007ffeef04a278
0x00007ffeef049fc8:   000000010a0ef614 00007fff2f2197a8 

Instructions: (pc=0x0000000124a7c018)
0x0000000124a7bff8:   00 00 00 00 00 00 00 00 09 00 00 00 00 00 00 00
0x0000000124a7c008:   01 00 00 00 00 00 00 00 00 00 00 00 00 00 00 00
0x0000000124a7c018:   90 e6 cd 01 01 00 00 00 68 98 44 04 01 00 00 00
0x0000000124a7c028:   80 01 00 00 00 00 00 00 00 00 00 00 00 00 00 00 

Register to memory mapping:

RAX=0x000000077267a390 is an oop
