#
# A fatal error has been detected by the Java Runtime Environment:
#
#  EXCEPTION_ACCESS_VIOLATION (0xc0000005) at pc=0x000000000332f064, pid=15072, tid=0x00000000000033b0
#
# JRE version: Java(TM) SE Runtime Environment (8.0_131-b11) (build 1.8.0_131-b11)
# Java VM: Java HotSpot(TM) 64-Bit Server VM (25.131-b11 mixed mode windows-amd64 compressed oops)
# Problematic frame:
# J 1127% C1 Graphics.Animation.loaders.AnimModelLoader.loadAnimModelInVao(Ljava/lang/String;LGraphics/RenderEngine/Loader;)LGraphics/Models/BaseModel; (1255 bytes) @ 0x000000000332f064 [0x0000000003320a80+0xe5e4]
#
# Failed to write core dump. Minidumps are not enabled by default on client versions of Windows
#
# If you would like to submit a bug report, please visit:
#   http://bugreport.java.com/bugreport/crash.jsp
#

---------------  T H R E A D  ---------------

Current thread (0x0000000002c5b800):  JavaThread "main" [_thread_in_Java, id=13232, stack(0x0000000002b50000,0x0000000002c50000)]

siginfo: ExceptionCode=0xc0000005, reading address 0x0000000029dba758

Registers:
RAX=0x00000000db4504f8, RBX=0x00000000dfc820e8, RCX=0x0000000000c70000, RDX=0x00000000dfd79b10
RSP=0x0000000002c4eab0, RBP=0x0000000002c4f0a0, RSI=0x00000000268cb330, RDI=0x00000000000000d8
R8 =0x0000000029dba758, R9 =0x0000000000000000, R10=0x00000001000f8880, R11=0x0000000002c4eab0
R12=0x0000000000000000, R13=0x00000000dac64ec8, R14=0x0000000002c4eaa0, R15=0x0000000002c5b800
RIP=0x000000000332f064, EFLAGS=0x0000000000010202

Top of Stack: (sp=0x0000000002c4eab0)
0x0000000002c4eab0:   0000000000000258 000000002a3b2670
0x0000000002c4eac0:   0000000000000005 0000000057817246
0x0000000002c4ead0:   0000000000000003 0000000057816c9d
0x0000000002c4eae0:   000000002a3b2670 0000000002c73b70
0x0000000002c4eaf0:   000000003e35eb59 0000000000000000
0x0000000002c4eb00:   0000000002c4ed20 000000005781778a
0x0000000002c4eb10:   0000000000000000 000000002a3f0c28
0x0000000002c4eb20:   0000000002c73b70 0000000000000003
0x0000000002c4eb30:   000000002a3f9101 0000000002c5b800
0x0000000002c4eb40:   0000000000000001 00000000576e1243
0x0000000002c4eb50:   00000000578170a0 0000000000000000
0x0000000002c4eb60:   0000000000000004 000000002a3b2670
0x0000000002c4eb70:   0000000000000003 0000000057817987
0x0000000002c4eb80:   0000000002c73b70 0000000002c4ebb0
0x0000000002c4eb90:   000000002a3f9198 00000000576c25d1
0x0000000002c4eba0:   000000002a3f9100 0000000002c5b800 

Instructions: (pc=0x000000000332f064)
0x000000000332f044:   83 ff 00 0f 84 fb 2d 00 00 49 b9 d8 00 00 00 00
0x000000000332f054:   00 00 00 4d 03 c1 49 b9 00 00 00 00 00 00 00 00
0x000000000332f064:   47 8b 1c 01 49 3b 45 00 4d 8b c5 49 b9 28 0c 3f
0x000000000332f074:   2a 00 00 00 00 49 ba 78 73 0f 00 01 00 00 00 4d 


Register to memory mapping:

RAX=0x00000000db4504f8 is an oop
[F 
 - klass: {type array float}
 - length: 546312
RBX=0x00000000dfc820e8 is an oop
Graphics.Animation.Bone 
 - klass: 'Graphics/Animation/Bone'
RCX=0x0000000000c70000 is an unknown value
RDX=0x00000000dfd79b10 is an oop
Graphics.Animation.Animation 
 - klass: 'Graphics/Animation/Animation'
RSP=0x0000000002c4eab0 is pointing into the stack for thread: 0x0000000002c5b800
RBP=0x0000000002c4f0a0 is pointing into the stack for thread: 0x0000000002c5b800
RSI=0x00000000268cb330 is an unknown value
RDI=0x00000000000000d8 is an unknown value
R8 =0x0000000029dba758 is an unknown value
R9 =0x0000000000000000 is an unknown value
R10=0x00000001000f8880 is pointing into metadata
R11=0x0000000002c4eab0 is pointing into the stack for thread: 0x0000000002c5b800
R12=0x0000000000000000 is an unknown value
R13=0x00000000dac64ec8 is an oop
Graphics.RenderEngine.Loader 
 - klass: 'Graphics/RenderEngine/Loader'
R14=0x0000000002c4eaa0 is pointing into the stack for thread: 0x0000000002c5b800
R15=0x0000000002c5b800 is a thread


Stack: [0x0000000002b50000,0x0000000002c50000],  sp=0x0000000002c4eab0,  free space=1018k
Native frames: (J=compiled Java code, j=interpreted, Vv=VM code, C=native code)
C  0x000000000332f064


---------------  P R O C E S S  ---------------

Java Threads: ( => current thread )
  0x000000001a97c800 JavaThread "Service Thread" daemon [_thread_blocked, id=8480, stack(0x000000001b1c0000,0x000000001b2c0000)]
  0x000000001a8cb000 JavaThread "C1 CompilerThread3" daemon [_thread_blocked, id=7192, stack(0x000000001b0c0000,0x000000001b1c0000)]
  0x000000001a80c000 JavaThread "C2 CompilerThread2" daemon [_thread_blocked, id=12708, stack(0x000000001afc0000,0x000000001b0c0000)]
  0x000000001a8c8800 JavaThread "C2 CompilerThread1" daemon [_thread_blocked, id=2924, stack(0x000000001aec0000,0x000000001afc0000)]
  0x000000001a80b800 JavaThread "C2 CompilerThread0" daemon [_thread_blocked, id=10180, stack(0x000000001adc0000,0x000000001aec0000)]
  0x000000001a806800 JavaThread "Monitor Ctrl-Break" daemon [_thread_in_native, id=7828, stack(0x000000001acc0000,0x000000001adc0000)]
  0x0000000019d04800 JavaThread "Attach Listener" daemon [_thread_blocked, id=1564, stack(0x000000001a3c0000,0x000000001a4c0000)]
  0x0000000019d03000 JavaThread "Signal Dispatcher" daemon [_thread_blocked, id=9372, stack(0x000000001a2c0000,0x000000001a3c0000)]
  0x0000000019cf0800 JavaThread "Finalizer" daemon [_thread_blocked, id=9928, stack(0x000000001a0d0000,0x000000001a1d0000)]
  0x0000000017df3000 JavaThread "Reference Handler" daemon [_thread_blocked, id=13916, stack(0x0000000019bd0000,0x0000000019cd0000)]
=>0x0000000002c5b800 JavaThread "main" [_thread_in_Java, id=13232, stack(0x0000000002b50000,0x0000000002c50000)]

Other Threads:
  0x0000000017dea000 VMThread [stack: 0x0000000019ad0000,0x0000000019bd0000] [id=4584]
  0x000000001ab00800 WatcherThread [stack: 0x000000001b2c0000,0x000000001b3c0000] [id=3504]

VM state:not at safepoint (normal execution)

VM Mutex/Monitor currently owned by a thread: None

Heap:
 PSYoungGen      total 268288K, used 163624K [0x00000000d5f80000, 0x00000000f0400000, 0x0000000100000000)
  eden space 265728K, 61% used [0x00000000d5f80000,0x00000000dfeaa370,0x00000000e6300000)
  from space 2560K, 25% used [0x00000000e6300000,0x00000000e63a0000,0x00000000e6580000)
  to   space 2560K, 0% used [0x00000000f0180000,0x00000000f0180000,0x00000000f0400000)
 ParOldGen       total 87552K, used 1352K [0x0000000081e00000, 0x0000000087380000, 0x00000000d5f80000)
  object space 87552K, 1% used [0x0000000081e00000,0x0000000081f523d8,0x0000000087380000)
 Metaspace       used 11848K, capacity 12089K, committed 12416K, reserved 1060864K
  class space    used 950K, capacity 1042K, committed 1152K, reserved 1048576K

Card table byte_map: [0x0000000012240000,0x0000000012640000] byte_map_base: 0x0000000011e31000

Marking Bits: (ParMarkBitMap*) 0x0000000057e3c720
 Begin Bits: [0x00000000130f0000, 0x0000000015078000)
 End Bits:   [0x0000000015078000, 0x0000000017000000)

Polling page: 0x0000000000c60000

CodeCache: size=245760Kb used=4888Kb max_used=4891Kb free=240871Kb
 bounds [0x0000000002e80000, 0x0000000003350000, 0x0000000011e80000]
 total_blobs=2100 nmethods=1139 adapters=874
 compilation: enabled

Compilation events (10 events):
Event: 3.153 Thread 0x000000001a8cb000 1134       3       org.lwjgl.system.StructBuffer$StructIterator::hasNext (17 bytes)
Event: 3.153 Thread 0x000000001a8cb000 nmethod 1134 0x0000000003317710 code [0x0000000003317860, 0x0000000003317a10]
Event: 3.153 Thread 0x000000001a8cb000 1135       3       org.lwjgl.system.StructBuffer$StructIterator::next (5 bytes)
Event: 3.153 Thread 0x000000001a8cb000 nmethod 1135 0x0000000003316e10 code [0x0000000003316f80, 0x0000000003317228]
Event: 3.153 Thread 0x000000001a8cb000 1136       3       org.lwjgl.system.StructBuffer$StructIterator::next (27 bytes)
Event: 3.153 Thread 0x000000001a8cb000 nmethod 1136 0x0000000003316990 code [0x0000000003316b00, 0x0000000003316d28]
Event: 3.153 Thread 0x000000001a8cb000 1138       3       org.lwjgl.assimp.AIVectorKey::sizeof (4 bytes)
Event: 3.153 Thread 0x000000001a8cb000 nmethod 1138 0x0000000003316590 code [0x00000000033166e0, 0x0000000003316830]
Event: 3.153 Thread 0x000000001a8cb000 1139       3       org.lwjgl.assimp.AIVectorKey::mTime (8 bytes)
Event: 3.154 Thread 0x000000001a8cb000 nmethod 1139 0x00000000033492d0 code [0x0000000003349440, 0x00000000033496d0]

GC Heap History (10 events):
Event: 0.786 GC heap before
{Heap before GC invocations=5 (full 0):
 PSYoungGen      total 71680K, used 68100K [0x00000000d5f80000, 0x00000000daa80000, 0x0000000100000000)
  eden space 66560K, 100% used [0x00000000d5f80000,0x00000000da080000,0x00000000da080000)
  from space 5120K, 30% used [0x00000000da580000,0x00000000da701368,0x00000000daa80000)
  to   space 5120K, 0% used [0x00000000da080000,0x00000000da080000,0x00000000da580000)
 ParOldGen       total 87552K, used 32K [0x0000000081e00000, 0x0000000087380000, 0x00000000d5f80000)
  object space 87552K, 0% used [0x0000000081e00000,0x0000000081e08000,0x0000000087380000)
 Metaspace       used 3772K, capacity 4640K, committed 4864K, reserved 1056768K
  class space    used 412K, capacity 464K, committed 512K, reserved 1048576K
Event: 0.787 GC heap after
Heap after GC invocations=5 (full 0):
 PSYoungGen      total 71680K, used 1652K [0x00000000d5f80000, 0x00000000de580000, 0x0000000100000000)
  eden space 66560K, 0% used [0x00000000d5f80000,0x00000000d5f80000,0x00000000da080000)
  from space 5120K, 32% used [0x00000000da080000,0x00000000da21d378,0x00000000da580000)
  to   space 2048K, 0% used [0x00000000de380000,0x00000000de380000,0x00000000de580000)
 ParOldGen       total 87552K, used 40K [0x0000000081e00000, 0x0000000087380000, 0x00000000d5f80000)
  object space 87552K, 0% used [0x0000000081e00000,0x0000000081e0a000,0x0000000087380000)
 Metaspace       used 3772K, capacity 4640K, committed 4864K, reserved 1056768K
  class space    used 412K, capacity 464K, committed 512K, reserved 1048576K
}
Event: 0.888 GC heap before
{Heap before GC invocations=6 (full 0):
 PSYoungGen      total 71680K, used 68212K [0x00000000d5f80000, 0x00000000de580000, 0x0000000100000000)
  eden space 66560K, 100% used [0x00000000d5f80000,0x00000000da080000,0x00000000da080000)
  from space 5120K, 32% used [0x00000000da080000,0x00000000da21d378,0x00000000da580000)
  to   space 2048K, 0% used [0x00000000de380000,0x00000000de380000,0x00000000de580000)
 ParOldGen       total 87552K, used 40K [0x0000000081e00000, 0x0000000087380000, 0x00000000d5f80000)
  object space 87552K, 0% used [0x0000000081e00000,0x0000000081e0a000,0x0000000087380000)
 Metaspace       used 3779K, capacity 4640K, committed 4864K, reserved 1056768K
  class space    used 412K, capacity 464K, committed 512K, reserved 1048576K
Event: 0.890 GC heap after
Heap after GC invocations=6 (full 0):
 PSYoungGen      total 135168K, used 1556K [0x00000000d5f80000, 0x00000000de580000, 0x0000000100000000)
  eden space 133120K, 0% used [0x00000000d5f80000,0x00000000d5f80000,0x00000000de180000)
  from space 2048K, 76% used [0x00000000de380000,0x00000000de505378,0x00000000de580000)
  to   space 2048K, 0% used [0x00000000de180000,0x00000000de180000,0x00000000de380000)
 ParOldGen       total 87552K, used 48K [0x0000000081e00000, 0x0000000087380000, 0x00000000d5f80000)
  object space 87552K, 0% used [0x0000000081e00000,0x0000000081e0c000,0x0000000087380000)
 Metaspace       used 3779K, capacity 4640K, committed 4864K, reserved 1056768K
  class space    used 412K, capacity 464K, committed 512K, reserved 1048576K
}
Event: 1.149 GC heap before
{Heap before GC invocations=7 (full 0):
 PSYoungGen      total 135168K, used 134676K [0x00000000d5f80000, 0x00000000de580000, 0x0000000100000000)
  eden space 133120K, 100% used [0x00000000d5f80000,0x00000000de180000,0x00000000de180000)
  from space 2048K, 76% used [0x00000000de380000,0x00000000de505378,0x00000000de580000)
  to   space 2048K, 0% used [0x00000000de180000,0x00000000de180000,0x00000000de380000)
 ParOldGen       total 87552K, used 48K [0x0000000081e00000, 0x0000000087380000, 0x00000000d5f80000)
  object space 87552K, 0% used [0x0000000081e00000,0x0000000081e0c000,0x0000000087380000)
 Metaspace       used 4286K, capacity 4672K, committed 4864K, reserved 1056768K
  class space    used 465K, capacity 496K, committed 512K, reserved 1048576K
Event: 1.152 GC heap after
Heap after GC invocations=7 (full 0):
 PSYoungGen      total 135168K, used 672K [0x00000000d5f80000, 0x00000000e6780000, 0x0000000100000000)
  eden space 133120K, 0% used [0x00000000d5f80000,0x00000000d5f80000,0x00000000de180000)
  from space 2048K, 32% used [0x00000000de180000,0x00000000de228000,0x00000000de380000)
  to   space 2048K, 0% used [0x00000000e6580000,0x00000000e6580000,0x00000000e6780000)
 ParOldGen       total 87552K, used 1344K [0x0000000081e00000, 0x0000000087380000, 0x00000000d5f80000)
  object space 87552K, 1% used [0x0000000081e00000,0x0000000081f503d8,0x0000000087380000)
 Metaspace       used 4286K, capacity 4672K, committed 4864K, reserved 1056768K
  class space    used 465K, capacity 496K, committed 512K, reserved 1048576K
}
Event: 1.364 GC heap before
{Heap before GC invocations=8 (full 0):
 PSYoungGen      total 135168K, used 133792K [0x00000000d5f80000, 0x00000000e6780000, 0x0000000100000000)
  eden space 133120K, 100% used [0x00000000d5f80000,0x00000000de180000,0x00000000de180000)
  from space 2048K, 32% used [0x00000000de180000,0x00000000de228000,0x00000000de380000)
  to   space 2048K, 0% used [0x00000000e6580000,0x00000000e6580000,0x00000000e6780000)
 ParOldGen       total 87552K, used 1344K [0x0000000081e00000, 0x0000000087380000, 0x00000000d5f80000)
  object space 87552K, 1% used [0x0000000081e00000,0x0000000081f503d8,0x0000000087380000)
 Metaspace       used 4286K, capacity 4672K, committed 4864K, reserved 1056768K
  class space    used 465K, capacity 496K, committed 512K, reserved 1048576K
Event: 1.367 GC heap after
Heap after GC invocations=8 (full 0):
 PSYoungGen      total 267776K, used 416K [0x00000000d5f80000, 0x00000000e6880000, 0x0000000100000000)
  eden space 265728K, 0% used [0x00000000d5f80000,0x00000000d5f80000,0x00000000e6300000)
  from space 2048K, 20% used [0x00000000e6580000,0x00000000e65e8000,0x00000000e6780000)
  to   space 2560K, 0% used [0x00000000e6300000,0x00000000e6300000,0x00000000e6580000)
 ParOldGen       total 87552K, used 1352K [0x0000000081e00000, 0x0000000087380000, 0x00000000d5f80000)
  object space 87552K, 1% used [0x0000000081e00000,0x0000000081f523d8,0x0000000087380000)
 Metaspace       used 4286K, capacity 4672K, committed 4864K, reserved 1056768K
  class space    used 465K, capacity 496K, committed 512K, reserved 1048576K
}
Event: 1.818 GC heap before
{Heap before GC invocations=9 (full 0):
 PSYoungGen      total 267776K, used 266144K [0x00000000d5f80000, 0x00000000e6880000, 0x0000000100000000)
  eden space 265728K, 100% used [0x00000000d5f80000,0x00000000e6300000,0x00000000e6300000)
  from space 2048K, 20% used [0x00000000e6580000,0x00000000e65e8000,0x00000000e6780000)
  to   space 2560K, 0% used [0x00000000e6300000,0x00000000e6300000,0x00000000e6580000)
 ParOldGen       total 87552K, used 1352K [0x0000000081e00000, 0x0000000087380000, 0x00000000d5f80000)
  object space 87552K, 1% used [0x0000000081e00000,0x0000000081f523d8,0x0000000087380000)
 Metaspace       used 4289K, capacity 4672K, committed 4864K, reserved 1056768K
  class space    used 465K, capacity 496K, committed 512K, reserved 1048576K
Event: 1.819 GC heap after
Heap after GC invocations=9 (full 0):
 PSYoungGen      total 268288K, used 640K [0x00000000d5f80000, 0x00000000f0400000, 0x0000000100000000)
  eden space 265728K, 0% used [0x00000000d5f80000,0x00000000d5f80000,0x00000000e6300000)
  from space 2560K, 25% used [0x00000000e6300000,0x00000000e63a0000,0x00000000e6580000)
  to   space 2560K, 0% used [0x00000000f0180000,0x00000000f0180000,0x00000000f0400000)
 ParOldGen       total 87552K, used 1352K [0x0000000081e00000, 0x0000000087380000, 0x00000000d5f80000)
  object space 87552K, 1% used [0x0000000081e00000,0x0000000081f523d8,0x0000000087380000)
 Metaspace       used 4289K, capacity 4672K, committed 4864K, reserved 1056768K
  class space    used 465K, capacity 496K, committed 512K, reserved 1048576K
}

Deoptimization events (10 events):
Event: 3.099 Thread 0x0000000002c5b800 Uncommon trap: reason=speculate_class_check action=maybe_recompile pc=0x00000000032c6724 method=org.lwjgl.system.Struct.wrap(JILjava/nio/ByteBuffer;)Lorg/lwjgl/system/Struct; @ 44
Event: 3.099 Thread 0x0000000002c5b800 Uncommon trap: reason=class_check action=maybe_recompile pc=0x00000000032c3608 method=org.lwjgl.system.Pointer$Default.wrap(Ljava/lang/Class;JI)Lorg/lwjgl/system/CustomBuffer; @ 7
Event: 3.099 Thread 0x0000000002c5b800 Uncommon trap: reason=speculate_class_check action=maybe_recompile pc=0x00000000032c6724 method=org.lwjgl.system.Struct.wrap(JILjava/nio/ByteBuffer;)Lorg/lwjgl/system/Struct; @ 44
Event: 3.114 Thread 0x0000000002c5b800 Uncommon trap: reason=class_check action=maybe_recompile pc=0x00000000032c3a30 method=org.lwjgl.system.StructBuffer.get(I)Lorg/lwjgl/system/Struct; @ 1
Event: 3.114 Thread 0x0000000002c5b800 Uncommon trap: reason=class_check action=maybe_recompile pc=0x00000000032c3a30 method=org.lwjgl.system.StructBuffer.get(I)Lorg/lwjgl/system/Struct; @ 1
Event: 3.114 Thread 0x0000000002c5b800 Uncommon trap: reason=class_check action=maybe_recompile pc=0x00000000032c3a30 method=org.lwjgl.system.StructBuffer.get(I)Lorg/lwjgl/system/Struct; @ 1
Event: 3.114 Thread 0x0000000002c5b800 Uncommon trap: reason=class_check action=maybe_recompile pc=0x00000000032c3a30 method=org.lwjgl.system.StructBuffer.get(I)Lorg/lwjgl/system/Struct; @ 1
Event: 3.116 Thread 0x0000000002c5b800 Uncommon trap: reason=speculate_class_check action=maybe_recompile pc=0x000000000331a5a8 method=org.lwjgl.system.Struct.wrap(JILjava/nio/ByteBuffer;)Lorg/lwjgl/system/Struct; @ 44
Event: 3.116 Thread 0x0000000002c5b800 Uncommon trap: reason=speculate_class_check action=maybe_recompile pc=0x000000000331a5a8 method=org.lwjgl.system.Struct.wrap(JILjava/nio/ByteBuffer;)Lorg/lwjgl/system/Struct; @ 44
Event: 3.126 Thread 0x0000000002c5b800 Uncommon trap: reason=unstable_if action=reinterpret pc=0x000000000331e484 method=Graphics.Animation.loaders.AnimModelLoader.loadAnimModelInVao(Ljava/lang/String;LGraphics/RenderEngine/Loader;)LGraphics/Models/BaseModel; @ 458

Internal exceptions (10 events):
Event: 2.043 Thread 0x0000000002c5b800 Exception <a 'java/security/PrivilegedActionException'> (0x00000000d987ce68) thrown at [C:\re\workspace\8-2-build-windows-amd64-cygwin\jdk8u131\8869\hotspot\src\share\vm\prims\jvm.cpp, line 1390]
Event: 2.043 Thread 0x0000000002c5b800 Exception <a 'java/security/PrivilegedActionException'> (0x00000000d987d078) thrown at [C:\re\workspace\8-2-build-windows-amd64-cygwin\jdk8u131\8869\hotspot\src\share\vm\prims\jvm.cpp, line 1390]
Event: 2.043 Thread 0x0000000002c5b800 Exception <a 'java/security/PrivilegedActionException'> (0x00000000d987f1f0) thrown at [C:\re\workspace\8-2-build-windows-amd64-cygwin\jdk8u131\8869\hotspot\src\share\vm\prims\jvm.cpp, line 1390]
Event: 2.043 Thread 0x0000000002c5b800 Exception <a 'java/security/PrivilegedActionException'> (0x00000000d987f400) thrown at [C:\re\workspace\8-2-build-windows-amd64-cygwin\jdk8u131\8869\hotspot\src\share\vm\prims\jvm.cpp, line 1390]
Event: 2.043 Thread 0x0000000002c5b800 Exception <a 'java/security/PrivilegedActionException'> (0x00000000d9881418) thrown at [C:\re\workspace\8-2-build-windows-amd64-cygwin\jdk8u131\8869\hotspot\src\share\vm\prims\jvm.cpp, line 1390]
Event: 2.043 Thread 0x0000000002c5b800 Exception <a 'java/security/PrivilegedActionException'> (0x00000000d9881628) thrown at [C:\re\workspace\8-2-build-windows-amd64-cygwin\jdk8u131\8869\hotspot\src\share\vm\prims\jvm.cpp, line 1390]
Event: 2.043 Thread 0x0000000002c5b800 Exception <a 'java/security/PrivilegedActionException'> (0x00000000d9883590) thrown at [C:\re\workspace\8-2-build-windows-amd64-cygwin\jdk8u131\8869\hotspot\src\share\vm\prims\jvm.cpp, line 1390]
Event: 2.043 Thread 0x0000000002c5b800 Exception <a 'java/security/PrivilegedActionException'> (0x00000000d98837a0) thrown at [C:\re\workspace\8-2-build-windows-amd64-cygwin\jdk8u131\8869\hotspot\src\share\vm\prims\jvm.cpp, line 1390]
Event: 2.440 Thread 0x0000000002c5b800 Exception <a 'sun/nio/fs/WindowsException'> (0x00000000d9fb7ff8) thrown at [C:\re\workspace\8-2-build-windows-amd64-cygwin\jdk8u131\8869\hotspot\src\share\vm\prims\jni.cpp, line 709]
Event: 2.441 Thread 0x0000000002c5b800 Exception <a 'sun/nio/fs/WindowsException'> (0x00000000d9fb9a30) thrown at [C:\re\workspace\8-2-build-windows-amd64-cygwin\jdk8u131\8869\hotspot\src\share\vm\prims\jni.cpp, line 709]

Events (10 events):
Event: 3.150 loading class org/lwjgl/assimp/AIQuatKey
Event: 3.150 loading class org/lwjgl/assimp/AIQuatKey done
Event: 3.151 loading class org/lwjgl/assimp/AIQuaternion
Event: 3.151 loading class org/lwjgl/assimp/AIQuaternion done
Event: 3.151 loading class org/lwjgl/assimp/AIQuatKey$Buffer
Event: 3.151 loading class org/lwjgl/assimp/AIQuatKey$Buffer done
Event: 3.152 loading class Graphics/Animation/JointTransform
Event: 3.152 loading class Graphics/Animation/JointTransform done
Event: 3.154 loading class Graphics/Animation/Animation
Event: 3.154 loading class Graphics/Animation/Animation done


Dynamic libraries:
0x00007ff6af3b0000 - 0x00007ff6af3e7000 	C:\Program Files\Java\jdk1.8.0_131\bin\java.exe
0x00007ffe9daf0000 - 0x00007ffe9dcd1000 	C:\WINDOWS\SYSTEM32\ntdll.dll
0x00007ffe9b860000 - 0x00007ffe9b911000 	C:\WINDOWS\System32\KERNEL32.DLL
0x00007ffe9a720000 - 0x00007ffe9a993000 	C:\WINDOWS\System32\KERNELBASE.dll
0x00007ffe9c570000 - 0x00007ffe9c611000 	C:\WINDOWS\System32\ADVAPI32.dll
0x00007ffe9ba30000 - 0x00007ffe9bace000 	C:\WINDOWS\System32\msvcrt.dll
0x00007ffe9b9d0000 - 0x00007ffe9ba2b000 	C:\WINDOWS\System32\sechost.dll
0x00007ffe9be30000 - 0x00007ffe9bf54000 	C:\WINDOWS\System32\RPCRT4.dll
0x00007ffe9bff0000 - 0x00007ffe9c180000 	C:\WINDOWS\System32\USER32.dll
0x00007ffe9aca0000 - 0x00007ffe9acc0000 	C:\WINDOWS\System32\win32u.dll
0x00007ffe9b050000 - 0x00007ffe9b078000 	C:\WINDOWS\System32\GDI32.dll
0x00007ffe9ab00000 - 0x00007ffe9ac92000 	C:\WINDOWS\System32\gdi32full.dll
0x00007ffe9a5d0000 - 0x00007ffe9a66f000 	C:\WINDOWS\System32\msvcp_win.dll
0x00007ffe9a9a0000 - 0x00007ffe9aa98000 	C:\WINDOWS\System32\ucrtbase.dll
0x00007ffe8d1d0000 - 0x00007ffe8d439000 	C:\WINDOWS\WinSxS\amd64_microsoft.windows.common-controls_6595b64144ccf1df_6.0.17134.765_none_fb42a1a930655896\COMCTL32.dll
0x00007ffe9b4d0000 - 0x00007ffe9b7f2000 	C:\WINDOWS\System32\combase.dll
0x00007ffe9acc0000 - 0x00007ffe9ad3a000 	C:\WINDOWS\System32\bcryptPrimitives.dll
0x00007ffe9bf60000 - 0x00007ffe9bf8d000 	C:\WINDOWS\System32\IMM32.DLL
0x0000000057ec0000 - 0x0000000057f92000 	C:\Program Files\Java\jdk1.8.0_131\jre\bin\msvcr100.dll
0x0000000057620000 - 0x0000000057ebc000 	C:\Program Files\Java\jdk1.8.0_131\jre\bin\server\jvm.dll
0x00007ffe9be20000 - 0x00007ffe9be28000 	C:\WINDOWS\System32\PSAPI.DLL
0x00007ffe87590000 - 0x00007ffe87599000 	C:\WINDOWS\SYSTEM32\WSOCK32.dll
0x00007ffe94be0000 - 0x00007ffe94bea000 	C:\WINDOWS\SYSTEM32\VERSION.dll
0x00007ffe97790000 - 0x00007ffe977b3000 	C:\WINDOWS\SYSTEM32\WINMM.dll
0x00007ffe9c180000 - 0x00007ffe9c1ec000 	C:\WINDOWS\System32\WS2_32.dll
0x00007ffe97760000 - 0x00007ffe9778a000 	C:\WINDOWS\SYSTEM32\winmmbase.dll
0x00007ffe9ad40000 - 0x00007ffe9ad89000 	C:\WINDOWS\System32\cfgmgr32.dll
0x0000000058ee0000 - 0x0000000058eef000 	C:\Program Files\Java\jdk1.8.0_131\jre\bin\verify.dll
0x00000000575f0000 - 0x0000000057619000 	C:\Program Files\Java\jdk1.8.0_131\jre\bin\java.dll
0x0000000057540000 - 0x0000000057563000 	C:\Program Files\Java\jdk1.8.0_131\jre\bin\instrument.dll
0x00000000575d0000 - 0x00000000575e6000 	C:\Program Files\Java\jdk1.8.0_131\jre\bin\zip.dll
0x00007ffe9c680000 - 0x00007ffe9dac0000 	C:\WINDOWS\System32\SHELL32.dll
0x00007ffe9b920000 - 0x00007ffe9b9c9000 	C:\WINDOWS\System32\shcore.dll
0x00007ffe99ec0000 - 0x00007ffe9a5cd000 	C:\WINDOWS\System32\windows.storage.dll
0x00007ffe9c620000 - 0x00007ffe9c671000 	C:\WINDOWS\System32\shlwapi.dll
0x00007ffe99e20000 - 0x00007ffe99e31000 	C:\WINDOWS\System32\kernel.appcore.dll
0x00007ffe99e40000 - 0x00007ffe99e5f000 	C:\WINDOWS\System32\profapi.dll
0x00007ffe99e70000 - 0x00007ffe99ebc000 	C:\WINDOWS\System32\powrprof.dll
0x00007ffe99e60000 - 0x00007ffe99e6a000 	C:\WINDOWS\System32\FLTLIB.DLL
0x00007ffe7f9e0000 - 0x00007ffe7f9fa000 	C:\Program Files\JetBrains\IntelliJ IDEA Community Edition 2019.1.2\bin\breakgen64.dll
0x00000000575b0000 - 0x00000000575ca000 	C:\Program Files\Java\jdk1.8.0_131\jre\bin\net.dll
0x00007ffe99680000 - 0x00007ffe996e6000 	C:\WINDOWS\system32\mswsock.dll
0x0000000057590000 - 0x00000000575a1000 	C:\Program Files\Java\jdk1.8.0_131\jre\bin\nio.dll
0x00007ffe6aed0000 - 0x00007ffe6af33000 	C:\Users\20174019\AppData\Local\Temp\lwjgl20174019\3.2.1-build-12\lwjgl.dll
0x00007ffe74030000 - 0x00007ffe7408e000 	C:\Users\20174019\AppData\Local\Temp\lwjgl20174019\3.2.1-build-12\glfw.dll
0x00007ffe97fc0000 - 0x00007ffe98058000 	C:\WINDOWS\system32\uxtheme.dll
0x00007ffe5d780000 - 0x00007ffe5d7c3000 	C:\WINDOWS\SYSTEM32\dinput8.dll
0x00007ffe97890000 - 0x00007ffe978a0000 	C:\WINDOWS\SYSTEM32\xinput1_4.dll
0x00007ffe99c10000 - 0x00007ffe99c37000 	C:\WINDOWS\SYSTEM32\DEVOBJ.dll
0x00007ffe98210000 - 0x00007ffe98239000 	C:\WINDOWS\SYSTEM32\dwmapi.dll
0x00007ffe941f0000 - 0x00007ffe94269000 	C:\WINDOWS\SYSTEM32\inputhost.dll
0x00007ffe95470000 - 0x00007ffe955bd000 	C:\WINDOWS\SYSTEM32\wintypes.dll
0x00007ffe939d0000 - 0x00007ffe93cee000 	C:\WINDOWS\SYSTEM32\CoreUIComponents.dll
0x00007ffe96cd0000 - 0x00007ffe96daa000 	C:\WINDOWS\SYSTEM32\CoreMessaging.dll
0x00007ffe98e30000 - 0x00007ffe98e61000 	C:\WINDOWS\SYSTEM32\ntmarta.dll
0x00007ffe9bae0000 - 0x00007ffe9bc53000 	C:\WINDOWS\System32\MSCTF.dll
0x00007ffe9bd50000 - 0x00007ffe9be12000 	C:\WINDOWS\System32\OLEAUT32.dll
0x00007ffe987a0000 - 0x00007ffe987ac000 	C:\WINDOWS\SYSTEM32\HID.DLL
0x00007ffe9b080000 - 0x00007ffe9b4cb000 	C:\WINDOWS\System32\SETUPAPI.DLL
0x00007ffe9aaa0000 - 0x00007ffe9aaf7000 	C:\WINDOWS\System32\WINTRUST.dll
0x00007ffe99e00000 - 0x00007ffe99e12000 	C:\WINDOWS\System32\MSASN1.dll
0x00007ffe9ad90000 - 0x00007ffe9af72000 	C:\WINDOWS\System32\CRYPT32.dll
0x00007ffe7b800000 - 0x00007ffe7b920000 	C:\WINDOWS\SYSTEM32\opengl32.dll
0x00007ffe7d350000 - 0x00007ffe7d37c000 	C:\WINDOWS\SYSTEM32\GLU32.dll
0x00007ffe3d900000 - 0x00007ffe3e7ab000 	C:\WINDOWS\System32\DriverStore\FileRepository\ki130871.inf_amd64_382f7c369d4bf777\ig9icd64.dll
0x00007ffe98c80000 - 0x00007ffe98d3b000 	C:\WINDOWS\system32\dxgi.dll
0x00007ffe563d0000 - 0x00007ffe564b3000 	C:\WINDOWS\System32\DriverStore\FileRepository\ki130871.inf_amd64_382f7c369d4bf777\igdgmm64.dll
0x00007ffe8f4a0000 - 0x00007ffe9141c000 	C:\WINDOWS\System32\DriverStore\FileRepository\ki130871.inf_amd64_382f7c369d4bf777\igc64.dll
0x00007ffe94270000 - 0x00007ffe94306000 	C:\WINDOWS\System32\TextInputFramework.dll
0x00007ffe5bbd0000 - 0x00007ffe5bc28000 	C:\Users\20174019\AppData\Local\Temp\lwjgl20174019\3.2.1-build-12\lwjgl_opengl.dll
0x00007ffe5b9f0000 - 0x00007ffe5ba69000 	C:\Users\20174019\AppData\Local\Temp\lwjgl20174019\3.2.1-build-12\lwjgl_stb.dll
0x00007ffe3d230000 - 0x00007ffe3d8f3000 	C:\Users\20174019\AppData\Local\Temp\lwjgl20174019\3.2.1-build-12\assimp.dll
0x00007ffe98850000 - 0x00007ffe98a19000 	C:\WINDOWS\SYSTEM32\dbghelp.dll

VM Arguments:
jvm_args: -javaagent:C:\Program Files\JetBrains\IntelliJ IDEA Community Edition 2019.1.2\lib\idea_rt.jar=56478:C:\Program Files\JetBrains\IntelliJ IDEA Community Edition 2019.1.2\bin -Dfile.encoding=UTF-8 
java_command: Main
java_class_path (initial): C:\Program Files\Java\jdk1.8.0_131\jre\lib\charsets.jar;C:\Program Files\Java\jdk1.8.0_131\jre\lib\deploy.jar;C:\Program Files\Java\jdk1.8.0_131\jre\lib\ext\access-bridge-64.jar;C:\Program Files\Java\jdk1.8.0_131\jre\lib\ext\cldrdata.jar;C:\Program Files\Java\jdk1.8.0_131\jre\lib\ext\dnsns.jar;C:\Program Files\Java\jdk1.8.0_131\jre\lib\ext\jaccess.jar;C:\Program Files\Java\jdk1.8.0_131\jre\lib\ext\jfxrt.jar;C:\Program Files\Java\jdk1.8.0_131\jre\lib\ext\localedata.jar;C:\Program Files\Java\jdk1.8.0_131\jre\lib\ext\nashorn.jar;C:\Program Files\Java\jdk1.8.0_131\jre\lib\ext\sunec.jar;C:\Program Files\Java\jdk1.8.0_131\jre\lib\ext\sunjce_provider.jar;C:\Program Files\Java\jdk1.8.0_131\jre\lib\ext\sunmscapi.jar;C:\Program Files\Java\jdk1.8.0_131\jre\lib\ext\sunpkcs11.jar;C:\Program Files\Java\jdk1.8.0_131\jre\lib\ext\zipfs.jar;C:\Program Files\Java\jdk1.8.0_131\jre\lib\javaws.jar;C:\Program Files\Java\jdk1.8.0_131\jre\lib\jce.jar;C:\Program Files\Java\jdk1.8.0_131\jre\lib\jfr.jar;C:\Program Files\Java\jdk1.8.0_131\jre\lib\jfxswt.jar;C:\Program Files\Java\jdk1.8.0_131\jre\lib\jsse.jar;C:\Program Files\Java\jdk1.8.0_131\jre\lib\management-agent.jar;C:\Program Files\Java\jdk1.8.0_131\jre\lib\plugin.jar;C:\Program Files\Java\jdk1.8.0_131\jre\lib\resources.jar;C:\Program Files\Java\jdk1.8.0_131\jre\lib\rt.jar;C:\Users\20174019\OneDrive - TU Eindhoven\College\Q4_IOE0_DBL_Interactive Intelligent Systems\Repo\Genomen4\out\production\classes;C:\Users\20174019\.gradle\caches\modules-2\files-2.1\org.joml\joml\1.9.14\ba53d31c0fb0e76ab066cba198fd8d040e1b5e9b\joml-1.9.14.jar;C:\Users\20174019\.gradle\caches\modules-2\files-2.1\org.deeplearning4j\deeplearning4j-core\1.0.0-beta4\e04edc115bfd00c6b8ed09eca7ee1ddeb32fa852\deeplearning4j-core-1.0.0-beta4.jar;C:\Users\20174019\.gradle\caches\modules-2\files-2.1\org.nd4j\nd4j-native-platform\1.0.0-beta4\c0c4faf961fe6340d7be485910f66a5abd33ed57\nd4j-native-platform-1.0.0-beta4.jar;C:\Users\20174019\.gradle\caches\
Launcher Type: SUN_STANDARD

Environment Variables:
PATH=C:\Program Files (x86)\NVIDIA Corporation\PhysX\Common;C:\Program Files (x86)\Common Files\Oracle\Java\javapath;C:\ProgramData\Oracle\Java\javapath;C:\Windows\System32;C:\Windows;C:\Windows\System32\wbem;C:\Windows\System32\WindowsPowerShell\v1.0\;C:\Program Files\OpenVPN\bin;C:\Program Files\MiKTeX 2.9\miktex\bin\x64\;C:\Program Files (x86)\GnuPG\bin;C:\Program Files\Calibre2\;C:\Program Files\Git\cmd;C:\WINDOWS\system32;C:\WINDOWS;C:\WINDOWS\System32\Wbem;C:\WINDOWS\System32\WindowsPowerShell\v1.0\;C:\WINDOWS\System32\OpenSSH\;C:\Program Files\PuTTY\;C:\Users\20174019\AppData\Local\Microsoft\WindowsApps;;C:\Program Files\Mercurial;C:\Program Files\JetBrains\IntelliJ IDEA Community Edition 2019.1.2\bin;
USERNAME=20174019
OS=Windows_NT
PROCESSOR_IDENTIFIER=Intel64 Family 6 Model 158 Stepping 9, GenuineIntel



---------------  S Y S T E M  ---------------

OS: Windows 10.0 , 64 bit Build 17134 (10.0.17134.753)

CPU:total 8 (initial active 8) (4 cores per cpu, 2 threads per core) family 6 model 158 stepping 9, cmov, cx8, fxsr, mmx, sse, sse2, sse3, ssse3, sse4.1, sse4.2, popcnt, avx, avx2, aes, clmul, erms, 3dnowpref, lzcnt, ht, tsc, tscinvbit, bmi1, bmi2, adx

Memory: 4k page, physical 8264924k(1633236k free), swap 17177820k(5253472k free)

vm_info: Java HotSpot(TM) 64-Bit Server VM (25.131-b11) for windows-amd64 JRE (1.8.0_131-b11), built on Mar 15 2017 01:23:53 by "java_re" with MS VC++ 10.0 (VS2010)

time: Mon Jun 10 00:00:18 2019
elapsed time: 3 seconds (0d 0h 0m 3s)

