#
# A fatal error has been detected by the Java Runtime Environment:
#
#  EXCEPTION_ACCESS_VIOLATION (0xc0000005) at pc=0x00000000578000c9, pid=8852, tid=0x0000000000000d94
#
# JRE version: Java(TM) SE Runtime Environment (8.0_131-b11) (build 1.8.0_131-b11)
# Java VM: Java HotSpot(TM) 64-Bit Server VM (25.131-b11 mixed mode windows-amd64 compressed oops)
# Problematic frame:
# V  [jvm.dll+0x1e00c9]
#
# Failed to write core dump. Minidumps are not enabled by default on client versions of Windows
#
# If you would like to submit a bug report, please visit:
#   http://bugreport.java.com/bugreport/crash.jsp
#

---------------  T H R E A D  ---------------

Current thread (0x000000000326b800):  JavaThread "main" [_thread_in_vm, id=3476, stack(0x0000000003160000,0x0000000003260000)]

siginfo: ExceptionCode=0xc0000005, reading address 0x000000002a458868

Registers:
RAX=0x0000000000000000, RBX=0x000000000326b800, RCX=0x0000000000000b80, RDX=0x000000000325f010
RSP=0x000000000325efc0, RBP=0x000000002a458868, RSI=0x0000000000000000, RDI=0x0000000000000000
R8 =0x0000000000000000, R9 =0x000000002a458868, R10=0x000000000378a38f, R11=0x000000000378a358
R12=0x0000000000000000, R13=0x000000000325f068, R14=0x000000000325f0e0, R15=0x000000000326b800
RIP=0x00000000578000c9, EFLAGS=0x0000000000010246

Top of Stack: (sp=0x000000000325efc0)
0x000000000325efc0:   0000000000000002 0000000000000000
0x000000000325efd0:   0000000000000001 00000000034d835d
0x000000000325efe0:   00000000034d835d 000000000378a40d
0x000000000325eff0:   0000000017afc078 000000000325f050
0x000000000325f000:   0000000000000002 0000000000000010
0x000000000325f010:   0000000081e02510 0000000000000000
0x000000000325f020:   00000000034d7e70 000000000326b800
0x000000000325f030:   000000000325f120 000000000325f038
0x000000000325f040:   0000000000000000 000000000325f0b0
0x000000000325f050:   000000000325f0c8 00000000034d7da0
0x000000000325f060:   00000000034d7da0 000000002a458868
0x000000000325f070:   000000000325f098 0000000000000000
0x000000000325f080:   0000000081e02510 000000000325f088
0x000000000325f090:   000000002aa707ea 000000000325f0e0
0x000000000325f0a0:   000000002aa72190 000000002aa84670
0x000000000325f0b0:   000000002aa70808 000000000325f068 

Instructions: (pc=0x00000000578000c9)
0x00000000578000a9:   00 00 00 30 74 08 48 8b cb e8 09 2d 06 00 c7 83
0x00000000578000b9:   70 02 00 00 06 00 00 00 48 85 f6 74 03 48 8b 3e
0x00000000578000c9:   8b 2c 2f 48 8b 7b 48 48 8b 47 10 48 8b 77 08 48
0x00000000578000d9:   83 38 00 74 15 48 8b 57 28 48 8b ce e8 d6 df ee 


Register to memory mapping:

RAX=0x0000000000000000 is an unknown value
RBX=0x000000000326b800 is a thread
RCX=0x0000000000000b80 is an unknown value
RDX=0x000000000325f010 is pointing into the stack for thread: 0x000000000326b800
RSP=0x000000000325efc0 is pointing into the stack for thread: 0x000000000326b800
RBP=0x000000002a458868 is an unknown value
RSI=0x0000000000000000 is an unknown value
RDI=0x0000000000000000 is an unknown value
R8 =0x0000000000000000 is an unknown value
R9 =0x000000002a458868 is an unknown value
R10=0x000000000378a38f is at entry_point+79 in (nmethod*)0x000000000378a1d0
R11=0x000000000378a358 is at entry_point+24 in (nmethod*)0x000000000378a1d0
R12=0x0000000000000000 is an unknown value
R13=0x000000000325f068 is pointing into the stack for thread: 0x000000000326b800
R14=0x000000000325f0e0 is pointing into the stack for thread: 0x000000000326b800
R15=0x000000000326b800 is a thread


Stack: [0x0000000003160000,0x0000000003260000],  sp=0x000000000325efc0,  free space=1019k
Native frames: (J=compiled Java code, j=interpreted, Vv=VM code, C=native code)
V  [jvm.dll+0x1e00c9]
C  0x000000000378a40d

Java frames: (J=compiled Java code, j=interpreted, Vv=VM code)
J 664  sun.misc.Unsafe.getInt(Ljava/lang/Object;J)I (0 bytes) @ 0x000000000378a38f [0x000000000378a340+0x4f]
j  org.lwjgl.assimp.AIMesh.nmNumBones(J)I+10
j  org.lwjgl.assimp.AIMesh.mNumBones()I+4
j  Graphics.Animation.loaders.AnimModelLoader.loadAnimModelInVao(Ljava/lang/String;LGraphics/RenderEngine/Loader;)LGraphics/Models/BaseModel;+1177
j  Graphics.RenderEngine.Scene.initActors([LGameState/Entities/Actor;)V+25
j  Graphics.RenderEngine.Scene.init()V+8
j  Graphics.RenderEngine.Scene.<init>(LGameState/World;)V+54
j  Graphics.WindowManager.<init>()V+130
j  Main.main([Ljava/lang/String;)V+7
v  ~StubRoutines::call_stub

---------------  P R O C E S S  ---------------

Java Threads: ( => current thread )
  0x000000001afdb800 JavaThread "Service Thread" daemon [_thread_blocked, id=11772, stack(0x000000001b820000,0x000000001b920000)]
  0x000000001af2a000 JavaThread "C1 CompilerThread3" daemon [_thread_blocked, id=9620, stack(0x000000001b720000,0x000000001b820000)]
  0x000000001af27000 JavaThread "C2 CompilerThread2" daemon [_thread_blocked, id=14076, stack(0x000000001b620000,0x000000001b720000)]
  0x000000001af22800 JavaThread "C2 CompilerThread1" daemon [_thread_blocked, id=8664, stack(0x000000001b520000,0x000000001b620000)]
  0x000000001af1d800 JavaThread "C2 CompilerThread0" daemon [_thread_blocked, id=5560, stack(0x000000001b420000,0x000000001b520000)]
  0x000000001ae6c000 JavaThread "Monitor Ctrl-Break" daemon [_thread_in_native, id=13092, stack(0x000000001b320000,0x000000001b420000)]
  0x000000001a371800 JavaThread "Attach Listener" daemon [_thread_blocked, id=10300, stack(0x000000001aa20000,0x000000001ab20000)]
  0x000000001a370000 JavaThread "Signal Dispatcher" daemon [_thread_blocked, id=9328, stack(0x000000001a920000,0x000000001aa20000)]
  0x000000001a350800 JavaThread "Finalizer" daemon [_thread_blocked, id=6776, stack(0x000000001a730000,0x000000001a830000)]
  0x0000000018475000 JavaThread "Reference Handler" daemon [_thread_blocked, id=4940, stack(0x000000001a230000,0x000000001a330000)]
=>0x000000000326b800 JavaThread "main" [_thread_in_vm, id=3476, stack(0x0000000003160000,0x0000000003260000)]

Other Threads:
  0x000000001846c000 VMThread [stack: 0x000000001a130000,0x000000001a230000] [id=12780]
  0x000000001b1dc000 WatcherThread [stack: 0x000000001b920000,0x000000001ba20000] [id=7300]

VM state:not at safepoint (normal execution)

VM Mutex/Monitor currently owned by a thread: None

Heap:
 PSYoungGen      total 71680K, used 28382K [0x00000000d5f80000, 0x00000000daa80000, 0x0000000100000000)
  eden space 66560K, 34% used [0x00000000d5f80000,0x00000000d763b380,0x00000000da080000)
  from space 5120K, 99% used [0x00000000da580000,0x00000000daa7c838,0x00000000daa80000)
  to   space 5120K, 0% used [0x00000000da080000,0x00000000da080000,0x00000000da580000)
 ParOldGen       total 87552K, used 9128K [0x0000000081e00000, 0x0000000087380000, 0x00000000d5f80000)
  object space 87552K, 10% used [0x0000000081e00000,0x00000000826ea1f0,0x0000000087380000)
 Metaspace       used 11813K, capacity 12037K, committed 12416K, reserved 1060864K
  class space    used 950K, capacity 1042K, committed 1152K, reserved 1048576K

Card table byte_map: [0x0000000012890000,0x0000000012c90000] byte_map_base: 0x0000000012481000

Marking Bits: (ParMarkBitMap*) 0x0000000057e3c720
 Begin Bits: [0x0000000013740000, 0x00000000156c8000)
 End Bits:   [0x00000000156c8000, 0x0000000017650000)

Polling page: 0x00000000017e0000

CodeCache: size=245760Kb used=4307Kb max_used=4307Kb free=241452Kb
 bounds [0x00000000034d0000, 0x0000000003910000, 0x00000000124d0000]
 total_blobs=2065 nmethods=1104 adapters=874
 compilation: enabled

Compilation events (10 events):
Event: 1.745 Thread 0x000000001af2a000 1099       3       org.lwjgl.system.StructBuffer$StructIterator::hasNext (17 bytes)
Event: 1.746 Thread 0x000000001af2a000 nmethod 1099 0x00000000038ffc50 code [0x00000000038ffda0, 0x00000000038fff50]
Event: 1.746 Thread 0x000000001af2a000 1100       3       org.lwjgl.system.StructBuffer$StructIterator::next (5 bytes)
Event: 1.746 Thread 0x000000001af2a000 nmethod 1100 0x0000000003902410 code [0x0000000003902580, 0x0000000003902828]
Event: 1.746 Thread 0x000000001af2a000 1101       3       org.lwjgl.system.StructBuffer$StructIterator::next (27 bytes)
Event: 1.746 Thread 0x000000001af2a000 nmethod 1101 0x0000000003901f90 code [0x0000000003902100, 0x0000000003902328]
Event: 1.746 Thread 0x000000001af2a000 1103       3       org.lwjgl.assimp.AIVectorKey::sizeof (4 bytes)
Event: 1.746 Thread 0x000000001af2a000 nmethod 1103 0x00000000038ff510 code [0x00000000038ff660, 0x00000000038ff7b0]
Event: 1.746 Thread 0x000000001af2a000 1104       3       org.lwjgl.assimp.AIVectorKey::mTime (8 bytes)
Event: 1.746 Thread 0x000000001af2a000 nmethod 1104 0x0000000003901a90 code [0x0000000003901c00, 0x0000000003901e90]

GC Heap History (8 events):
Event: 0.512 GC heap before
{Heap before GC invocations=1 (full 0):
 PSYoungGen      total 38400K, used 33280K [0x00000000d5f80000, 0x00000000d8a00000, 0x0000000100000000)
  eden space 33280K, 100% used [0x00000000d5f80000,0x00000000d8000000,0x00000000d8000000)
  from space 5120K, 0% used [0x00000000d8500000,0x00000000d8500000,0x00000000d8a00000)
  to   space 5120K, 0% used [0x00000000d8000000,0x00000000d8000000,0x00000000d8500000)
 ParOldGen       total 87552K, used 0K [0x0000000081e00000, 0x0000000087380000, 0x00000000d5f80000)
  object space 87552K, 0% used [0x0000000081e00000,0x0000000081e00000,0x0000000087380000)
 Metaspace       used 3756K, capacity 4640K, committed 4864K, reserved 1056768K
  class space    used 412K, capacity 464K, committed 512K, reserved 1048576K
Event: 0.514 GC heap after
Heap after GC invocations=1 (full 0):
 PSYoungGen      total 38400K, used 1880K [0x00000000d5f80000, 0x00000000d8a00000, 0x0000000100000000)
  eden space 33280K, 0% used [0x00000000d5f80000,0x00000000d5f80000,0x00000000d8000000)
  from space 5120K, 36% used [0x00000000d8000000,0x00000000d81d6158,0x00000000d8500000)
  to   space 5120K, 0% used [0x00000000d8500000,0x00000000d8500000,0x00000000d8a00000)
 ParOldGen       total 87552K, used 8K [0x0000000081e00000, 0x0000000087380000, 0x00000000d5f80000)
  object space 87552K, 0% used [0x0000000081e00000,0x0000000081e02000,0x0000000087380000)
 Metaspace       used 3756K, capacity 4640K, committed 4864K, reserved 1056768K
  class space    used 412K, capacity 464K, committed 512K, reserved 1048576K
}
Event: 0.970 GC heap before
{Heap before GC invocations=2 (full 0):
 PSYoungGen      total 38400K, used 35160K [0x00000000d5f80000, 0x00000000d8a00000, 0x0000000100000000)
  eden space 33280K, 100% used [0x00000000d5f80000,0x00000000d8000000,0x00000000d8000000)
  from space 5120K, 36% used [0x00000000d8000000,0x00000000d81d6158,0x00000000d8500000)
  to   space 5120K, 0% used [0x00000000d8500000,0x00000000d8500000,0x00000000d8a00000)
 ParOldGen       total 87552K, used 8K [0x0000000081e00000, 0x0000000087380000, 0x00000000d5f80000)
  object space 87552K, 0% used [0x0000000081e00000,0x0000000081e02000,0x0000000087380000)
 Metaspace       used 7409K, capacity 7609K, committed 7808K, reserved 1056768K
  class space    used 773K, capacity 846K, committed 896K, reserved 1048576K
Event: 0.978 GC heap after
Heap after GC invocations=2 (full 0):
 PSYoungGen      total 38400K, used 3404K [0x00000000d5f80000, 0x00000000daa80000, 0x0000000100000000)
  eden space 33280K, 0% used [0x00000000d5f80000,0x00000000d5f80000,0x00000000d8000000)
  from space 5120K, 66% used [0x00000000d8500000,0x00000000d88533a0,0x00000000d8a00000)
  to   space 5120K, 0% used [0x00000000d8000000,0x00000000d8000000,0x00000000d8500000)
 ParOldGen       total 87552K, used 24K [0x0000000081e00000, 0x0000000087380000, 0x00000000d5f80000)
  object space 87552K, 0% used [0x0000000081e00000,0x0000000081e06000,0x0000000087380000)
 Metaspace       used 7409K, capacity 7609K, committed 7808K, reserved 1056768K
  class space    used 773K, capacity 846K, committed 896K, reserved 1048576K
}
Event: 1.655 GC heap before
{Heap before GC invocations=3 (full 0):
 PSYoungGen      total 38400K, used 36684K [0x00000000d5f80000, 0x00000000daa80000, 0x0000000100000000)
  eden space 33280K, 100% used [0x00000000d5f80000,0x00000000d8000000,0x00000000d8000000)
  from space 5120K, 66% used [0x00000000d8500000,0x00000000d88533a0,0x00000000d8a00000)
  to   space 5120K, 0% used [0x00000000d8000000,0x00000000d8000000,0x00000000d8500000)
 ParOldGen       total 87552K, used 24K [0x0000000081e00000, 0x0000000087380000, 0x00000000d5f80000)
  object space 87552K, 0% used [0x0000000081e00000,0x0000000081e06000,0x0000000087380000)
 Metaspace       used 11568K, capacity 11749K, committed 12032K, reserved 1060864K
  class space    used 928K, capacity 1010K, committed 1024K, reserved 1048576K
Event: 1.662 GC heap after
Heap after GC invocations=3 (full 0):
 PSYoungGen      total 38400K, used 5106K [0x00000000d5f80000, 0x00000000daa80000, 0x0000000100000000)
  eden space 33280K, 0% used [0x00000000d5f80000,0x00000000d5f80000,0x00000000d8000000)
  from space 5120K, 99% used [0x00000000d8000000,0x00000000d84fc818,0x00000000d8500000)
  to   space 5120K, 0% used [0x00000000da580000,0x00000000da580000,0x00000000daa80000)
 ParOldGen       total 87552K, used 9088K [0x0000000081e00000, 0x0000000087380000, 0x00000000d5f80000)
  object space 87552K, 10% used [0x0000000081e00000,0x00000000826e01f0,0x0000000087380000)
 Metaspace       used 11568K, capacity 11749K, committed 12032K, reserved 1060864K
  class space    used 928K, capacity 1010K, committed 1024K, reserved 1048576K
}
Event: 1.696 GC heap before
{Heap before GC invocations=4 (full 0):
 PSYoungGen      total 38400K, used 38386K [0x00000000d5f80000, 0x00000000daa80000, 0x0000000100000000)
  eden space 33280K, 100% used [0x00000000d5f80000,0x00000000d8000000,0x00000000d8000000)
  from space 5120K, 99% used [0x00000000d8000000,0x00000000d84fc818,0x00000000d8500000)
  to   space 5120K, 0% used [0x00000000da580000,0x00000000da580000,0x00000000daa80000)
 ParOldGen       total 87552K, used 9088K [0x0000000081e00000, 0x0000000087380000, 0x00000000d5f80000)
  object space 87552K, 10% used [0x0000000081e00000,0x00000000826e01f0,0x0000000087380000)
 Metaspace       used 11601K, capacity 11813K, committed 12032K, reserved 1060864K
  class space    used 928K, capacity 1010K, committed 1024K, reserved 1048576K
Event: 1.699 GC heap after
Heap after GC invocations=4 (full 0):
 PSYoungGen      total 71680K, used 5106K [0x00000000d5f80000, 0x00000000daa80000, 0x0000000100000000)
  eden space 66560K, 0% used [0x00000000d5f80000,0x00000000d5f80000,0x00000000da080000)
  from space 5120K, 99% used [0x00000000da580000,0x00000000daa7c838,0x00000000daa80000)
  to   space 5120K, 0% used [0x00000000da080000,0x00000000da080000,0x00000000da580000)
 ParOldGen       total 87552K, used 9128K [0x0000000081e00000, 0x0000000087380000, 0x00000000d5f80000)
  object space 87552K, 10% used [0x0000000081e00000,0x00000000826ea1f0,0x0000000087380000)
 Metaspace       used 11601K, capacity 11813K, committed 12032K, reserved 1060864K
  class space    used 928K, capacity 1010K, committed 1024K, reserved 1048576K
}

Deoptimization events (10 events):
Event: 1.700 Thread 0x000000000326b800 Uncommon trap: reason=class_check action=maybe_recompile pc=0x00000000038cf070 method=org.lwjgl.system.StructBuffer.get(I)Lorg/lwjgl/system/Struct; @ 1
Event: 1.700 Thread 0x000000000326b800 Uncommon trap: reason=class_check action=maybe_recompile pc=0x00000000038cf070 method=org.lwjgl.system.StructBuffer.get(I)Lorg/lwjgl/system/Struct; @ 1
Event: 1.701 Thread 0x000000000326b800 Uncommon trap: reason=unstable_if action=reinterpret pc=0x00000000038fa984 method=Graphics.Animation.loaders.AnimModelLoader.loadAnimModelInVao(Ljava/lang/String;LGraphics/RenderEngine/Loader;)LGraphics/Models/BaseModel; @ 328
Event: 1.704 Thread 0x000000000326b800 Uncommon trap: reason=bimorphic action=maybe_recompile pc=0x00000000038ccc50 method=org.lwjgl.system.StructBuffer.get(I)Lorg/lwjgl/system/Struct; @ 1
Event: 1.704 Thread 0x000000000326b800 Uncommon trap: reason=bimorphic action=maybe_recompile pc=0x00000000038ccc50 method=org.lwjgl.system.StructBuffer.get(I)Lorg/lwjgl/system/Struct; @ 1
Event: 1.704 Thread 0x000000000326b800 Uncommon trap: reason=bimorphic action=maybe_recompile pc=0x00000000038ccc50 method=org.lwjgl.system.StructBuffer.get(I)Lorg/lwjgl/system/Struct; @ 1
Event: 1.704 Thread 0x000000000326b800 Uncommon trap: reason=bimorphic action=maybe_recompile pc=0x00000000038ccc50 method=org.lwjgl.system.StructBuffer.get(I)Lorg/lwjgl/system/Struct; @ 1
Event: 1.708 Thread 0x000000000326b800 Uncommon trap: reason=speculate_class_check action=maybe_recompile pc=0x00000000039047e8 method=org.lwjgl.system.Struct.wrap(JILjava/nio/ByteBuffer;)Lorg/lwjgl/system/Struct; @ 44
Event: 1.708 Thread 0x000000000326b800 Uncommon trap: reason=speculate_class_check action=maybe_recompile pc=0x00000000039047e8 method=org.lwjgl.system.Struct.wrap(JILjava/nio/ByteBuffer;)Lorg/lwjgl/system/Struct; @ 44
Event: 1.737 Thread 0x000000000326b800 Uncommon trap: reason=null_assert action=make_not_entrant pc=0x000000000390305c method=Graphics.Animation.loaders.AnimModelLoader.loadAnimModelInVao(Ljava/lang/String;LGraphics/RenderEngine/Loader;)LGraphics/Models/BaseModel; @ 613

Internal exceptions (10 events):
Event: 0.750 Thread 0x000000000326b800 Exception <a 'java/security/PrivilegedActionException'> (0x00000000d7ca1d88) thrown at [C:\re\workspace\8-2-build-windows-amd64-cygwin\jdk8u131\8869\hotspot\src\share\vm\prims\jvm.cpp, line 1390]
Event: 0.750 Thread 0x000000000326b800 Exception <a 'java/security/PrivilegedActionException'> (0x00000000d7ca1f98) thrown at [C:\re\workspace\8-2-build-windows-amd64-cygwin\jdk8u131\8869\hotspot\src\share\vm\prims\jvm.cpp, line 1390]
Event: 0.750 Thread 0x000000000326b800 Exception <a 'java/security/PrivilegedActionException'> (0x00000000d7ca4110) thrown at [C:\re\workspace\8-2-build-windows-amd64-cygwin\jdk8u131\8869\hotspot\src\share\vm\prims\jvm.cpp, line 1390]
Event: 0.750 Thread 0x000000000326b800 Exception <a 'java/security/PrivilegedActionException'> (0x00000000d7ca4320) thrown at [C:\re\workspace\8-2-build-windows-amd64-cygwin\jdk8u131\8869\hotspot\src\share\vm\prims\jvm.cpp, line 1390]
Event: 0.750 Thread 0x000000000326b800 Exception <a 'java/security/PrivilegedActionException'> (0x00000000d7ca6338) thrown at [C:\re\workspace\8-2-build-windows-amd64-cygwin\jdk8u131\8869\hotspot\src\share\vm\prims\jvm.cpp, line 1390]
Event: 0.750 Thread 0x000000000326b800 Exception <a 'java/security/PrivilegedActionException'> (0x00000000d7ca6548) thrown at [C:\re\workspace\8-2-build-windows-amd64-cygwin\jdk8u131\8869\hotspot\src\share\vm\prims\jvm.cpp, line 1390]
Event: 0.750 Thread 0x000000000326b800 Exception <a 'java/security/PrivilegedActionException'> (0x00000000d7ca85b0) thrown at [C:\re\workspace\8-2-build-windows-amd64-cygwin\jdk8u131\8869\hotspot\src\share\vm\prims\jvm.cpp, line 1390]
Event: 0.751 Thread 0x000000000326b800 Exception <a 'java/security/PrivilegedActionException'> (0x00000000d7ca87c0) thrown at [C:\re\workspace\8-2-build-windows-amd64-cygwin\jdk8u131\8869\hotspot\src\share\vm\prims\jvm.cpp, line 1390]
Event: 0.946 Thread 0x000000000326b800 Exception <a 'sun/nio/fs/WindowsException'> (0x00000000d7eace48) thrown at [C:\re\workspace\8-2-build-windows-amd64-cygwin\jdk8u131\8869\hotspot\src\share\vm\prims\jni.cpp, line 709]
Event: 0.947 Thread 0x000000000326b800 Exception <a 'sun/nio/fs/WindowsException'> (0x00000000d7eae880) thrown at [C:\re\workspace\8-2-build-windows-amd64-cygwin\jdk8u131\8869\hotspot\src\share\vm\prims\jni.cpp, line 709]

Events (10 events):
Event: 1.744 loading class org/lwjgl/assimp/AIQuatKey
Event: 1.744 loading class org/lwjgl/assimp/AIQuatKey done
Event: 1.744 loading class org/lwjgl/assimp/AIQuaternion
Event: 1.744 loading class org/lwjgl/assimp/AIQuaternion done
Event: 1.745 loading class org/lwjgl/assimp/AIQuatKey$Buffer
Event: 1.745 loading class org/lwjgl/assimp/AIQuatKey$Buffer done
Event: 1.745 loading class Graphics/Animation/JointTransform
Event: 1.745 loading class Graphics/Animation/JointTransform done
Event: 1.746 loading class Graphics/Animation/Animation
Event: 1.746 loading class Graphics/Animation/Animation done


Dynamic libraries:
0x00007ff6af3b0000 - 0x00007ff6af3e7000 	C:\Program Files\Java\jdk1.8.0_131\bin\java.exe
0x00007ffe9daf0000 - 0x00007ffe9dcd1000 	C:\WINDOWS\SYSTEM32\ntdll.dll
0x00007ffe9b860000 - 0x00007ffe9b911000 	C:\WINDOWS\System32\KERNEL32.DLL
0x00007ffe9a720000 - 0x00007ffe9a993000 	C:\WINDOWS\System32\KERNELBASE.dll
0x00007ffe9c570000 - 0x00007ffe9c611000 	C:\WINDOWS\System32\ADVAPI32.dll
0x00007ffe9ba30000 - 0x00007ffe9bace000 	C:\WINDOWS\System32\msvcrt.dll
0x00007ffe9b9d0000 - 0x00007ffe9ba2b000 	C:\WINDOWS\System32\sechost.dll
0x00007ffe9be30000 - 0x00007ffe9bf54000 	C:\WINDOWS\System32\RPCRT4.dll
0x00007ffe9bff0000 - 0x00007ffe9c180000 	C:\WINDOWS\System32\USER32.dll
0x00007ffe9aca0000 - 0x00007ffe9acc0000 	C:\WINDOWS\System32\win32u.dll
0x00007ffe9b050000 - 0x00007ffe9b078000 	C:\WINDOWS\System32\GDI32.dll
0x00007ffe9ab00000 - 0x00007ffe9ac92000 	C:\WINDOWS\System32\gdi32full.dll
0x00007ffe9a5d0000 - 0x00007ffe9a66f000 	C:\WINDOWS\System32\msvcp_win.dll
0x00007ffe9a9a0000 - 0x00007ffe9aa98000 	C:\WINDOWS\System32\ucrtbase.dll
0x00007ffe8d1d0000 - 0x00007ffe8d439000 	C:\WINDOWS\WinSxS\amd64_microsoft.windows.common-controls_6595b64144ccf1df_6.0.17134.765_none_fb42a1a930655896\COMCTL32.dll
0x00007ffe9b4d0000 - 0x00007ffe9b7f2000 	C:\WINDOWS\System32\combase.dll
0x00007ffe9acc0000 - 0x00007ffe9ad3a000 	C:\WINDOWS\System32\bcryptPrimitives.dll
0x00007ffe9bf60000 - 0x00007ffe9bf8d000 	C:\WINDOWS\System32\IMM32.DLL
0x0000000057ec0000 - 0x0000000057f92000 	C:\Program Files\Java\jdk1.8.0_131\jre\bin\msvcr100.dll
0x0000000057620000 - 0x0000000057ebc000 	C:\Program Files\Java\jdk1.8.0_131\jre\bin\server\jvm.dll
0x00007ffe9be20000 - 0x00007ffe9be28000 	C:\WINDOWS\System32\PSAPI.DLL
0x00007ffe94be0000 - 0x00007ffe94bea000 	C:\WINDOWS\SYSTEM32\VERSION.dll
0x00007ffe87590000 - 0x00007ffe87599000 	C:\WINDOWS\SYSTEM32\WSOCK32.dll
0x00007ffe97790000 - 0x00007ffe977b3000 	C:\WINDOWS\SYSTEM32\WINMM.dll
0x00007ffe9c180000 - 0x00007ffe9c1ec000 	C:\WINDOWS\System32\WS2_32.dll
0x00007ffe97760000 - 0x00007ffe9778a000 	C:\WINDOWS\SYSTEM32\winmmbase.dll
0x00007ffe9ad40000 - 0x00007ffe9ad89000 	C:\WINDOWS\System32\cfgmgr32.dll
0x0000000058ee0000 - 0x0000000058eef000 	C:\Program Files\Java\jdk1.8.0_131\jre\bin\verify.dll
0x00000000575f0000 - 0x0000000057619000 	C:\Program Files\Java\jdk1.8.0_131\jre\bin\java.dll
0x0000000057540000 - 0x0000000057563000 	C:\Program Files\Java\jdk1.8.0_131\jre\bin\instrument.dll
0x00000000575d0000 - 0x00000000575e6000 	C:\Program Files\Java\jdk1.8.0_131\jre\bin\zip.dll
0x00007ffe9c680000 - 0x00007ffe9dac0000 	C:\WINDOWS\System32\SHELL32.dll
0x00007ffe9b920000 - 0x00007ffe9b9c9000 	C:\WINDOWS\System32\shcore.dll
0x00007ffe99ec0000 - 0x00007ffe9a5cd000 	C:\WINDOWS\System32\windows.storage.dll
0x00007ffe9c620000 - 0x00007ffe9c671000 	C:\WINDOWS\System32\shlwapi.dll
0x00007ffe99e20000 - 0x00007ffe99e31000 	C:\WINDOWS\System32\kernel.appcore.dll
0x00007ffe99e40000 - 0x00007ffe99e5f000 	C:\WINDOWS\System32\profapi.dll
0x00007ffe99e70000 - 0x00007ffe99ebc000 	C:\WINDOWS\System32\powrprof.dll
0x00007ffe99e60000 - 0x00007ffe99e6a000 	C:\WINDOWS\System32\FLTLIB.DLL
0x00007ffe7a840000 - 0x00007ffe7a85a000 	C:\Program Files\JetBrains\IntelliJ IDEA Community Edition 2019.1.2\bin\breakgen64.dll
0x00000000575b0000 - 0x00000000575ca000 	C:\Program Files\Java\jdk1.8.0_131\jre\bin\net.dll
0x00007ffe99680000 - 0x00007ffe996e6000 	C:\WINDOWS\system32\mswsock.dll
0x0000000057590000 - 0x00000000575a1000 	C:\Program Files\Java\jdk1.8.0_131\jre\bin\nio.dll
0x00007ffe5d760000 - 0x00007ffe5d7c3000 	C:\Users\20174019\AppData\Local\Temp\lwjgl20174019\3.2.1-build-12\lwjgl.dll
0x00007ffe74030000 - 0x00007ffe7408e000 	C:\Users\20174019\AppData\Local\Temp\lwjgl20174019\3.2.1-build-12\glfw.dll
0x00007ffe97fc0000 - 0x00007ffe98058000 	C:\WINDOWS\system32\uxtheme.dll
0x00007ffe5bef0000 - 0x00007ffe5bf33000 	C:\WINDOWS\SYSTEM32\dinput8.dll
0x00007ffe978b0000 - 0x00007ffe978c0000 	C:\WINDOWS\SYSTEM32\xinput1_4.dll
0x00007ffe99c10000 - 0x00007ffe99c37000 	C:\WINDOWS\SYSTEM32\DEVOBJ.dll
0x00007ffe98210000 - 0x00007ffe98239000 	C:\WINDOWS\SYSTEM32\dwmapi.dll
0x00007ffe941f0000 - 0x00007ffe94269000 	C:\WINDOWS\SYSTEM32\inputhost.dll
0x00007ffe95470000 - 0x00007ffe955bd000 	C:\WINDOWS\SYSTEM32\wintypes.dll
0x00007ffe96cd0000 - 0x00007ffe96daa000 	C:\WINDOWS\SYSTEM32\CoreMessaging.dll
0x00007ffe939d0000 - 0x00007ffe93cee000 	C:\WINDOWS\SYSTEM32\CoreUIComponents.dll
0x00007ffe98e30000 - 0x00007ffe98e61000 	C:\WINDOWS\SYSTEM32\ntmarta.dll
0x00007ffe9bae0000 - 0x00007ffe9bc53000 	C:\WINDOWS\System32\MSCTF.dll
0x00007ffe9bd50000 - 0x00007ffe9be12000 	C:\WINDOWS\System32\OLEAUT32.dll
0x00007ffe987a0000 - 0x00007ffe987ac000 	C:\WINDOWS\SYSTEM32\HID.DLL
0x00007ffe9b080000 - 0x00007ffe9b4cb000 	C:\WINDOWS\System32\SETUPAPI.DLL
0x00007ffe9aaa0000 - 0x00007ffe9aaf7000 	C:\WINDOWS\System32\WINTRUST.dll
0x00007ffe99e00000 - 0x00007ffe99e12000 	C:\WINDOWS\System32\MSASN1.dll
0x00007ffe9ad90000 - 0x00007ffe9af72000 	C:\WINDOWS\System32\CRYPT32.dll
0x00007ffe7b800000 - 0x00007ffe7b920000 	C:\WINDOWS\SYSTEM32\opengl32.dll
0x00007ffe7d350000 - 0x00007ffe7d37c000 	C:\WINDOWS\SYSTEM32\GLU32.dll
0x00007ffe3d900000 - 0x00007ffe3e7ab000 	C:\WINDOWS\System32\DriverStore\FileRepository\ki130871.inf_amd64_382f7c369d4bf777\ig9icd64.dll
0x00007ffe98c80000 - 0x00007ffe98d3b000 	C:\WINDOWS\system32\dxgi.dll
0x00007ffe5b980000 - 0x00007ffe5ba63000 	C:\WINDOWS\System32\DriverStore\FileRepository\ki130871.inf_amd64_382f7c369d4bf777\igdgmm64.dll
0x00007ffe8f4a0000 - 0x00007ffe9141c000 	C:\WINDOWS\System32\DriverStore\FileRepository\ki130871.inf_amd64_382f7c369d4bf777\igc64.dll
0x00007ffe94270000 - 0x00007ffe94306000 	C:\WINDOWS\System32\TextInputFramework.dll
0x00007ffe562c0000 - 0x00007ffe56318000 	C:\Users\20174019\AppData\Local\Temp\lwjgl20174019\3.2.1-build-12\lwjgl_opengl.dll
0x00007ffe56240000 - 0x00007ffe562b9000 	C:\Users\20174019\AppData\Local\Temp\lwjgl20174019\3.2.1-build-12\lwjgl_stb.dll
0x00007ffe3d230000 - 0x00007ffe3d8f3000 	C:\Users\20174019\AppData\Local\Temp\lwjgl20174019\3.2.1-build-12\assimp.dll
0x00007ffe98850000 - 0x00007ffe98a19000 	C:\WINDOWS\SYSTEM32\dbghelp.dll

VM Arguments:
jvm_args: -javaagent:C:\Program Files\JetBrains\IntelliJ IDEA Community Edition 2019.1.2\lib\idea_rt.jar=57390:C:\Program Files\JetBrains\IntelliJ IDEA Community Edition 2019.1.2\bin -Dfile.encoding=UTF-8 
java_command: Main
java_class_path (initial): C:\Program Files\Java\jdk1.8.0_131\jre\lib\charsets.jar;C:\Program Files\Java\jdk1.8.0_131\jre\lib\deploy.jar;C:\Program Files\Java\jdk1.8.0_131\jre\lib\ext\access-bridge-64.jar;C:\Program Files\Java\jdk1.8.0_131\jre\lib\ext\cldrdata.jar;C:\Program Files\Java\jdk1.8.0_131\jre\lib\ext\dnsns.jar;C:\Program Files\Java\jdk1.8.0_131\jre\lib\ext\jaccess.jar;C:\Program Files\Java\jdk1.8.0_131\jre\lib\ext\jfxrt.jar;C:\Program Files\Java\jdk1.8.0_131\jre\lib\ext\localedata.jar;C:\Program Files\Java\jdk1.8.0_131\jre\lib\ext\nashorn.jar;C:\Program Files\Java\jdk1.8.0_131\jre\lib\ext\sunec.jar;C:\Program Files\Java\jdk1.8.0_131\jre\lib\ext\sunjce_provider.jar;C:\Program Files\Java\jdk1.8.0_131\jre\lib\ext\sunmscapi.jar;C:\Program Files\Java\jdk1.8.0_131\jre\lib\ext\sunpkcs11.jar;C:\Program Files\Java\jdk1.8.0_131\jre\lib\ext\zipfs.jar;C:\Program Files\Java\jdk1.8.0_131\jre\lib\javaws.jar;C:\Program Files\Java\jdk1.8.0_131\jre\lib\jce.jar;C:\Program Files\Java\jdk1.8.0_131\jre\lib\jfr.jar;C:\Program Files\Java\jdk1.8.0_131\jre\lib\jfxswt.jar;C:\Program Files\Java\jdk1.8.0_131\jre\lib\jsse.jar;C:\Program Files\Java\jdk1.8.0_131\jre\lib\management-agent.jar;C:\Program Files\Java\jdk1.8.0_131\jre\lib\plugin.jar;C:\Program Files\Java\jdk1.8.0_131\jre\lib\resources.jar;C:\Program Files\Java\jdk1.8.0_131\jre\lib\rt.jar;C:\Users\20174019\OneDrive - TU Eindhoven\College\Q4_IOE0_DBL_Interactive Intelligent Systems\Repo\Genomen4\out\production\classes;C:\Users\20174019\.gradle\caches\modules-2\files-2.1\org.joml\joml\1.9.14\ba53d31c0fb0e76ab066cba198fd8d040e1b5e9b\joml-1.9.14.jar;C:\Users\20174019\.gradle\caches\modules-2\files-2.1\org.deeplearning4j\deeplearning4j-core\1.0.0-beta4\e04edc115bfd00c6b8ed09eca7ee1ddeb32fa852\deeplearning4j-core-1.0.0-beta4.jar;C:\Users\20174019\.gradle\caches\modules-2\files-2.1\org.nd4j\nd4j-native-platform\1.0.0-beta4\c0c4faf961fe6340d7be485910f66a5abd33ed57\nd4j-native-platform-1.0.0-beta4.jar;C:\Users\20174019\.gradle\caches\
Launcher Type: SUN_STANDARD

Environment Variables:
PATH=C:\Program Files (x86)\NVIDIA Corporation\PhysX\Common;C:\Program Files (x86)\Common Files\Oracle\Java\javapath;C:\ProgramData\Oracle\Java\javapath;C:\Windows\System32;C:\Windows;C:\Windows\System32\wbem;C:\Windows\System32\WindowsPowerShell\v1.0\;C:\Program Files\OpenVPN\bin;C:\Program Files\MiKTeX 2.9\miktex\bin\x64\;C:\Program Files (x86)\GnuPG\bin;C:\Program Files\Calibre2\;C:\Program Files\Git\cmd;C:\WINDOWS\system32;C:\WINDOWS;C:\WINDOWS\System32\Wbem;C:\WINDOWS\System32\WindowsPowerShell\v1.0\;C:\WINDOWS\System32\OpenSSH\;C:\Program Files\PuTTY\;C:\Users\20174019\AppData\Local\Microsoft\WindowsApps;;C:\Program Files\Mercurial;C:\Program Files\JetBrains\IntelliJ IDEA Community Edition 2019.1.2\bin;
USERNAME=20174019
OS=Windows_NT
PROCESSOR_IDENTIFIER=Intel64 Family 6 Model 158 Stepping 9, GenuineIntel



---------------  S Y S T E M  ---------------

OS: Windows 10.0 , 64 bit Build 17134 (10.0.17134.753)

CPU:total 8 (initial active 8) (4 cores per cpu, 2 threads per core) family 6 model 158 stepping 9, cmov, cx8, fxsr, mmx, sse, sse2, sse3, ssse3, sse4.1, sse4.2, popcnt, avx, avx2, aes, clmul, erms, 3dnowpref, lzcnt, ht, tsc, tscinvbit, bmi1, bmi2, adx

Memory: 4k page, physical 8264924k(2174844k free), swap 17177820k(5710868k free)

vm_info: Java HotSpot(TM) 64-Bit Server VM (25.131-b11) for windows-amd64 JRE (1.8.0_131-b11), built on Mar 15 2017 01:23:53 by "java_re" with MS VC++ 10.0 (VS2010)

time: Mon Jun 10 00:56:03 2019
elapsed time: 1 seconds (0d 0h 0m 1s)

