#
# A fatal error has been detected by the Java Runtime Environment:
#
#  EXCEPTION_ACCESS_VIOLATION (0xc0000005) at pc=0x00000000578000c9, pid=13524, tid=0x0000000000001d0c
#
# JRE version: Java(TM) SE Runtime Environment (8.0_131-b11) (build 1.8.0_131-b11)
# Java VM: Java HotSpot(TM) 64-Bit Server VM (25.131-b11 mixed mode windows-amd64 compressed oops)
# Problematic frame:
# V  [jvm.dll+0x1e00c9]
#
# Failed to write core dump. Minidumps are not enabled by default on client versions of Windows
#
# If you would like to submit a bug report, please visit:
#   http://bugreport.java.com/bugreport/crash.jsp
#

---------------  T H R E A D  ---------------

Current thread (0x00000000025fb800):  JavaThread "main" [_thread_in_vm, id=7436, stack(0x00000000024f0000,0x00000000025f0000)]

siginfo: ExceptionCode=0xc0000005, reading address 0x000000002700ea38

Registers:
RAX=0x0000000000000000, RBX=0x00000000025fb800, RCX=0x0000000000000b80, RDX=0x00000000025ef340
RSP=0x00000000025ef2f0, RBP=0x000000002700ea38, RSI=0x0000000000000000, RDI=0x0000000000000000
R8 =0x0000000000000000, R9 =0x000000002700ea38, R10=0x0000000002b7e64f, R11=0x0000000002b7e618
R12=0x0000000000000000, R13=0x00000000025ef398, R14=0x00000000025ef410, R15=0x00000000025fb800
RIP=0x00000000578000c9, EFLAGS=0x0000000000010246

Top of Stack: (sp=0x00000000025ef2f0)
0x00000000025ef2f0:   0000000000000108 0000000000000000
0x00000000025ef300:   0000000000000001 00000000025ef308
0x00000000025ef310:   000000000285835d 0000000002b7e6cd
0x00000000025ef320:   0000000016e7c078 00000000025ef380
0x00000000025ef330:   0000000000000108 0000000000000000
0x00000000025ef340:   0000000081e9f140 0000000000000000
0x00000000025ef350:   0000000002857e70 0000000000000000
0x00000000025ef360:   0000000000000031 00000000025ef368
0x00000000025ef370:   0000000000000000 00000000025ef3e0
0x00000000025ef380:   00000000025ef3f8 0000000002857da0
0x00000000025ef390:   0000000002857da0 000000002700ea38
0x00000000025ef3a0:   00000000025ef3c8 0000000000000000
0x00000000025ef3b0:   0000000081e9f140 00000000025ef3b8
0x00000000025ef3c0:   0000000029e20e2a 00000000025ef410
0x00000000025ef3d0:   0000000029e22798 0000000029e342a0
0x00000000025ef3e0:   0000000029e20e48 00000000025ef398 

Instructions: (pc=0x00000000578000c9)
0x00000000578000a9:   00 00 00 30 74 08 48 8b cb e8 09 2d 06 00 c7 83
0x00000000578000b9:   70 02 00 00 06 00 00 00 48 85 f6 74 03 48 8b 3e
0x00000000578000c9:   8b 2c 2f 48 8b 7b 48 48 8b 47 10 48 8b 77 08 48
0x00000000578000d9:   83 38 00 74 15 48 8b 57 28 48 8b ce e8 d6 df ee 


Register to memory mapping:

RAX=0x0000000000000000 is an unknown value
RBX=0x00000000025fb800 is a thread
RCX=0x0000000000000b80 is an unknown value
RDX=0x00000000025ef340 is pointing into the stack for thread: 0x00000000025fb800
RSP=0x00000000025ef2f0 is pointing into the stack for thread: 0x00000000025fb800
RBP=0x000000002700ea38 is an unknown value
RSI=0x0000000000000000 is an unknown value
RDI=0x0000000000000000 is an unknown value
R8 =0x0000000000000000 is an unknown value
R9 =0x000000002700ea38 is an unknown value
R10=0x0000000002b7e64f is at entry_point+79 in (nmethod*)0x0000000002b7e490
R11=0x0000000002b7e618 is at entry_point+24 in (nmethod*)0x0000000002b7e490
R12=0x0000000000000000 is an unknown value
R13=0x00000000025ef398 is pointing into the stack for thread: 0x00000000025fb800
R14=0x00000000025ef410 is pointing into the stack for thread: 0x00000000025fb800
R15=0x00000000025fb800 is a thread


Stack: [0x00000000024f0000,0x00000000025f0000],  sp=0x00000000025ef2f0,  free space=1020k
Native frames: (J=compiled Java code, j=interpreted, Vv=VM code, C=native code)
V  [jvm.dll+0x1e00c9]
C  0x0000000002b7e6cd

Java frames: (J=compiled Java code, j=interpreted, Vv=VM code)
J 756  sun.misc.Unsafe.getInt(Ljava/lang/Object;J)I (0 bytes) @ 0x0000000002b7e64f [0x0000000002b7e600+0x4f]
j  org.lwjgl.assimp.AIMesh.nmNumBones(J)I+10
j  org.lwjgl.assimp.AIMesh.mNumBones()I+4
j  Graphics.Animation.loaders.AnimModelLoader.loadAnimModelInVao(Ljava/lang/String;LGraphics/RenderEngine/Loader;)LGraphics/Models/BaseModel;+1246
j  Graphics.RenderEngine.Scene.initActors([LGameState/Entities/Actor;)V+25
j  Graphics.RenderEngine.Scene.init()V+8
j  Graphics.RenderEngine.Scene.<init>(LGameState/World;)V+54
j  Graphics.WindowManager.<init>()V+130
j  Main.main([Ljava/lang/String;)V+7
v  ~StubRoutines::call_stub

---------------  P R O C E S S  ---------------

Java Threads: ( => current thread )
  0x000000001a376000 JavaThread "Service Thread" daemon [_thread_blocked, id=11480, stack(0x000000001abc0000,0x000000001acc0000)]
  0x000000001a2bc800 JavaThread "C1 CompilerThread3" daemon [_thread_blocked, id=10092, stack(0x000000001aac0000,0x000000001abc0000)]
  0x000000001a2b5800 JavaThread "C2 CompilerThread2" daemon [_thread_blocked, id=9156, stack(0x000000001a9c0000,0x000000001aac0000)]
  0x000000001a2b5000 JavaThread "C2 CompilerThread1" daemon [_thread_in_native, id=3976, stack(0x000000001a8c0000,0x000000001a9c0000)]
  0x000000001a2b0000 JavaThread "C2 CompilerThread0" daemon [_thread_blocked, id=3568, stack(0x000000001a7c0000,0x000000001a8c0000)]
  0x000000001a288800 JavaThread "Monitor Ctrl-Break" daemon [_thread_in_native, id=252, stack(0x000000001a6c0000,0x000000001a7c0000)]
  0x00000000196e7800 JavaThread "Attach Listener" daemon [_thread_blocked, id=3452, stack(0x0000000019db0000,0x0000000019eb0000)]
  0x00000000196e6800 JavaThread "Signal Dispatcher" daemon [_thread_blocked, id=14492, stack(0x0000000019cb0000,0x0000000019db0000)]
  0x00000000196d0800 JavaThread "Finalizer" daemon [_thread_blocked, id=10204, stack(0x0000000019ab0000,0x0000000019bb0000)]
  0x00000000177f5000 JavaThread "Reference Handler" daemon [_thread_blocked, id=12572, stack(0x00000000195b0000,0x00000000196b0000)]
=>0x00000000025fb800 JavaThread "main" [_thread_in_vm, id=7436, stack(0x00000000024f0000,0x00000000025f0000)]

Other Threads:
  0x00000000177ec000 VMThread [stack: 0x00000000194b0000,0x00000000195b0000] [id=13360]
  0x000000001a50f800 WatcherThread [stack: 0x000000001acc0000,0x000000001adc0000] [id=14692]

VM state:not at safepoint (normal execution)

VM Mutex/Monitor currently owned by a thread: None

Heap:
 PSYoungGen      total 257024K, used 67793K [0x00000000d5f80000, 0x00000000e6680000, 0x0000000100000000)
  eden space 254464K, 25% used [0x00000000d5f80000,0x00000000d9f37b98,0x00000000e5800000)
  from space 2560K, 99% used [0x00000000e6380000,0x00000000e65fc8a0,0x00000000e6600000)
  to   space 512K, 0% used [0x00000000e6600000,0x00000000e6600000,0x00000000e6680000)
 ParOldGen       total 87552K, used 12352K [0x0000000081e00000, 0x0000000087380000, 0x00000000d5f80000)
  object space 87552K, 14% used [0x0000000081e00000,0x0000000082a10200,0x0000000087380000)
 Metaspace       used 11982K, capacity 12225K, committed 12416K, reserved 1060864K
  class space    used 952K, capacity 1042K, committed 1152K, reserved 1048576K

Card table byte_map: [0x0000000011c10000,0x0000000012010000] byte_map_base: 0x0000000011801000

Marking Bits: (ParMarkBitMap*) 0x0000000057e3c720
 Begin Bits: [0x0000000012ac0000, 0x0000000014a48000)
 End Bits:   [0x0000000014a48000, 0x00000000169d0000)

Polling page: 0x0000000002430000

CodeCache: size=245760Kb used=5118Kb max_used=5118Kb free=240642Kb
 bounds [0x0000000002850000, 0x0000000002d60000, 0x0000000011850000]
 total_blobs=2142 nmethods=1180 adapters=875
 compilation: enabled

Compilation events (10 events):
Event: 3.211 Thread 0x000000001a2bc800 1177   !   3       org.lwjgl.system.Struct::wrap (39 bytes)
Event: 3.212 Thread 0x000000001a2bc800 nmethod 1177 0x0000000002d1f210 code [0x0000000002d1f3a0, 0x0000000002d1f778]
Event: 3.225 Thread 0x000000001a2bc800 1178       3       org.lwjgl.assimp.AIQuatKey::sizeof (4 bytes)
Event: 3.225 Thread 0x000000001a2bc800 nmethod 1178 0x0000000002d1eed0 code [0x0000000002d1f020, 0x0000000002d1f170]
Event: 3.225 Thread 0x000000001a2bc800 1179       3       org.lwjgl.assimp.AIQuatKey::mTime (8 bytes)
Event: 3.225 Thread 0x000000001a2bc800 nmethod 1179 0x0000000002d1e9d0 code [0x0000000002d1eb40, 0x0000000002d1edd0]
Event: 3.225 Thread 0x000000001a2bc800 1180       3       org.lwjgl.assimp.AIQuatKey::nmTime (14 bytes)
Event: 3.226 Thread 0x000000001a2bc800 nmethod 1180 0x0000000002d1e690 code [0x0000000002d1e7e0, 0x0000000002d1e930]
Event: 3.226 Thread 0x000000001a2bc800 1181       3       org.lwjgl.system.MemoryUtil::memByteBuffer (29 bytes)
Event: 3.226 Thread 0x000000001a2bc800 nmethod 1181 0x0000000002d1de90 code [0x0000000002d1e040, 0x0000000002d1e4c8]

GC Heap History (10 events):
Event: 0.818 GC heap before
{Heap before GC invocations=5 (full 0):
 PSYoungGen      total 71680K, used 68260K [0x00000000d5f80000, 0x00000000daa80000, 0x0000000100000000)
  eden space 66560K, 100% used [0x00000000d5f80000,0x00000000da080000,0x00000000da080000)
  from space 5120K, 33% used [0x00000000da580000,0x00000000da729368,0x00000000daa80000)
  to   space 5120K, 0% used [0x00000000da080000,0x00000000da080000,0x00000000da580000)
 ParOldGen       total 87552K, used 32K [0x0000000081e00000, 0x0000000087380000, 0x00000000d5f80000)
  object space 87552K, 0% used [0x0000000081e00000,0x0000000081e08000,0x0000000087380000)
 Metaspace       used 3773K, capacity 4640K, committed 4864K, reserved 1056768K
  class space    used 412K, capacity 464K, committed 512K, reserved 1048576K
Event: 0.819 GC heap after
Heap after GC invocations=5 (full 0):
 PSYoungGen      total 71680K, used 1540K [0x00000000d5f80000, 0x00000000de580000, 0x0000000100000000)
  eden space 66560K, 0% used [0x00000000d5f80000,0x00000000d5f80000,0x00000000da080000)
  from space 5120K, 30% used [0x00000000da080000,0x00000000da201368,0x00000000da580000)
  to   space 2048K, 0% used [0x00000000de380000,0x00000000de380000,0x00000000de580000)
 ParOldGen       total 87552K, used 40K [0x0000000081e00000, 0x0000000087380000, 0x00000000d5f80000)
  object space 87552K, 0% used [0x0000000081e00000,0x0000000081e0a000,0x0000000087380000)
 Metaspace       used 3773K, capacity 4640K, committed 4864K, reserved 1056768K
  class space    used 412K, capacity 464K, committed 512K, reserved 1048576K
}
Event: 0.919 GC heap before
{Heap before GC invocations=6 (full 0):
 PSYoungGen      total 71680K, used 68100K [0x00000000d5f80000, 0x00000000de580000, 0x0000000100000000)
  eden space 66560K, 100% used [0x00000000d5f80000,0x00000000da080000,0x00000000da080000)
  from space 5120K, 30% used [0x00000000da080000,0x00000000da201368,0x00000000da580000)
  to   space 2048K, 0% used [0x00000000de380000,0x00000000de380000,0x00000000de580000)
 ParOldGen       total 87552K, used 40K [0x0000000081e00000, 0x0000000087380000, 0x00000000d5f80000)
  object space 87552K, 0% used [0x0000000081e00000,0x0000000081e0a000,0x0000000087380000)
 Metaspace       used 3781K, capacity 4640K, committed 4864K, reserved 1056768K
  class space    used 412K, capacity 464K, committed 512K, reserved 1048576K
Event: 0.920 GC heap after
Heap after GC invocations=6 (full 0):
 PSYoungGen      total 135168K, used 1604K [0x00000000d5f80000, 0x00000000de580000, 0x0000000100000000)
  eden space 133120K, 0% used [0x00000000d5f80000,0x00000000d5f80000,0x00000000de180000)
  from space 2048K, 78% used [0x00000000de380000,0x00000000de511368,0x00000000de580000)
  to   space 2048K, 0% used [0x00000000de180000,0x00000000de180000,0x00000000de380000)
 ParOldGen       total 87552K, used 48K [0x0000000081e00000, 0x0000000087380000, 0x00000000d5f80000)
  object space 87552K, 0% used [0x0000000081e00000,0x0000000081e0c000,0x0000000087380000)
 Metaspace       used 3781K, capacity 4640K, committed 4864K, reserved 1056768K
  class space    used 412K, capacity 464K, committed 512K, reserved 1048576K
}
Event: 1.174 GC heap before
{Heap before GC invocations=7 (full 0):
 PSYoungGen      total 135168K, used 134724K [0x00000000d5f80000, 0x00000000de580000, 0x0000000100000000)
  eden space 133120K, 100% used [0x00000000d5f80000,0x00000000de180000,0x00000000de180000)
  from space 2048K, 78% used [0x00000000de380000,0x00000000de511368,0x00000000de580000)
  to   space 2048K, 0% used [0x00000000de180000,0x00000000de180000,0x00000000de380000)
 ParOldGen       total 87552K, used 48K [0x0000000081e00000, 0x0000000087380000, 0x00000000d5f80000)
  object space 87552K, 0% used [0x0000000081e00000,0x0000000081e0c000,0x0000000087380000)
 Metaspace       used 4289K, capacity 4672K, committed 4864K, reserved 1056768K
  class space    used 465K, capacity 496K, committed 512K, reserved 1048576K
Event: 1.178 GC heap after
Heap after GC invocations=7 (full 0):
 PSYoungGen      total 135168K, used 704K [0x00000000d5f80000, 0x00000000e6880000, 0x0000000100000000)
  eden space 133120K, 0% used [0x00000000d5f80000,0x00000000d5f80000,0x00000000de180000)
  from space 2048K, 34% used [0x00000000de180000,0x00000000de230000,0x00000000de380000)
  to   space 2560K, 0% used [0x00000000e6600000,0x00000000e6600000,0x00000000e6880000)
 ParOldGen       total 87552K, used 1356K [0x0000000081e00000, 0x0000000087380000, 0x00000000d5f80000)
  object space 87552K, 1% used [0x0000000081e00000,0x0000000081f533c8,0x0000000087380000)
 Metaspace       used 4289K, capacity 4672K, committed 4864K, reserved 1056768K
  class space    used 465K, capacity 496K, committed 512K, reserved 1048576K
}
Event: 1.386 GC heap before
{Heap before GC invocations=8 (full 0):
 PSYoungGen      total 135168K, used 133824K [0x00000000d5f80000, 0x00000000e6880000, 0x0000000100000000)
  eden space 133120K, 100% used [0x00000000d5f80000,0x00000000de180000,0x00000000de180000)
  from space 2048K, 34% used [0x00000000de180000,0x00000000de230000,0x00000000de380000)
  to   space 2560K, 0% used [0x00000000e6600000,0x00000000e6600000,0x00000000e6880000)
 ParOldGen       total 87552K, used 1356K [0x0000000081e00000, 0x0000000087380000, 0x00000000d5f80000)
  object space 87552K, 1% used [0x0000000081e00000,0x0000000081f533c8,0x0000000087380000)
 Metaspace       used 4289K, capacity 4672K, committed 4864K, reserved 1056768K
  class space    used 465K, capacity 496K, committed 512K, reserved 1048576K
Event: 1.387 GC heap after
Heap after GC invocations=8 (full 0):
 PSYoungGen      total 268800K, used 672K [0x00000000d5f80000, 0x00000000e6880000, 0x0000000100000000)
  eden space 266240K, 0% used [0x00000000d5f80000,0x00000000d5f80000,0x00000000e6380000)
  from space 2560K, 26% used [0x00000000e6600000,0x00000000e66a8000,0x00000000e6880000)
  to   space 2560K, 0% used [0x00000000e6380000,0x00000000e6380000,0x00000000e6600000)
 ParOldGen       total 87552K, used 1380K [0x0000000081e00000, 0x0000000087380000, 0x00000000d5f80000)
  object space 87552K, 1% used [0x0000000081e00000,0x0000000081f593c8,0x0000000087380000)
 Metaspace       used 4289K, capacity 4672K, committed 4864K, reserved 1056768K
  class space    used 465K, capacity 496K, committed 512K, reserved 1048576K
}
Event: 2.693 GC heap before
{Heap before GC invocations=9 (full 0):
 PSYoungGen      total 268800K, used 266912K [0x00000000d5f80000, 0x00000000e6880000, 0x0000000100000000)
  eden space 266240K, 100% used [0x00000000d5f80000,0x00000000e6380000,0x00000000e6380000)
  from space 2560K, 26% used [0x00000000e6600000,0x00000000e66a8000,0x00000000e6880000)
  to   space 2560K, 0% used [0x00000000e6380000,0x00000000e6380000,0x00000000e6600000)
 ParOldGen       total 87552K, used 1380K [0x0000000081e00000, 0x0000000087380000, 0x00000000d5f80000)
  object space 87552K, 1% used [0x0000000081e00000,0x0000000081f593c8,0x0000000087380000)
 Metaspace       used 11713K, capacity 11937K, committed 12032K, reserved 1060864K
  class space    used 931K, capacity 1010K, committed 1024K, reserved 1048576K
Event: 2.701 GC heap after
Heap after GC invocations=9 (full 0):
 PSYoungGen      total 257024K, used 2546K [0x00000000d5f80000, 0x00000000e6680000, 0x0000000100000000)
  eden space 254464K, 0% used [0x00000000d5f80000,0x00000000d5f80000,0x00000000e5800000)
  from space 2560K, 99% used [0x00000000e6380000,0x00000000e65fc8a0,0x00000000e6600000)
  to   space 512K, 0% used [0x00000000e6600000,0x00000000e6600000,0x00000000e6680000)
 ParOldGen       total 87552K, used 12352K [0x0000000081e00000, 0x0000000087380000, 0x00000000d5f80000)
  object space 87552K, 14% used [0x0000000081e00000,0x0000000082a10200,0x0000000087380000)
 Metaspace       used 11713K, capacity 11937K, committed 12032K, reserved 1060864K
  class space    used 931K, capacity 1010K, committed 1024K, reserved 1048576K
}

Deoptimization events (10 events):
Event: 2.665 Thread 0x00000000025fb800 Uncommon trap: reason=speculate_class_check action=maybe_recompile pc=0x0000000002cdbd48 method=org.lwjgl.system.Struct.wrap(JILjava/nio/ByteBuffer;)Lorg/lwjgl/system/Struct; @ 44
Event: 2.665 Thread 0x00000000025fb800 Uncommon trap: reason=speculate_class_check action=maybe_recompile pc=0x0000000002cdbd48 method=org.lwjgl.system.Struct.wrap(JILjava/nio/ByteBuffer;)Lorg/lwjgl/system/Struct; @ 44
Event: 2.683 Thread 0x00000000025fb800 Uncommon trap: reason=bimorphic action=maybe_recompile pc=0x0000000002ce2a38 method=org.lwjgl.system.StructBuffer.get(I)Lorg/lwjgl/system/Struct; @ 1
Event: 2.683 Thread 0x00000000025fb800 Uncommon trap: reason=bimorphic action=maybe_recompile pc=0x0000000002ce2a38 method=org.lwjgl.system.StructBuffer.get(I)Lorg/lwjgl/system/Struct; @ 1
Event: 2.683 Thread 0x00000000025fb800 Uncommon trap: reason=bimorphic action=maybe_recompile pc=0x0000000002ce2a38 method=org.lwjgl.system.StructBuffer.get(I)Lorg/lwjgl/system/Struct; @ 1
Event: 2.683 Thread 0x00000000025fb800 Uncommon trap: reason=bimorphic action=maybe_recompile pc=0x0000000002ce2a38 method=org.lwjgl.system.StructBuffer.get(I)Lorg/lwjgl/system/Struct; @ 1
Event: 2.710 Thread 0x00000000025fb800 Uncommon trap: reason=unstable_if action=reinterpret pc=0x0000000002cf041c method=Graphics.Animation.loaders.AnimModelLoader.loadAnimModelInVao(Ljava/lang/String;LGraphics/RenderEngine/Loader;)LGraphics/Models/BaseModel; @ 490
Event: 2.732 Thread 0x00000000025fb800 Uncommon trap: reason=null_assert action=make_not_entrant pc=0x0000000002d1b964 method=Graphics.Animation.loaders.AnimModelLoader.loadAnimModelInVao(Ljava/lang/String;LGraphics/RenderEngine/Loader;)LGraphics/Models/BaseModel; @ 613
Event: 3.183 Thread 0x00000000025fb800 Uncommon trap: reason=unstable_if action=reinterpret pc=0x0000000002ce6a70 method=Graphics.Animation.loaders.AnimModelLoader.loadAnimModelInVao(Ljava/lang/String;LGraphics/RenderEngine/Loader;)LGraphics/Models/BaseModel; @ 168
Event: 3.183 Thread 0x00000000025fb800 Uncommon trap: reason=unstable_if action=reinterpret pc=0x0000000002cead08 method=Graphics.Animation.loaders.AnimModelLoader.loadAnimModelInVao(Ljava/lang/String;LGraphics/RenderEngine/Loader;)LGraphics/Models/BaseModel; @ 328

Internal exceptions (10 events):
Event: 1.835 Thread 0x00000000025fb800 Exception <a 'java/security/PrivilegedActionException'> (0x00000000e1cc2300) thrown at [C:\re\workspace\8-2-build-windows-amd64-cygwin\jdk8u131\8869\hotspot\src\share\vm\prims\jvm.cpp, line 1390]
Event: 1.835 Thread 0x00000000025fb800 Exception <a 'java/security/PrivilegedActionException'> (0x00000000e1cc2510) thrown at [C:\re\workspace\8-2-build-windows-amd64-cygwin\jdk8u131\8869\hotspot\src\share\vm\prims\jvm.cpp, line 1390]
Event: 1.835 Thread 0x00000000025fb800 Exception <a 'java/security/PrivilegedActionException'> (0x00000000e1cc4688) thrown at [C:\re\workspace\8-2-build-windows-amd64-cygwin\jdk8u131\8869\hotspot\src\share\vm\prims\jvm.cpp, line 1390]
Event: 1.835 Thread 0x00000000025fb800 Exception <a 'java/security/PrivilegedActionException'> (0x00000000e1cc4898) thrown at [C:\re\workspace\8-2-build-windows-amd64-cygwin\jdk8u131\8869\hotspot\src\share\vm\prims\jvm.cpp, line 1390]
Event: 1.835 Thread 0x00000000025fb800 Exception <a 'java/security/PrivilegedActionException'> (0x00000000e1cc68b0) thrown at [C:\re\workspace\8-2-build-windows-amd64-cygwin\jdk8u131\8869\hotspot\src\share\vm\prims\jvm.cpp, line 1390]
Event: 1.835 Thread 0x00000000025fb800 Exception <a 'java/security/PrivilegedActionException'> (0x00000000e1cc6ac0) thrown at [C:\re\workspace\8-2-build-windows-amd64-cygwin\jdk8u131\8869\hotspot\src\share\vm\prims\jvm.cpp, line 1390]
Event: 1.835 Thread 0x00000000025fb800 Exception <a 'java/security/PrivilegedActionException'> (0x00000000e1cc8a28) thrown at [C:\re\workspace\8-2-build-windows-amd64-cygwin\jdk8u131\8869\hotspot\src\share\vm\prims\jvm.cpp, line 1390]
Event: 1.835 Thread 0x00000000025fb800 Exception <a 'java/security/PrivilegedActionException'> (0x00000000e1cc8c38) thrown at [C:\re\workspace\8-2-build-windows-amd64-cygwin\jdk8u131\8869\hotspot\src\share\vm\prims\jvm.cpp, line 1390]
Event: 2.004 Thread 0x00000000025fb800 Exception <a 'sun/nio/fs/WindowsException'> (0x00000000e1ecc938) thrown at [C:\re\workspace\8-2-build-windows-amd64-cygwin\jdk8u131\8869\hotspot\src\share\vm\prims\jni.cpp, line 709]
Event: 2.005 Thread 0x00000000025fb800 Exception <a 'sun/nio/fs/WindowsException'> (0x00000000e1ece370) thrown at [C:\re\workspace\8-2-build-windows-amd64-cygwin\jdk8u131\8869\hotspot\src\share\vm\prims\jni.cpp, line 709]

Events (10 events):
Event: 3.004 loading class Graphics/Models/ActorModel
Event: 3.004 loading class Graphics/Models/ActorModel done
Event: 3.004 loading class Graphics/Animation/Animator
Event: 3.004 loading class Graphics/Animation/Animator done
Event: 3.183 Thread 0x00000000025fb800 Uncommon trap: trap_request=0xffffff65 fr.pc=0x0000000002ce6a70
Event: 3.183 Thread 0x00000000025fb800 DEOPT PACKING pc=0x0000000002ce6a70 sp=0x00000000025ef570
Event: 3.183 Thread 0x00000000025fb800 DEOPT UNPACKING pc=0x000000000289582a sp=0x00000000025ef470 mode 2
Event: 3.183 Thread 0x00000000025fb800 Uncommon trap: trap_request=0xffffff65 fr.pc=0x0000000002cead08
Event: 3.183 Thread 0x00000000025fb800 DEOPT PACKING pc=0x0000000002cead08 sp=0x00000000025ef550
Event: 3.183 Thread 0x00000000025fb800 DEOPT UNPACKING pc=0x000000000289582a sp=0x00000000025ef470 mode 2


Dynamic libraries:
0x00007ff6af3b0000 - 0x00007ff6af3e7000 	C:\Program Files\Java\jdk1.8.0_131\bin\java.exe
0x00007ffe9daf0000 - 0x00007ffe9dcd1000 	C:\WINDOWS\SYSTEM32\ntdll.dll
0x00007ffe9b860000 - 0x00007ffe9b911000 	C:\WINDOWS\System32\KERNEL32.DLL
0x00007ffe9a720000 - 0x00007ffe9a993000 	C:\WINDOWS\System32\KERNELBASE.dll
0x00007ffe9c570000 - 0x00007ffe9c611000 	C:\WINDOWS\System32\ADVAPI32.dll
0x00007ffe9ba30000 - 0x00007ffe9bace000 	C:\WINDOWS\System32\msvcrt.dll
0x00007ffe9b9d0000 - 0x00007ffe9ba2b000 	C:\WINDOWS\System32\sechost.dll
0x00007ffe9be30000 - 0x00007ffe9bf54000 	C:\WINDOWS\System32\RPCRT4.dll
0x00007ffe9bff0000 - 0x00007ffe9c180000 	C:\WINDOWS\System32\USER32.dll
0x00007ffe9aca0000 - 0x00007ffe9acc0000 	C:\WINDOWS\System32\win32u.dll
0x00007ffe9b050000 - 0x00007ffe9b078000 	C:\WINDOWS\System32\GDI32.dll
0x00007ffe9ab00000 - 0x00007ffe9ac92000 	C:\WINDOWS\System32\gdi32full.dll
0x00007ffe9a5d0000 - 0x00007ffe9a66f000 	C:\WINDOWS\System32\msvcp_win.dll
0x00007ffe9a9a0000 - 0x00007ffe9aa98000 	C:\WINDOWS\System32\ucrtbase.dll
0x00007ffe8d1d0000 - 0x00007ffe8d439000 	C:\WINDOWS\WinSxS\amd64_microsoft.windows.common-controls_6595b64144ccf1df_6.0.17134.765_none_fb42a1a930655896\COMCTL32.dll
0x00007ffe9b4d0000 - 0x00007ffe9b7f2000 	C:\WINDOWS\System32\combase.dll
0x00007ffe9acc0000 - 0x00007ffe9ad3a000 	C:\WINDOWS\System32\bcryptPrimitives.dll
0x00007ffe9bf60000 - 0x00007ffe9bf8d000 	C:\WINDOWS\System32\IMM32.DLL
0x0000000057ec0000 - 0x0000000057f92000 	C:\Program Files\Java\jdk1.8.0_131\jre\bin\msvcr100.dll
0x0000000057620000 - 0x0000000057ebc000 	C:\Program Files\Java\jdk1.8.0_131\jre\bin\server\jvm.dll
0x00007ffe9be20000 - 0x00007ffe9be28000 	C:\WINDOWS\System32\PSAPI.DLL
0x00007ffe87590000 - 0x00007ffe87599000 	C:\WINDOWS\SYSTEM32\WSOCK32.dll
0x00007ffe97790000 - 0x00007ffe977b3000 	C:\WINDOWS\SYSTEM32\WINMM.dll
0x00007ffe94be0000 - 0x00007ffe94bea000 	C:\WINDOWS\SYSTEM32\VERSION.dll
0x00007ffe9c180000 - 0x00007ffe9c1ec000 	C:\WINDOWS\System32\WS2_32.dll
0x00007ffe97760000 - 0x00007ffe9778a000 	C:\WINDOWS\SYSTEM32\winmmbase.dll
0x00007ffe9ad40000 - 0x00007ffe9ad89000 	C:\WINDOWS\System32\cfgmgr32.dll
0x0000000058ee0000 - 0x0000000058eef000 	C:\Program Files\Java\jdk1.8.0_131\jre\bin\verify.dll
0x00000000575f0000 - 0x0000000057619000 	C:\Program Files\Java\jdk1.8.0_131\jre\bin\java.dll
0x0000000057540000 - 0x0000000057563000 	C:\Program Files\Java\jdk1.8.0_131\jre\bin\instrument.dll
0x00000000575d0000 - 0x00000000575e6000 	C:\Program Files\Java\jdk1.8.0_131\jre\bin\zip.dll
0x00007ffe9c680000 - 0x00007ffe9dac0000 	C:\WINDOWS\System32\SHELL32.dll
0x00007ffe9b920000 - 0x00007ffe9b9c9000 	C:\WINDOWS\System32\shcore.dll
0x00007ffe99ec0000 - 0x00007ffe9a5cd000 	C:\WINDOWS\System32\windows.storage.dll
0x00007ffe9c620000 - 0x00007ffe9c671000 	C:\WINDOWS\System32\shlwapi.dll
0x00007ffe99e20000 - 0x00007ffe99e31000 	C:\WINDOWS\System32\kernel.appcore.dll
0x00007ffe99e40000 - 0x00007ffe99e5f000 	C:\WINDOWS\System32\profapi.dll
0x00007ffe99e70000 - 0x00007ffe99ebc000 	C:\WINDOWS\System32\powrprof.dll
0x00007ffe99e60000 - 0x00007ffe99e6a000 	C:\WINDOWS\System32\FLTLIB.DLL
0x00007ffe7f9e0000 - 0x00007ffe7f9fa000 	C:\Program Files\JetBrains\IntelliJ IDEA Community Edition 2019.1.2\bin\breakgen64.dll
0x00000000575b0000 - 0x00000000575ca000 	C:\Program Files\Java\jdk1.8.0_131\jre\bin\net.dll
0x00007ffe99680000 - 0x00007ffe996e6000 	C:\WINDOWS\system32\mswsock.dll
0x0000000057590000 - 0x00000000575a1000 	C:\Program Files\Java\jdk1.8.0_131\jre\bin\nio.dll
0x00007ffe6aed0000 - 0x00007ffe6af33000 	C:\Users\20174019\AppData\Local\Temp\lwjgl20174019\3.2.1-build-12\lwjgl.dll
0x00007ffe74030000 - 0x00007ffe7408e000 	C:\Users\20174019\AppData\Local\Temp\lwjgl20174019\3.2.1-build-12\glfw.dll
0x00007ffe97fc0000 - 0x00007ffe98058000 	C:\WINDOWS\system32\uxtheme.dll
0x00007ffe5d780000 - 0x00007ffe5d7c3000 	C:\WINDOWS\SYSTEM32\dinput8.dll
0x00007ffe97890000 - 0x00007ffe978a0000 	C:\WINDOWS\SYSTEM32\xinput1_4.dll
0x00007ffe99c10000 - 0x00007ffe99c37000 	C:\WINDOWS\SYSTEM32\DEVOBJ.dll
0x00007ffe98210000 - 0x00007ffe98239000 	C:\WINDOWS\SYSTEM32\dwmapi.dll
0x00007ffe941f0000 - 0x00007ffe94269000 	C:\WINDOWS\SYSTEM32\inputhost.dll
0x00007ffe95470000 - 0x00007ffe955bd000 	C:\WINDOWS\SYSTEM32\wintypes.dll
0x00007ffe96cd0000 - 0x00007ffe96daa000 	C:\WINDOWS\SYSTEM32\CoreMessaging.dll
0x00007ffe939d0000 - 0x00007ffe93cee000 	C:\WINDOWS\SYSTEM32\CoreUIComponents.dll
0x00007ffe98e30000 - 0x00007ffe98e61000 	C:\WINDOWS\SYSTEM32\ntmarta.dll
0x00007ffe9bae0000 - 0x00007ffe9bc53000 	C:\WINDOWS\System32\MSCTF.dll
0x00007ffe9bd50000 - 0x00007ffe9be12000 	C:\WINDOWS\System32\OLEAUT32.dll
0x00007ffe987a0000 - 0x00007ffe987ac000 	C:\WINDOWS\SYSTEM32\HID.DLL
0x00007ffe9b080000 - 0x00007ffe9b4cb000 	C:\WINDOWS\System32\SETUPAPI.DLL
0x00007ffe9aaa0000 - 0x00007ffe9aaf7000 	C:\WINDOWS\System32\WINTRUST.dll
0x00007ffe99e00000 - 0x00007ffe99e12000 	C:\WINDOWS\System32\MSASN1.dll
0x00007ffe9ad90000 - 0x00007ffe9af72000 	C:\WINDOWS\System32\CRYPT32.dll
0x00007ffe7b800000 - 0x00007ffe7b920000 	C:\WINDOWS\SYSTEM32\opengl32.dll
0x00007ffe7d350000 - 0x00007ffe7d37c000 	C:\WINDOWS\SYSTEM32\GLU32.dll
0x00007ffe3d900000 - 0x00007ffe3e7ab000 	C:\WINDOWS\System32\DriverStore\FileRepository\ki130871.inf_amd64_382f7c369d4bf777\ig9icd64.dll
0x00007ffe98c80000 - 0x00007ffe98d3b000 	C:\WINDOWS\system32\dxgi.dll
0x00007ffe563d0000 - 0x00007ffe564b3000 	C:\WINDOWS\System32\DriverStore\FileRepository\ki130871.inf_amd64_382f7c369d4bf777\igdgmm64.dll
0x00007ffe8f4a0000 - 0x00007ffe9141c000 	C:\WINDOWS\System32\DriverStore\FileRepository\ki130871.inf_amd64_382f7c369d4bf777\igc64.dll
0x00007ffe94270000 - 0x00007ffe94306000 	C:\WINDOWS\System32\TextInputFramework.dll
0x00007ffe5bbd0000 - 0x00007ffe5bc28000 	C:\Users\20174019\AppData\Local\Temp\lwjgl20174019\3.2.1-build-12\lwjgl_opengl.dll
0x00007ffe5b9f0000 - 0x00007ffe5ba69000 	C:\Users\20174019\AppData\Local\Temp\lwjgl20174019\3.2.1-build-12\lwjgl_stb.dll
0x00007ffe3d230000 - 0x00007ffe3d8f3000 	C:\Users\20174019\AppData\Local\Temp\lwjgl20174019\3.2.1-build-12\assimp.dll
0x00007ffe98850000 - 0x00007ffe98a19000 	C:\WINDOWS\SYSTEM32\dbghelp.dll

VM Arguments:
jvm_args: -javaagent:C:\Program Files\JetBrains\IntelliJ IDEA Community Edition 2019.1.2\lib\idea_rt.jar=56495:C:\Program Files\JetBrains\IntelliJ IDEA Community Edition 2019.1.2\bin -Dfile.encoding=UTF-8 
java_command: Main
java_class_path (initial): C:\Program Files\Java\jdk1.8.0_131\jre\lib\charsets.jar;C:\Program Files\Java\jdk1.8.0_131\jre\lib\deploy.jar;C:\Program Files\Java\jdk1.8.0_131\jre\lib\ext\access-bridge-64.jar;C:\Program Files\Java\jdk1.8.0_131\jre\lib\ext\cldrdata.jar;C:\Program Files\Java\jdk1.8.0_131\jre\lib\ext\dnsns.jar;C:\Program Files\Java\jdk1.8.0_131\jre\lib\ext\jaccess.jar;C:\Program Files\Java\jdk1.8.0_131\jre\lib\ext\jfxrt.jar;C:\Program Files\Java\jdk1.8.0_131\jre\lib\ext\localedata.jar;C:\Program Files\Java\jdk1.8.0_131\jre\lib\ext\nashorn.jar;C:\Program Files\Java\jdk1.8.0_131\jre\lib\ext\sunec.jar;C:\Program Files\Java\jdk1.8.0_131\jre\lib\ext\sunjce_provider.jar;C:\Program Files\Java\jdk1.8.0_131\jre\lib\ext\sunmscapi.jar;C:\Program Files\Java\jdk1.8.0_131\jre\lib\ext\sunpkcs11.jar;C:\Program Files\Java\jdk1.8.0_131\jre\lib\ext\zipfs.jar;C:\Program Files\Java\jdk1.8.0_131\jre\lib\javaws.jar;C:\Program Files\Java\jdk1.8.0_131\jre\lib\jce.jar;C:\Program Files\Java\jdk1.8.0_131\jre\lib\jfr.jar;C:\Program Files\Java\jdk1.8.0_131\jre\lib\jfxswt.jar;C:\Program Files\Java\jdk1.8.0_131\jre\lib\jsse.jar;C:\Program Files\Java\jdk1.8.0_131\jre\lib\management-agent.jar;C:\Program Files\Java\jdk1.8.0_131\jre\lib\plugin.jar;C:\Program Files\Java\jdk1.8.0_131\jre\lib\resources.jar;C:\Program Files\Java\jdk1.8.0_131\jre\lib\rt.jar;C:\Users\20174019\OneDrive - TU Eindhoven\College\Q4_IOE0_DBL_Interactive Intelligent Systems\Repo\Genomen4\out\production\classes;C:\Users\20174019\.gradle\caches\modules-2\files-2.1\org.joml\joml\1.9.14\ba53d31c0fb0e76ab066cba198fd8d040e1b5e9b\joml-1.9.14.jar;C:\Users\20174019\.gradle\caches\modules-2\files-2.1\org.deeplearning4j\deeplearning4j-core\1.0.0-beta4\e04edc115bfd00c6b8ed09eca7ee1ddeb32fa852\deeplearning4j-core-1.0.0-beta4.jar;C:\Users\20174019\.gradle\caches\modules-2\files-2.1\org.nd4j\nd4j-native-platform\1.0.0-beta4\c0c4faf961fe6340d7be485910f66a5abd33ed57\nd4j-native-platform-1.0.0-beta4.jar;C:\Users\20174019\.gradle\caches\
Launcher Type: SUN_STANDARD

Environment Variables:
PATH=C:\Program Files (x86)\NVIDIA Corporation\PhysX\Common;C:\Program Files (x86)\Common Files\Oracle\Java\javapath;C:\ProgramData\Oracle\Java\javapath;C:\Windows\System32;C:\Windows;C:\Windows\System32\wbem;C:\Windows\System32\WindowsPowerShell\v1.0\;C:\Program Files\OpenVPN\bin;C:\Program Files\MiKTeX 2.9\miktex\bin\x64\;C:\Program Files (x86)\GnuPG\bin;C:\Program Files\Calibre2\;C:\Program Files\Git\cmd;C:\WINDOWS\system32;C:\WINDOWS;C:\WINDOWS\System32\Wbem;C:\WINDOWS\System32\WindowsPowerShell\v1.0\;C:\WINDOWS\System32\OpenSSH\;C:\Program Files\PuTTY\;C:\Users\20174019\AppData\Local\Microsoft\WindowsApps;;C:\Program Files\Mercurial;C:\Program Files\JetBrains\IntelliJ IDEA Community Edition 2019.1.2\bin;
USERNAME=20174019
OS=Windows_NT
PROCESSOR_IDENTIFIER=Intel64 Family 6 Model 158 Stepping 9, GenuineIntel



---------------  S Y S T E M  ---------------

OS: Windows 10.0 , 64 bit Build 17134 (10.0.17134.753)

CPU:total 8 (initial active 8) (4 cores per cpu, 2 threads per core) family 6 model 158 stepping 9, cmov, cx8, fxsr, mmx, sse, sse2, sse3, ssse3, sse4.1, sse4.2, popcnt, avx, avx2, aes, clmul, erms, 3dnowpref, lzcnt, ht, tsc, tscinvbit, bmi1, bmi2, adx

Memory: 4k page, physical 8264924k(1563064k free), swap 17177820k(5362324k free)

vm_info: Java HotSpot(TM) 64-Bit Server VM (25.131-b11) for windows-amd64 JRE (1.8.0_131-b11), built on Mar 15 2017 01:23:53 by "java_re" with MS VC++ 10.0 (VS2010)

time: Mon Jun 10 00:01:02 2019
elapsed time: 3 seconds (0d 0h 0m 3s)

