#
# A fatal error has been detected by the Java Runtime Environment:
#
#  SIGBUS (0xa) at pc=0x00000001289448c8, pid=3200, tid=0x0000000000000307
#
# JRE version: Java(TM) SE Runtime Environment (8.0_212-b10) (build 1.8.0_212-b10)
# Java VM: Java HotSpot(TM) 64-Bit Server VM (25.212-b10 mixed mode bsd-amd64 compressed oops)
# Problematic frame:
# C  0x00000001289448c8
#
# Failed to write core dump. Core dumps have been disabled. To enable core dumping, try "ulimit -c unlimited" before starting Java again
#
# If you would like to submit a bug report, please visit:
#   http://bugreport.java.com/bugreport/crash.jsp
# The crash happened outside the Java Virtual Machine in native code.
# See problematic frame for where to report the bug.
#

---------------  T H R E A D  ---------------

Current thread (0x00007fb6f1809800):  JavaThread "main" [_thread_in_native, id=775, stack(0x00007ffee65ae000,0x00007ffee6dae000)]

siginfo: si_signo: 10 (SIGBUS), si_code: 2 (BUS_ADRERR), si_addr: 0x00000001289448c8

Registers:
RAX=0x00000006c2a35278, RBX=0x00007fff3a0d1f15, RCX=0x0000000000000000, RDX=0x0000000000000001
RSP=0x00007ffee6da3da8, RBP=0x00007ffee6da3df0, RSI=0x0000000000000000, RDI=0x0000000000000009
R8 =0x00000006c2a35278, R9 =0x00000001289448c8, R10=0x000000010b7d83d4, R11=0x000000010b7d82f8
R12=0x0000000000000000, R13=0x00007ffee6da3e10, R14=0x00007ffee6da3ec0, R15=0x00007fb6f1809800
RIP=0x00000001289448c8, EFLAGS=0x0000000000010246, ERR=0x0000000000000015
  TRAPNO=0x000000000000000e

Top of Stack: (sp=0x00007ffee6da3da8)
0x00007ffee6da3da8:   000000010b7d8449 00000006c2a35278
0x00007ffee6da3db8:   000000010b345040 00000001289394d8
0x00007ffee6da3dc8:   000000010b7d7f20 0000000000000000
0x00007ffee6da3dd8:   0000000000000206 00007ffee6da3e88
0x00007ffee6da3de8:   000000010b7d9a54 00007ffee6da3e88
0x00007ffee6da3df8:   000000010b3452bd 00007ffee6da4278
0x00007ffee6da3e08:   000000010b3452bd 00000006c2a35268
0x00007ffee6da3e18:   0000000000000000 0000000000000001
0x00007ffee6da3e28:   0000000000000000 0000000000000009
0x00007ffee6da3e38:   00007fff3a0d1f15 0000000000000001
0x00007ffee6da3e48:   00007ffee6da3e48 00000001288c111e
0x00007ffee6da3e58:   00007ffee6da3ec0 00000001289394d8
0x00007ffee6da3e68:   0000000128942f40 00000001288c1178
0x00007ffee6da3e78:   00007ffee6da3e10 00007ffee6da3ed0
0x00007ffee6da3e88:   00007ffee6da4278 000000010b7ca1ec
0x00007ffee6da3e98:   00007fff3a0d1f15 0000000000000000
0x00007ffee6da3ea8:   00000006c2a35268 0000000600000000
0x00007ffee6da3eb8:   0000000000000000 00007ffe00000009
0x00007ffee6da3ec8:   000000010b7ca1ec 0000000000000002
0x00007ffee6da3ed8:   0000000125498000 0000000000000000
0x00007ffee6da3ee8:   0000000000000000 00007fb6f1582600
0x00007ffee6da3ef8:   0000000000000000 00007ffee6da3f30
0x00007ffee6da3f08:   00007fff3ad91a39 0000000000000000
0x00007ffee6da3f18:   00007fb6f068bf40 0000000125498000
0x00007ffee6da3f28:   0000000000000000 00007ffee6da3f60
0x00007ffee6da3f38:   00007fff3ace61d2 0000000125498000
0x00007ffee6da3f48:   000000076e81ede0 00007ffee6da3fa0
0x00007ffee6da3f58:   00007fb6f1809800 00000006c2a35248
0x00007ffee6da3f68:   00000006c26bf038 000000076e81ee30
0x00007ffee6da3f78:   0000000000000009 00000006c2a35268
0x00007ffee6da3f88:   000000076e807f10 00000007c0064048
0x00007ffee6da3f98:   00000006c2791030 00000006c26c0048 

Instructions: (pc=0x00000001289448c8)
0x00000001289448a8:   00 00 00 00 00 00 00 00 09 00 00 00 00 00 00 00
0x00000001289448b8:   01 00 00 00 00 00 00 00 00 00 00 00 00 00 00 00
0x00000001289448c8:   90 26 c6 0a 01 00 00 00 c8 46 96 23 01 00 00 00
0x00000001289448d8:   80 01 00 00 00 00 00 00 00 00 00 00 00 00 00 00 

Register to memory mapping:

RAX=0x00000006c2a35278 is pointing into object: 0x00000006c2a35268
[F 
 - klass: {type array float}
 - length: 16
RBX=0x00007fff3a0d1f15: glProgramUniformMatrix4fv+0 in /System/Library/Frameworks/OpenGL.framework/Versions/A/Libraries/libGL.dylib at 0x00007fff3a0ca000
RCX=0x0000000000000000 is an unknown value
RDX=0x0000000000000001 is an unknown value
RSP=0x00007ffee6da3da8 is pointing into the stack for thread: 0x00007fb6f1809800
RBP=0x00007ffee6da3df0 is pointing into the stack for thread: 0x00007fb6f1809800
RSI=0x0000000000000000 is an unknown value
RDI=0x0000000000000009 is an unknown value
R8 =0x00000006c2a35278 is pointing into object: 0x00000006c2a35268
[F 
 - klass: {type array float}
 - length: 16
R9 =0x00000001289448c8 is pointing into metadata
R10=0x000000010b7d83d4 is at entry_point+244 in (nmethod*)0x000000010b7d8150
R11=0x000000010b7d82f8 is at entry_point+24 in (nmethod*)0x000000010b7d8150
R12=0x0000000000000000 is an unknown value
R13=0x00007ffee6da3e10 is pointing into the stack for thread: 0x00007fb6f1809800
R14=0x00007ffee6da3ec0 is pointing into the stack for thread: 0x00007fb6f1809800
R15=0x00007fb6f1809800 is a thread


Stack: [0x00007ffee65ae000,0x00007ffee6dae000],  sp=0x00007ffee6da3da8,  free space=8151k
Native frames: (J=compiled Java code, j=interpreted, Vv=VM code, C=native code)
C  0x00000001289448c8
j  org.lwjgl.opengl.GL41C.glProgramUniformMatrix4fv(IIZ[F)V+30
J 1295 C1 Graphics.Gui.GuiRenderer.renderQuad()V (174 bytes) @ 0x000000010b7ca1ec [0x000000010b7c9da0+0x44c]
J 1276 C1 Graphics.RenderEngine.MasterRenderer.render(LGraphics/RenderEngine/Scene;ZI)V (101 bytes) @ 0x000000010b7bfbcc [0x000000010b7be6a0+0x152c]
J 1275 C1 Graphics.GameContainerGL.finalRender()V (35 bytes) @ 0x000000010b7ba67c [0x000000010b7ba5a0+0xdc]
j  Graphics.GameContainerGL.windowed()V+348
j  Graphics.GameContainerGL.run()V+8
j  java.lang.Thread.run()V+11
j  Graphics.GameContainerGL.start()V+18
j  Main.main([Ljava/lang/String;)V+156
v  ~StubRoutines::call_stub
V  [libjvm.dylib+0x2f0d1e]
V  [libjvm.dylib+0x327cc5]
V  [libjvm.dylib+0x320a51]
C  [java+0x38c6]  JavaMain+0x9c4
C  [java+0x57ee]  __JVMInit_block_invoke_1+0x51
C  [Foundation+0x5655c]  __NSBLOCKOPERATION_IS_CALLING_OUT_TO_A_BLOCK__+0x7
C  [Foundation+0x56464]  -[NSBlockOperation main]+0x44
C  [Foundation+0x2c1dd]  -[__NSOperationInternal _start:]+0x2ad
C  [Foundation+0xb07f2]  __NSThreadPerformPerform+0x148
C  [CoreFoundation+0x58083]  __CFRUNLOOP_IS_CALLING_OUT_TO_A_SOURCE0_PERFORM_FUNCTION__+0x11
C  [CoreFoundation+0x58029]  __CFRunLoopDoSource0+0x6c
C  [CoreFoundation+0x3b9eb]  __CFRunLoopDoSources0+0xc3
C  [CoreFoundation+0x3afb5]  __CFRunLoopRun+0x4a5
C  [CoreFoundation+0x3a8be]  CFRunLoopRunSpecific+0x1c7
C  [java+0x646e]  CreateExecutionEnvironment+0x367
C  [java+0x203c]  JLI_Launch+0x7a0
C  [java+0x84cb]  main+0x65
C  [java+0x1894]  start+0x34
C  0x0000000000000007

Java frames: (J=compiled Java code, j=interpreted, Vv=VM code)
J 1329  org.lwjgl.system.JNI.callPV(JIIIZ[F)V (0 bytes) @ 0x000000010b7d83d4 [0x000000010b7d82e0+0xf4]
j  org.lwjgl.opengl.GL41C.glProgramUniformMatrix4fv(IIZ[F)V+30
J 1295 C1 Graphics.Gui.GuiRenderer.renderQuad()V (174 bytes) @ 0x000000010b7ca1ec [0x000000010b7c9da0+0x44c]
J 1276 C1 Graphics.RenderEngine.MasterRenderer.render(LGraphics/RenderEngine/Scene;ZI)V (101 bytes) @ 0x000000010b7bfbcc [0x000000010b7be6a0+0x152c]
J 1275 C1 Graphics.GameContainerGL.finalRender()V (35 bytes) @ 0x000000010b7ba67c [0x000000010b7ba5a0+0xdc]
j  Graphics.GameContainerGL.windowed()V+348
j  Graphics.GameContainerGL.run()V+8
j  java.lang.Thread.run()V+11
j  Graphics.GameContainerGL.start()V+18
j  Main.main([Ljava/lang/String;)V+156
v  ~StubRoutines::call_stub

---------------  P R O C E S S  ---------------

Java Threads: ( => current thread )
  0x00007fb6f1214800 JavaThread "Timer-0" [_thread_blocked, id=4359, stack(0x000070000361e000,0x000070000371e000)]
  0x00007fb6f2631800 JavaThread "Direct Clip" daemon [_thread_blocked, id=77059, stack(0x0000700003498000,0x0000700003598000)]
  0x00007fb6f1ef4800 JavaThread "Direct Clip" daemon [_thread_blocked, id=77571, stack(0x0000700003395000,0x0000700003495000)]
  0x00007fb6f1efa800 JavaThread "Direct Clip" daemon [_thread_blocked, id=54019, stack(0x0000700003292000,0x0000700003392000)]
  0x00007fb6f3d66000 JavaThread "Direct Clip" daemon [_thread_blocked, id=78347, stack(0x000070000318f000,0x000070000328f000)]
  0x00007fb6f3d5f800 JavaThread "Java Sound Event Dispatcher" daemon [_thread_blocked, id=53255, stack(0x000070000308c000,0x000070000318c000)]
  0x00007fb6f0c8d800 JavaThread "Attach Listener" daemon [_thread_blocked, id=83971, stack(0x0000700002f06000,0x0000700003006000)]
  0x00007fb6f1a09800 JavaThread "Service Thread" daemon [_thread_blocked, id=17155, stack(0x0000700002af4000,0x0000700002bf4000)]
  0x00007fb6f19f8800 JavaThread "C1 CompilerThread2" daemon [_thread_blocked, id=13315, stack(0x00007000029f1000,0x0000700002af1000)]
  0x00007fb6f19b5800 JavaThread "C2 CompilerThread1" daemon [_thread_blocked, id=12803, stack(0x00007000028ee000,0x00007000029ee000)]
  0x00007fb6f19b4800 JavaThread "C2 CompilerThread0" daemon [_thread_blocked, id=17411, stack(0x00007000027eb000,0x00007000028eb000)]
  0x00007fb6f0a33800 JavaThread "Monitor Ctrl-Break" daemon [_thread_in_native, id=12291, stack(0x00007000026e8000,0x00007000027e8000)]
  0x00007fb6f1000800 JavaThread "Signal Dispatcher" daemon [_thread_blocked, id=18179, stack(0x00007000025e5000,0x00007000026e5000)]
  0x00007fb6f1021000 JavaThread "Finalizer" daemon [_thread_blocked, id=19971, stack(0x00007000024e2000,0x00007000025e2000)]
  0x00007fb6f2014000 JavaThread "Reference Handler" daemon [_thread_blocked, id=20483, stack(0x00007000023df000,0x00007000024df000)]
=>0x00007fb6f1809800 JavaThread "main" [_thread_in_native, id=775, stack(0x00007ffee65ae000,0x00007ffee6dae000)]

Other Threads:
  0x00007fb6f2013800 VMThread [stack: 0x00007000022dc000,0x00007000023dc000] [id=20995]
  0x00007fb6f1a3a000 WatcherThread [stack: 0x0000700002bf7000,0x0000700002cf7000] [id=16899]

VM state:not at safepoint (normal execution)

VM Mutex/Monitor currently owned by a thread: None

heap address: 0x00000006c0000000, size: 4096 MB, Compressed Oops mode: Zero based, Oop shift amount: 3
Narrow klass base: 0x0000000000000000, Narrow klass shift: 3
Compressed class space size: 1073741824 Address: 0x00000007c0000000

Heap:
 PSYoungGen      total 76288K, used 62958K [0x000000076ab00000, 0x0000000774000000, 0x00000007c0000000)
  eden space 65536K, 96% used [0x000000076ab00000,0x000000076e87ba38,0x000000076eb00000)
  from space 10752K, 0% used [0x000000076f580000,0x000000076f580000,0x0000000770000000)
  to   space 10752K, 0% used [0x000000076eb00000,0x000000076eb00000,0x000000076f580000)
 ParOldGen       total 235520K, used 45232K [0x00000006c0000000, 0x00000006ce600000, 0x000000076ab00000)
  object space 235520K, 19% used [0x00000006c0000000,0x00000006c2c2c2c8,0x00000006ce600000)
 Metaspace       used 11049K, capacity 11247K, committed 11520K, reserved 1060864K
  class space    used 922K, capacity 1013K, committed 1024K, reserved 1048576K

Card table byte_map: [0x000000011a33d000,0x000000011ab3e000] byte_map_base: 0x0000000116d3d000

Marking Bits: (ParMarkBitMap*) 0x000000010ac7fe40
 Begin Bits: [0x000000011ab3e000, 0x000000011eb3e000)
 End Bits:   [0x000000011eb3e000, 0x0000000122b3e000)

Polling page: 0x0000000108ecb000

CodeCache: size=245760Kb used=4712Kb max_used=4712Kb free=241047Kb
 bounds [0x000000010b33d000, 0x000000010b7dd000, 0x000000011a33d000]
 total_blobs=2270 nmethods=1332 adapters=852
 compilation: enabled

Compilation events (10 events):
Event: 12.723 Thread 0x00007fb6f19f8800 1324       3       org.lwjgl.opengl.GL41C::glProgramUniformMatrix4fv (34 bytes)
Event: 12.724 Thread 0x00007fb6f19f8800 nmethod 1324 0x000000010b7d8c50 code [0x000000010b7d8e20, 0x000000010b7d93f8]
Event: 12.724 Thread 0x00007fb6f19f8800 1325       3       org.lwjgl.opengl.GL::getICD (12 bytes)
Event: 12.724 Thread 0x00007fb6f19f8800 nmethod 1325 0x000000010b7d97d0 code [0x000000010b7d9960, 0x000000010b7d9cd8]
Event: 12.724 Thread 0x00007fb6f19f8800 1326       3       org.lwjgl.opengl.GL$ICDStatic::get (4 bytes)
Event: 12.724 Thread 0x00007fb6f19f8800 nmethod 1326 0x000000010b7d7d90 code [0x000000010b7d7f00, 0x000000010b7d80b0]
Event: 12.724 Thread 0x00007fb6f19f8800 1327       3       org.lwjgl.opengl.GL$ICDStatic$WriteOnce::access$200 (4 bytes)
Event: 12.725 Thread 0x00007fb6f19f8800 nmethod 1327 0x000000010b7d9e50 code [0x000000010b7d9fa0, 0x000000010b7da0d0]
Event: 12.725 Thread 0x00007fb6f19f8800 1328       3       org.lwjgl.opengl.GL::checkCapabilities (22 bytes)
Event: 12.725 Thread 0x00007fb6f19f8800 nmethod 1328 0x000000010b7da150 code [0x000000010b7da2c0, 0x000000010b7da508]

GC Heap History (6 events):
Event: 0.719 GC heap before
{Heap before GC invocations=1 (full 0):
 PSYoungGen      total 76288K, used 65536K [0x000000076ab00000, 0x0000000770000000, 0x00000007c0000000)
  eden space 65536K, 100% used [0x000000076ab00000,0x000000076eb00000,0x000000076eb00000)
  from space 10752K, 0% used [0x000000076f580000,0x000000076f580000,0x0000000770000000)
  to   space 10752K, 0% used [0x000000076eb00000,0x000000076eb00000,0x000000076f580000)
 ParOldGen       total 175104K, used 0K [0x00000006c0000000, 0x00000006cab00000, 0x000000076ab00000)
  object space 175104K, 0% used [0x00000006c0000000,0x00000006c0000000,0x00000006cab00000)
 Metaspace       used 4702K, capacity 5142K, committed 5248K, reserved 1056768K
  class space    used 505K, capacity 571K, committed 640K, reserved 1048576K
Event: 0.722 GC heap after
Heap after GC invocations=1 (full 0):
 PSYoungGen      total 76288K, used 1847K [0x000000076ab00000, 0x0000000770000000, 0x00000007c0000000)
  eden space 65536K, 0% used [0x000000076ab00000,0x000000076ab00000,0x000000076eb00000)
  from space 10752K, 17% used [0x000000076eb00000,0x000000076eccdf88,0x000000076f580000)
  to   space 10752K, 0% used [0x000000076f580000,0x000000076f580000,0x0000000770000000)
 ParOldGen       total 175104K, used 8K [0x00000006c0000000, 0x00000006cab00000, 0x000000076ab00000)
  object space 175104K, 0% used [0x00000006c0000000,0x00000006c0002000,0x00000006cab00000)
 Metaspace       used 4702K, capacity 5142K, committed 5248K, reserved 1056768K
  class space    used 505K, capacity 571K, committed 640K, reserved 1048576K
}
Event: 1.907 GC heap before
{Heap before GC invocations=2 (full 0):
 PSYoungGen      total 76288K, used 67383K [0x000000076ab00000, 0x0000000770000000, 0x00000007c0000000)
  eden space 65536K, 100% used [0x000000076ab00000,0x000000076eb00000,0x000000076eb00000)
  from space 10752K, 17% used [0x000000076eb00000,0x000000076eccdf88,0x000000076f580000)
  to   space 10752K, 0% used [0x000000076f580000,0x000000076f580000,0x0000000770000000)
 ParOldGen       total 175104K, used 8K [0x00000006c0000000, 0x00000006cab00000, 0x000000076ab00000)
  object space 175104K, 0% used [0x00000006c0000000,0x00000006c0002000,0x00000006cab00000)
 Metaspace       used 10882K, capacity 11119K, committed 11264K, reserved 1058816K
  class space    used 917K, capacity 1013K, committed 1024K, reserved 1048576K
Event: 1.942 GC heap after
Heap after GC invocations=2 (full 0):
 PSYoungGen      total 76288K, used 5947K [0x000000076ab00000, 0x0000000774000000, 0x00000007c0000000)
  eden space 65536K, 0% used [0x000000076ab00000,0x000000076ab00000,0x000000076eb00000)
  from space 10752K, 55% used [0x000000076f580000,0x000000076fb4ee20,0x0000000770000000)
  to   space 10752K, 0% used [0x000000076eb00000,0x000000076eb00000,0x000000076f580000)
 ParOldGen       total 175104K, used 79016K [0x00000006c0000000, 0x00000006cab00000, 0x000000076ab00000)
  object space 175104K, 45% used [0x00000006c0000000,0x00000006c4d2a020,0x00000006cab00000)
 Metaspace       used 10882K, capacity 11119K, committed 11264K, reserved 1058816K
  class space    used 917K, capacity 1013K, committed 1024K, reserved 1048576K
}
Event: 1.942 GC heap before
{Heap before GC invocations=3 (full 1):
 PSYoungGen      total 76288K, used 5947K [0x000000076ab00000, 0x0000000774000000, 0x00000007c0000000)
  eden space 65536K, 0% used [0x000000076ab00000,0x000000076ab00000,0x000000076eb00000)
  from space 10752K, 55% used [0x000000076f580000,0x000000076fb4ee20,0x0000000770000000)
  to   space 10752K, 0% used [0x000000076eb00000,0x000000076eb00000,0x000000076f580000)
 ParOldGen       total 175104K, used 79016K [0x00000006c0000000, 0x00000006cab00000, 0x000000076ab00000)
  object space 175104K, 45% used [0x00000006c0000000,0x00000006c4d2a020,0x00000006cab00000)
 Metaspace       used 10882K, capacity 11119K, committed 11264K, reserved 1058816K
  class space    used 917K, capacity 1013K, committed 1024K, reserved 1048576K
Event: 1.961 GC heap after
Heap after GC invocations=3 (full 1):
 PSYoungGen      total 76288K, used 0K [0x000000076ab00000, 0x0000000774000000, 0x00000007c0000000)
  eden space 65536K, 0% used [0x000000076ab00000,0x000000076ab00000,0x000000076eb00000)
  from space 10752K, 0% used [0x000000076f580000,0x000000076f580000,0x0000000770000000)
  to   space 10752K, 0% used [0x000000076eb00000,0x000000076eb00000,0x000000076f580000)
 ParOldGen       total 235520K, used 45232K [0x00000006c0000000, 0x00000006ce600000, 0x000000076ab00000)
  object space 235520K, 19% used [0x00000006c0000000,0x00000006c2c2c2c8,0x00000006ce600000)
 Metaspace       used 10882K, capacity 11119K, committed 11264K, reserved 1058816K
  class space    used 917K, capacity 1013K, committed 1024K, reserved 1048576K
}

Deoptimization events (10 events):
Event: 0.808 Thread 0x00007fb6f1809800 Uncommon trap: reason=unstable_if action=reinterpret pc=0x000000010b49b694 method=java.lang.String.indexOf([CII[CIII)I @ 3
Event: 0.808 Thread 0x00007fb6f1809800 Uncommon trap: reason=predicate action=maybe_recompile pc=0x000000010b4b6464 method=java.util.ArrayList.indexOf(Ljava/lang/Object;)I @ 44
Event: 0.808 Thread 0x00007fb6f1809800 Uncommon trap: reason=predicate action=maybe_recompile pc=0x000000010b4a6148 method=java.util.ArrayList.indexOf(Ljava/lang/Object;)I @ 44
Event: 1.767 Thread 0x00007fb6f1809800 Uncommon trap: reason=predicate action=maybe_recompile pc=0x000000010b71102c method=java.util.AbstractCollection.toArray([Ljava/lang/Object;)[Ljava/lang/Object; @ 49
Event: 1.964 Thread 0x00007fb6f1809800 Uncommon trap: reason=unstable_if action=reinterpret pc=0x000000010b5ab418 method=java.util.HashMap.keySet()Ljava/util/Set; @ 6
Event: 1.964 Thread 0x00007fb6f1809800 Uncommon trap: reason=unstable_if action=reinterpret pc=0x000000010b4dae34 method=java.util.HashMap.keySet()Ljava/util/Set; @ 6
Event: 6.755 Thread 0x00007fb6f1809800 Uncommon trap: reason=unstable_if action=reinterpret pc=0x000000010b77d378 method=java.util.HashMap$HashIterator.<init>(Ljava/util/HashMap;)V @ 45
Event: 6.755 Thread 0x00007fb6f1809800 Uncommon trap: reason=unstable_if action=reinterpret pc=0x000000010b77eeb8 method=java.util.HashMap$HashIterator.<init>(Ljava/util/HashMap;)V @ 45
Event: 6.772 Thread 0x00007fb6f1809800 Uncommon trap: reason=unstable_if action=reinterpret pc=0x000000010b754b38 method=java.util.HashMap$HashIterator.<init>(Ljava/util/HashMap;)V @ 45
Event: 8.908 Thread 0x00007fb6f1809800 Uncommon trap: reason=unstable_if action=reinterpret pc=0x000000010b7d05bc method=sun.misc.FloatingDecimal$BinaryToASCIIBuffer.getChars([C)I @ 233

Classes redefined (0 events):
No events

Internal exceptions (10 events):
Event: 0.825 Thread 0x00007fb6f1809800 Exception <a 'java/security/PrivilegedActionException'> (0x000000076ae89df0) thrown at [/Users/java_re/workspace/8-2-build-macosx-x86_64/jdk8u212/12974/hotspot/src/share/vm/prims/jvm.cpp, line 1502]
Event: 0.825 Thread 0x00007fb6f1809800 Exception <a 'java/security/PrivilegedActionException'> (0x000000076ae8b710) thrown at [/Users/java_re/workspace/8-2-build-macosx-x86_64/jdk8u212/12974/hotspot/src/share/vm/prims/jvm.cpp, line 1502]
Event: 0.825 Thread 0x00007fb6f1809800 Exception <a 'java/security/PrivilegedActionException'> (0x000000076ae8b920) thrown at [/Users/java_re/workspace/8-2-build-macosx-x86_64/jdk8u212/12974/hotspot/src/share/vm/prims/jvm.cpp, line 1502]
Event: 0.825 Thread 0x00007fb6f1809800 Exception <a 'java/security/PrivilegedActionException'> (0x000000076ae8d3a0) thrown at [/Users/java_re/workspace/8-2-build-macosx-x86_64/jdk8u212/12974/hotspot/src/share/vm/prims/jvm.cpp, line 1502]
Event: 0.825 Thread 0x00007fb6f1809800 Exception <a 'java/security/PrivilegedActionException'> (0x000000076ae8d5b0) thrown at [/Users/java_re/workspace/8-2-build-macosx-x86_64/jdk8u212/12974/hotspot/src/share/vm/prims/jvm.cpp, line 1502]
Event: 0.825 Thread 0x00007fb6f1809800 Exception <a 'java/security/PrivilegedActionException'> (0x000000076ae8eed0) thrown at [/Users/java_re/workspace/8-2-build-macosx-x86_64/jdk8u212/12974/hotspot/src/share/vm/prims/jvm.cpp, line 1502]
Event: 0.825 Thread 0x00007fb6f1809800 Exception <a 'java/security/PrivilegedActionException'> (0x000000076ae8f0e0) thrown at [/Users/java_re/workspace/8-2-build-macosx-x86_64/jdk8u212/12974/hotspot/src/share/vm/prims/jvm.cpp, line 1502]
Event: 0.825 Thread 0x00007fb6f1809800 Exception <a 'java/security/PrivilegedActionException'> (0x000000076ae90970) thrown at [/Users/java_re/workspace/8-2-build-macosx-x86_64/jdk8u212/12974/hotspot/src/share/vm/prims/jvm.cpp, line 1502]
Event: 0.825 Thread 0x00007fb6f1809800 Exception <a 'java/security/PrivilegedActionException'> (0x000000076ae90b80) thrown at [/Users/java_re/workspace/8-2-build-macosx-x86_64/jdk8u212/12974/hotspot/src/share/vm/prims/jvm.cpp, line 1502]
Event: 0.912 Thread 0x00007fb6f1809800 Exception <a 'sun/nio/fs/UnixException'> (0x000000076b04b068) thrown at [/Users/java_re/workspace/8-2-build-macosx-x86_64/jdk8u212/12974/hotspot/src/share/vm/prims/jni.cpp, line 710]

Events (10 events):
Event: 8.906 loading class java/util/Timer$1
Event: 8.906 loading class java/util/Timer$1 done
Event: 8.906 Thread 0x00007fb6f1214800 Thread added: 0x00007fb6f1214800
Event: 8.906 Executing VM operation: RevokeBias
Event: 8.906 Executing VM operation: RevokeBias done
Event: 8.906 Executing VM operation: RevokeBias
Event: 8.906 Executing VM operation: RevokeBias done
Event: 8.908 Thread 0x00007fb6f1809800 Uncommon trap: trap_request=0xffffff65 fr.pc=0x000000010b7d05bc
Event: 8.908 Thread 0x00007fb6f1809800 DEOPT PACKING pc=0x000000010b7d05bc sp=0x00007ffee6da3cc0
Event: 8.908 Thread 0x00007fb6f1809800 DEOPT UNPACKING pc=0x000000010b38273a sp=0x00007ffee6da3c90 mode 2


Dynamic libraries:
0x00007fff307e4000 	/System/Library/Frameworks/Cocoa.framework/Versions/A/Cocoa
0x00007fff3c4fc000 	/System/Library/Frameworks/Security.framework/Versions/A/Security
0x00007fff2f479000 	/System/Library/Frameworks/ApplicationServices.framework/Versions/A/ApplicationServices
0x00007fff5c5c2000 	/usr/lib/libz.1.dylib
0x00007fff59f1c000 	/usr/lib/libSystem.B.dylib
0x00007fff5b753000 	/usr/lib/libobjc.A.dylib
0x00007fff30fcc000 	/System/Library/Frameworks/CoreFoundation.framework/Versions/A/CoreFoundation
0x00007fff3324e000 	/System/Library/Frameworks/Foundation.framework/Versions/C/Foundation
0x00007fff2e672000 	/System/Library/Frameworks/AppKit.framework/Versions/C/AppKit
0x00007fff30b5f000 	/System/Library/Frameworks/CoreData.framework/Versions/A/CoreData
0x00007fff539ef000 	/System/Library/PrivateFrameworks/RemoteViewServices.framework/Versions/A/RemoteViewServices
0x00007fff57c5c000 	/System/Library/PrivateFrameworks/UIFoundation.framework/Versions/A/UIFoundation
0x00007fff5933e000 	/System/Library/PrivateFrameworks/XCTTargetBootstrap.framework/Versions/A/XCTTargetBootstrap
0x00007fff30ee4000 	/System/Library/Frameworks/CoreDisplay.framework/Versions/A/CoreDisplay
0x00007fff4e742000 	/System/Library/PrivateFrameworks/IconServices.framework/Versions/A/IconServices
0x00007fff35b72000 	/System/Library/Frameworks/Metal.framework/Versions/A/Metal
0x00007fff45cbd000 	/System/Library/PrivateFrameworks/DesktopServicesPriv.framework/Versions/A/DesktopServicesPriv
0x00007fff5aab6000 	/usr/lib/libenergytrace.dylib
0x00007fff56145000 	/System/Library/PrivateFrameworks/SkyLight.framework/Versions/A/SkyLight
0x00007fff31412000 	/System/Library/Frameworks/CoreGraphics.framework/Versions/A/CoreGraphics
0x00007fff2d43e000 	/System/Library/Frameworks/Accelerate.framework/Versions/A/Accelerate
0x00007fff33996000 	/System/Library/Frameworks/IOSurface.framework/Versions/A/IOSurface
0x00007fff45b29000 	/System/Library/PrivateFrameworks/DFRFoundation.framework/Versions/A/DFRFoundation
0x00007fff2f95c000 	/System/Library/Frameworks/AudioToolbox.framework/Versions/A/AudioToolbox
0x00007fff2fbd5000 	/System/Library/Frameworks/AudioUnit.framework/Versions/A/AudioUnit
0x00007fff45bbe000 	/System/Library/PrivateFrameworks/DataDetectorsCore.framework/Versions/A/DataDetectorsCore
0x00007fff302e8000 	/System/Library/Frameworks/Carbon.framework/Versions/A/Frameworks/HIToolbox.framework/Versions/A/HIToolbox
0x00007fff5ac0f000 	/usr/lib/libicucore.A.dylib
0x00007fff3ba71000 	/System/Library/Frameworks/QuartzCore.framework/Versions/A/QuartzCore
0x00007fff306bc000 	/System/Library/Frameworks/Carbon.framework/Versions/A/Frameworks/SpeechRecognition.framework/Versions/A/SpeechRecognition
0x00007fff5a070000 	/usr/lib/libauto.dylib
0x00007fff5c4b6000 	/usr/lib/libxml2.2.dylib
0x00007fff45706000 	/System/Library/PrivateFrameworks/CoreUI.framework/Versions/A/CoreUI
0x00007fff30a4a000 	/System/Library/Frameworks/CoreAudio.framework/Versions/A/CoreAudio
0x00007fff33083000 	/System/Library/Frameworks/DiskArbitration.framework/Versions/A/DiskArbitration
0x00007fff5aebd000 	/usr/lib/liblangid.dylib
0x00007fff4fb50000 	/System/Library/PrivateFrameworks/MultitouchSupport.framework/Versions/A/MultitouchSupport
0x00007fff33905000 	/System/Library/Frameworks/IOKit.framework/Versions/A/IOKit
0x00007fff59add000 	/usr/lib/libDiagnosticMessagesClient.dylib
0x00007fff32221000 	/System/Library/Frameworks/CoreServices.framework/Versions/A/CoreServices
0x00007fff517f7000 	/System/Library/PrivateFrameworks/PerformanceAnalysis.framework/Versions/A/PerformanceAnalysis
0x00007fff3ac5f000 	/System/Library/Frameworks/OpenGL.framework/Versions/A/OpenGL
0x00007fff307f2000 	/System/Library/Frameworks/ColorSync.framework/Versions/A/ColorSync
0x00007fff31aa3000 	/System/Library/Frameworks/CoreImage.framework/Versions/A/CoreImage
0x00007fff32bfa000 	/System/Library/Frameworks/CoreText.framework/Versions/A/CoreText
0x00007fff339f9000 	/System/Library/Frameworks/ImageIO.framework/Versions/A/ImageIO
0x00007fff41d5b000 	/System/Library/PrivateFrameworks/Backup.framework/Versions/A/Backup
0x00007fff59fc3000 	/usr/lib/libarchive.2.dylib
0x00007fff2ff2d000 	/System/Library/Frameworks/CFNetwork.framework/Versions/A/CFNetwork
0x00007fff3cc56000 	/System/Library/Frameworks/SystemConfiguration.framework/Versions/A/SystemConfiguration
0x00007fff59a0e000 	/usr/lib/libCRFSuite.dylib
0x00007fff5a15f000 	/usr/lib/libc++.1.dylib
0x00007fff5a1b3000 	/usr/lib/libc++abi.dylib
0x00007fff5cdb8000 	/usr/lib/system/libcache.dylib
0x00007fff5cdbd000 	/usr/lib/system/libcommonCrypto.dylib
0x00007fff5cdc8000 	/usr/lib/system/libcompiler_rt.dylib
0x00007fff5cdd0000 	/usr/lib/system/libcopyfile.dylib
0x00007fff5cdda000 	/usr/lib/system/libcorecrypto.dylib
0x00007fff5cee5000 	/usr/lib/system/libdispatch.dylib
0x00007fff5cf1f000 	/usr/lib/system/libdyld.dylib
0x00007fff5cf4c000 	/usr/lib/system/libkeymgr.dylib
0x00007fff5cf5a000 	/usr/lib/system/liblaunch.dylib
0x00007fff5cf5b000 	/usr/lib/system/libmacho.dylib
0x00007fff5cf61000 	/usr/lib/system/libquarantine.dylib
0x00007fff5cf64000 	/usr/lib/system/libremovefile.dylib
0x00007fff5cf66000 	/usr/lib/system/libsystem_asl.dylib
0x00007fff5cf7e000 	/usr/lib/system/libsystem_blocks.dylib
0x00007fff5cf7f000 	/usr/lib/system/libsystem_c.dylib
0x00007fff5d007000 	/usr/lib/system/libsystem_configuration.dylib
0x00007fff5d00b000 	/usr/lib/system/libsystem_coreservices.dylib
0x00007fff5d00f000 	/usr/lib/system/libsystem_darwin.dylib
0x00007fff5d016000 	/usr/lib/system/libsystem_dnssd.dylib
0x00007fff5d01d000 	/usr/lib/system/libsystem_info.dylib
0x00007fff5d092000 	/usr/lib/system/libsystem_m.dylib
0x00007fff5d0de000 	/usr/lib/system/libsystem_malloc.dylib
0x00007fff5d109000 	/usr/lib/system/libsystem_networkextension.dylib
0x00007fff5d114000 	/usr/lib/system/libsystem_notify.dylib
0x00007fff5d131000 	/usr/lib/system/libsystem_sandbox.dylib
0x00007fff5d135000 	/usr/lib/system/libsystem_secinit.dylib
0x00007fff5d069000 	/usr/lib/system/libsystem_kernel.dylib
0x00007fff5d11c000 	/usr/lib/system/libsystem_platform.dylib
0x00007fff5d126000 	/usr/lib/system/libsystem_pthread.dylib
0x00007fff5d138000 	/usr/lib/system/libsystem_symptoms.dylib
0x00007fff5d140000 	/usr/lib/system/libsystem_trace.dylib
0x00007fff5d157000 	/usr/lib/system/libunwind.dylib
0x00007fff5d15d000 	/usr/lib/system/libxpc.dylib
0x00007fff5a140000 	/usr/lib/libbsm.0.dylib
0x00007fff5cf4d000 	/usr/lib/system/libkxld.dylib
0x00007fff4114c000 	/System/Library/PrivateFrameworks/AppleFSCompression.framework/Versions/A/AppleFSCompression
0x00007fff59ddc000 	/usr/lib/libOpenScriptingUtil.dylib
0x00007fff5a468000 	/usr/lib/libcoretls.dylib
0x00007fff5a47f000 	/usr/lib/libcoretls_cfhelpers.dylib
0x00007fff5beea000 	/usr/lib/libpam.2.dylib
0x00007fff5c0aa000 	/usr/lib/libsqlite3.dylib
0x00007fff5c4a4000 	/usr/lib/libxar.1.dylib
0x00007fff5a151000 	/usr/lib/libbz2.1.0.dylib
0x00007fff5aebf000 	/usr/lib/liblzma.5.dylib
0x00007fff5b370000 	/usr/lib/libnetwork.dylib
0x00007fff59fac000 	/usr/lib/libapple_nghttp2.dylib
0x00007fff5bef1000 	/usr/lib/libpcap.A.dylib
0x00007fff325c0000 	/System/Library/Frameworks/CoreServices.framework/Versions/A/Frameworks/FSEvents.framework/Versions/A/FSEvents
0x00007fff3229f000 	/System/Library/Frameworks/CoreServices.framework/Versions/A/Frameworks/CarbonCore.framework/Versions/A/CarbonCore
0x00007fff3277c000 	/System/Library/Frameworks/CoreServices.framework/Versions/A/Frameworks/Metadata.framework/Versions/A/Metadata
0x00007fff3281b000 	/System/Library/Frameworks/CoreServices.framework/Versions/A/Frameworks/OSServices.framework/Versions/A/OSServices
0x00007fff32866000 	/System/Library/Frameworks/CoreServices.framework/Versions/A/Frameworks/SearchKit.framework/Versions/A/SearchKit
0x00007fff32222000 	/System/Library/Frameworks/CoreServices.framework/Versions/A/Frameworks/AE.framework/Versions/A/AE
0x00007fff325c9000 	/System/Library/Frameworks/CoreServices.framework/Versions/A/Frameworks/LaunchServices.framework/Versions/A/LaunchServices
0x00007fff32577000 	/System/Library/Frameworks/CoreServices.framework/Versions/A/Frameworks/DictionaryServices.framework/Versions/A/DictionaryServices
0x00007fff328ce000 	/System/Library/Frameworks/CoreServices.framework/Versions/A/Frameworks/SharedFileList.framework/Versions/A/SharedFileList
0x00007fff36c3a000 	/System/Library/Frameworks/NetFS.framework/Versions/A/NetFS
0x00007fff4fdb6000 	/System/Library/PrivateFrameworks/NetAuth.framework/Versions/A/NetAuth
0x00007fff59742000 	/System/Library/PrivateFrameworks/login.framework/Versions/A/Frameworks/loginsupport.framework/Versions/A/loginsupport
0x00007fff57865000 	/System/Library/PrivateFrameworks/TCC.framework/Versions/A/TCC
0x00007fff44d63000 	/System/Library/PrivateFrameworks/CoreNLP.framework/Versions/A/CoreNLP
0x00007fff4f849000 	/System/Library/PrivateFrameworks/MetadataUtilities.framework/Versions/A/MetadataUtilities
0x00007fff5af94000 	/usr/lib/libmecabra.dylib
0x00007fff2f47a000 	/System/Library/Frameworks/ApplicationServices.framework/Versions/A/Frameworks/ATS.framework/Versions/A/ATS
0x00007fff2f7c9000 	/System/Library/Frameworks/ApplicationServices.framework/Versions/A/Frameworks/ColorSyncLegacy.framework/Versions/A/ColorSyncLegacy
0x00007fff2f868000 	/System/Library/Frameworks/ApplicationServices.framework/Versions/A/Frameworks/HIServices.framework/Versions/A/HIServices
0x00007fff2f8bb000 	/System/Library/Frameworks/ApplicationServices.framework/Versions/A/Frameworks/LangAnalysis.framework/Versions/A/LangAnalysis
0x00007fff2f8cb000 	/System/Library/Frameworks/ApplicationServices.framework/Versions/A/Frameworks/PrintCore.framework/Versions/A/PrintCore
0x00007fff2f915000 	/System/Library/Frameworks/ApplicationServices.framework/Versions/A/Frameworks/QD.framework/Versions/A/QD
0x00007fff2f94f000 	/System/Library/Frameworks/ApplicationServices.framework/Versions/A/Frameworks/SpeechSynthesis.framework/Versions/A/SpeechSynthesis
0x00007fff5a1db000 	/usr/lib/libcompression.dylib
0x00007fff35e42000 	/System/Library/Frameworks/MetalPerformanceShaders.framework/Versions/A/MetalPerformanceShaders
0x00007fff2d456000 	/System/Library/Frameworks/Accelerate.framework/Versions/A/Frameworks/vImage.framework/Versions/A/vImage
0x00007fff2e4d0000 	/System/Library/Frameworks/Accelerate.framework/Versions/A/Frameworks/vecLib.framework/Versions/A/vecLib
0x00007fff2e41c000 	/System/Library/Frameworks/Accelerate.framework/Versions/A/Frameworks/vecLib.framework/Versions/A/libvMisc.dylib
0x00007fff2e234000 	/System/Library/Frameworks/Accelerate.framework/Versions/A/Frameworks/vecLib.framework/Versions/A/libvDSP.dylib
0x00007fff2daf0000 	/System/Library/Frameworks/Accelerate.framework/Versions/A/Frameworks/vecLib.framework/Versions/A/libBLAS.dylib
0x00007fff2dddd000 	/System/Library/Frameworks/Accelerate.framework/Versions/A/Frameworks/vecLib.framework/Versions/A/libLAPACK.dylib
0x00007fff2e187000 	/System/Library/Frameworks/Accelerate.framework/Versions/A/Frameworks/vecLib.framework/Versions/A/libLinearAlgebra.dylib
0x00007fff2e220000 	/System/Library/Frameworks/Accelerate.framework/Versions/A/Frameworks/vecLib.framework/Versions/A/libSparseBLAS.dylib
0x00007fff2e19d000 	/System/Library/Frameworks/Accelerate.framework/Versions/A/Frameworks/vecLib.framework/Versions/A/libQuadrature.dylib
0x00007fff2dd6a000 	/System/Library/Frameworks/Accelerate.framework/Versions/A/Frameworks/vecLib.framework/Versions/A/libBNNS.dylib
0x00007fff2e1a3000 	/System/Library/Frameworks/Accelerate.framework/Versions/A/Frameworks/vecLib.framework/Versions/A/libSparse.dylib
0x00007fff4c0a5000 	/System/Library/PrivateFrameworks/GPUWrangler.framework/Versions/A/GPUWrangler
0x00007fff4e377000 	/System/Library/PrivateFrameworks/IOAccelerator.framework/Versions/A/IOAccelerator
0x00007fff4e382000 	/System/Library/PrivateFrameworks/IOPresentment.framework/Versions/A/IOPresentment
0x00007fff45b39000 	/System/Library/PrivateFrameworks/DSExternalDisplay.framework/Versions/A/DSExternalDisplay
0x00007fff3a0b6000 	/System/Library/Frameworks/OpenGL.framework/Versions/A/Libraries/libCoreFSCache.dylib
0x00007fff35c36000 	/System/Library/Frameworks/MetalPerformanceShaders.framework/Frameworks/MPSCore.framework/Versions/A/MPSCore
0x00007fff35c56000 	/System/Library/Frameworks/MetalPerformanceShaders.framework/Frameworks/MPSImage.framework/Versions/A/MPSImage
0x00007fff35cfb000 	/System/Library/Frameworks/MetalPerformanceShaders.framework/Frameworks/MPSNeuralNetwork.framework/Versions/A/MPSNeuralNetwork
0x00007fff35cd3000 	/System/Library/Frameworks/MetalPerformanceShaders.framework/Frameworks/MPSMatrix.framework/Versions/A/MPSMatrix
0x00007fff35e27000 	/System/Library/Frameworks/MetalPerformanceShaders.framework/Frameworks/MPSRayIntersector.framework/Versions/A/MPSRayIntersector
0x00007fff4f872000 	/System/Library/PrivateFrameworks/MetalTools.framework/Versions/A/MetalTools
0x00007fff409f9000 	/System/Library/PrivateFrameworks/AggregateDictionary.framework/Versions/A/AggregateDictionary
0x00007fff59dbd000 	/usr/lib/libMobileGestalt.dylib
0x00007fff32d5d000 	/System/Library/Frameworks/CoreVideo.framework/Versions/A/CoreVideo
0x00007fff4ceb5000 	/System/Library/PrivateFrameworks/GraphVisualizer.framework/Versions/A/GraphVisualizer
0x00007fff46d35000 	/System/Library/PrivateFrameworks/FaceCore.framework/Versions/A/FaceCore
0x00007fff396e4000 	/System/Library/Frameworks/OpenCL.framework/Versions/A/OpenCL
0x00007fff59b15000 	/usr/lib/libFosl_dynamic.dylib
0x00007fff50621000 	/System/Library/PrivateFrameworks/OTSVG.framework/Versions/A/OTSVG
0x00007fff2f57e000 	/System/Library/Frameworks/ApplicationServices.framework/Versions/A/Frameworks/ATS.framework/Versions/A/Resources/libFontParser.dylib
0x00007fff2f696000 	/System/Library/Frameworks/ApplicationServices.framework/Versions/A/Frameworks/ATS.framework/Versions/A/Resources/libFontRegistry.dylib
0x00007fff33c67000 	/System/Library/Frameworks/ImageIO.framework/Versions/A/Resources/libJPEG.dylib
0x00007fff33f79000 	/System/Library/Frameworks/ImageIO.framework/Versions/A/Resources/libTIFF.dylib
0x00007fff33f4f000 	/System/Library/Frameworks/ImageIO.framework/Versions/A/Resources/libPng.dylib
0x00007fff33b85000 	/System/Library/Frameworks/ImageIO.framework/Versions/A/Resources/libGIF.dylib
0x00007fff33b8a000 	/System/Library/Frameworks/ImageIO.framework/Versions/A/Resources/libJP2.dylib
0x00007fff33f76000 	/System/Library/Frameworks/ImageIO.framework/Versions/A/Resources/libRadiance.dylib
0x00007fff412a3000 	/System/Library/PrivateFrameworks/AppleJPEG.framework/Versions/A/AppleJPEG
0x00007fff3a0c1000 	/System/Library/Frameworks/OpenGL.framework/Versions/A/Libraries/libGFXShared.dylib
0x00007fff3a284000 	/System/Library/Frameworks/OpenGL.framework/Versions/A/Libraries/libGLU.dylib
0x00007fff3a0ca000 	/System/Library/Frameworks/OpenGL.framework/Versions/A/Libraries/libGL.dylib
0x00007fff3a0d6000 	/System/Library/Frameworks/OpenGL.framework/Versions/A/Libraries/libGLImage.dylib
0x00007fff3a0b3000 	/System/Library/Frameworks/OpenGL.framework/Versions/A/Libraries/libCVMSPluginSupport.dylib
0x00007fff3a0bc000 	/System/Library/Frameworks/OpenGL.framework/Versions/A/Libraries/libCoreVMClient.dylib
0x00007fff5a92c000 	/usr/lib/libcups.2.dylib
0x00007fff3513d000 	/System/Library/Frameworks/Kerberos.framework/Versions/A/Kerberos
0x00007fff3366a000 	/System/Library/Frameworks/GSS.framework/Versions/A/GSS
0x00007fff5c03f000 	/usr/lib/libresolv.9.dylib
0x00007fff5ab1e000 	/usr/lib/libiconv.2.dylib
0x00007fff4d014000 	/System/Library/PrivateFrameworks/Heimdal.framework/Versions/A/Heimdal
0x00007fff5aaee000 	/usr/lib/libheimdal-asn1.dylib
0x00007fff39758000 	/System/Library/Frameworks/OpenDirectory.framework/Versions/A/OpenDirectory
0x00007fff43ac8000 	/System/Library/PrivateFrameworks/CommonAuth.framework/Versions/A/CommonAuth
0x00007fff3973c000 	/System/Library/Frameworks/OpenDirectory.framework/Versions/A/Frameworks/CFOpenDirectory.framework/Versions/A/CFOpenDirectory
0x00007fff3c7fc000 	/System/Library/Frameworks/SecurityFoundation.framework/Versions/A/SecurityFoundation
0x00007fff3ff42000 	/System/Library/PrivateFrameworks/APFS.framework/Versions/A/APFS
0x00007fff5c4a0000 	/usr/lib/libutil.dylib
0x00007fff5a1c9000 	/usr/lib/libcharset.1.dylib
0x00007fff41540000 	/System/Library/PrivateFrameworks/AppleSauce.framework/Versions/A/AppleSauce
0x00007fff416c1000 	/System/Library/PrivateFrameworks/AssertionServices.framework/Versions/A/AssertionServices
0x00007fff41df1000 	/System/Library/PrivateFrameworks/BaseBoard.framework/Versions/A/BaseBoard
0x00007fff5aeef000 	/usr/lib/libmecab.1.0.0.dylib
0x00007fff5aae8000 	/usr/lib/libgermantok.dylib
0x00007fff59f99000 	/usr/lib/libThaiTokenizer.dylib
0x00007fff59a45000 	/usr/lib/libChineseTokenizer.dylib
0x00007fff4ea30000 	/System/Library/PrivateFrameworks/LanguageModeling.framework/Versions/A/LanguageModeling
0x00007fff447a9000 	/System/Library/PrivateFrameworks/CoreEmoji.framework/Versions/A/CoreEmoji
0x00007fff4eb0c000 	/System/Library/PrivateFrameworks/Lexicon.framework/Versions/A/Lexicon
0x00007fff4eb4f000 	/System/Library/PrivateFrameworks/LinguisticData.framework/Versions/A/LinguisticData
0x00007fff5a1ca000 	/usr/lib/libcmph.dylib
0x00007fff3c8ba000 	/System/Library/Frameworks/ServiceManagement.framework/Versions/A/ServiceManagement
0x00007fff41d52000 	/System/Library/PrivateFrameworks/BackgroundTaskManagement.framework/Versions/A/BackgroundTaskManagement
0x00007fff5c599000 	/usr/lib/libxslt.1.dylib
0x00007fff305e9000 	/System/Library/Frameworks/Carbon.framework/Versions/A/Frameworks/Ink.framework/Versions/A/Ink
0x00007fff57ad7000 	/System/Library/PrivateFrameworks/TextureIO.framework/Versions/A/TextureIO
0x00007fff59fed000 	/usr/lib/libate.dylib
0x00007fff45a88000 	/System/Library/PrivateFrameworks/CrashReporterSupport.framework/Versions/A/CrashReporterSupport
0x00007fff55216000 	/System/Library/PrivateFrameworks/Sharing.framework/Versions/A/Sharing
0x00007fff41aa4000 	/System/Library/PrivateFrameworks/AuthKit.framework/Versions/A/AuthKit
0x00007fff40ff8000 	/System/Library/PrivateFrameworks/Apple80211.framework/Versions/A/Apple80211
0x00007fff45832000 	/System/Library/PrivateFrameworks/CoreUtils.framework/Versions/A/CoreUtils
0x00007fff32d9d000 	/System/Library/Frameworks/CoreWLAN.framework/Versions/A/CoreWLAN
0x00007fff33799000 	/System/Library/Frameworks/IOBluetooth.framework/Versions/A/IOBluetooth
0x00007fff53696000 	/System/Library/PrivateFrameworks/ProtocolBuffer.framework/Versions/A/ProtocolBuffer
0x00007fff4faac000 	/System/Library/PrivateFrameworks/MobileKeyBag.framework/Versions/A/MobileKeyBag
0x00007fff45076000 	/System/Library/PrivateFrameworks/CorePhoneNumbers.framework/Versions/A/CorePhoneNumbers
0x00007fff41257000 	/System/Library/PrivateFrameworks/AppleIDAuthSupport.framework/Versions/A/AppleIDAuthSupport
0x00007fff4ea03000 	/System/Library/PrivateFrameworks/KeychainCircle.framework/Versions/A/KeychainCircle
0x00007fff5384c000 	/System/Library/PrivateFrameworks/ROCKit.framework/Versions/A/ROCKit
0x00007fff45a24000 	/System/Library/PrivateFrameworks/CoreWiFi.framework/Versions/A/CoreWiFi
0x00007fff30b34000 	/System/Library/Frameworks/CoreBluetooth.framework/Versions/A/CoreBluetooth
0x00007fff45c7f000 	/System/Library/PrivateFrameworks/DebugSymbols.framework/Versions/A/DebugSymbols
0x00007fff455f2000 	/System/Library/PrivateFrameworks/CoreSymbolication.framework/Versions/A/CoreSymbolication
0x00007fff572f2000 	/System/Library/PrivateFrameworks/Symbolication.framework/Versions/A/Symbolication
0x00007fff56b95000 	/System/Library/PrivateFrameworks/SpeechRecognitionCore.framework/Versions/A/SpeechRecognitionCore
0x000000010a384000 	/Library/Java/JavaVirtualMachines/jdk1.8.0_212.jdk/Contents/Home/jre/lib/server/libjvm.dylib
0x00007fff5c37b000 	/usr/lib/libstdc++.6.dylib
0x0000000108e87000 	/Library/Java/JavaVirtualMachines/jdk1.8.0_212.jdk/Contents/Home/jre/lib/libverify.dylib
0x0000000108e95000 	/Library/Java/JavaVirtualMachines/jdk1.8.0_212.jdk/Contents/Home/jre/lib/libjava.dylib
0x0000000108ecc000 	/Library/Java/JavaVirtualMachines/jdk1.8.0_212.jdk/Contents/Home/jre/lib/libinstrument.dylib
0x0000000108f69000 	/Library/Java/JavaVirtualMachines/jdk1.8.0_212.jdk/Contents/Home/jre/lib/libzip.dylib
0x00000001252f7000 	/Library/Java/JavaVirtualMachines/jdk1.8.0_212.jdk/Contents/Home/jre/lib/libnet.dylib
0x0000000124c4d000 	/Library/Java/JavaVirtualMachines/jdk1.8.0_212.jdk/Contents/Home/jre/lib/libnio.dylib
0x00000001253b2000 	/private/var/folders/77/fywyhb557ng2lsjmj3v6fz4h0000gn/T/lwjglsam/3.2.1-build-12/liblwjgl.dylib
0x00000001254b7000 	/var/folders/77/fywyhb557ng2lsjmj3v6fz4h0000gn/T/lwjglsam/3.2.1-build-12/libglfw.dylib
0x00007fff451fa000 	/System/Library/PrivateFrameworks/CoreServicesInternal.framework/Versions/A/CoreServicesInternal
0x00007fff4715a000 	/System/Library/PrivateFrameworks/FamilyControls.framework/Versions/A/FamilyControls
0x00007fff43abb000 	/System/Library/PrivateFrameworks/CommerceKit.framework/Versions/A/Frameworks/CommerceCore.framework/Versions/A/CommerceCore
0x00007fff575c5000 	/System/Library/PrivateFrameworks/SystemAdministration.framework/Versions/A/SystemAdministration
0x00007fff40ef9000 	/System/Library/PrivateFrameworks/AppContainer.framework/Versions/A/AppContainer
0x00007fff40f15000 	/System/Library/PrivateFrameworks/AppSandbox.framework/Versions/A/AppSandbox
0x00007fff550b7000 	/System/Library/PrivateFrameworks/SecCodeWrapper.framework/Versions/A/SecCodeWrapper
0x00007fff5c059000 	/usr/lib/libsandbox.1.dylib
0x00007fff59d8c000 	/usr/lib/libMatch.1.dylib
0x00007fff46004000 	/System/Library/PrivateFrameworks/DiskManagement.framework/Versions/A/DiskManagement
0x00007fff32fa3000 	/System/Library/Frameworks/DirectoryService.framework/Versions/A/DirectoryService
0x00007fff45f35000 	/System/Library/PrivateFrameworks/DiskImages.framework/Versions/A/DiskImages
0x00007fff4ec48000 	/System/Library/PrivateFrameworks/LoginUIKit.framework/Versions/A/Frameworks/LoginUICore.framework/Versions/A/LoginUICore
0x00007fff59a50000 	/usr/lib/libCoreStorage.dylib
0x00007fff5a919000 	/usr/lib/libcsfde.dylib
0x00007fff5bed9000 	/usr/lib/libodfde.dylib
0x00007fff4f48a000 	/System/Library/PrivateFrameworks/MediaKit.framework/Versions/A/MediaKit
0x00007fff32faf000 	/System/Library/Frameworks/DiscRecording.framework/Versions/A/DiscRecording
0x00007fff46176000 	/System/Library/PrivateFrameworks/EFILogin.framework/Versions/A/EFILogin
0x00007fff53641000 	/System/Library/PrivateFrameworks/ProtectedCloudStorage.framework/Versions/A/ProtectedCloudStorage
0x00007fff5a9ab000 	/usr/lib/libcurl.4.dylib
0x00007fff5a818000 	/usr/lib/libcrypto.42.dylib
0x00007fff5c34b000 	/usr/lib/libssl.44.dylib
0x00007fff35157000 	/System/Library/Frameworks/LDAP.framework/Versions/A/LDAP
0x00007fff57c55000 	/System/Library/PrivateFrameworks/TrustEvaluationAgent.framework/Versions/A/TrustEvaluationAgent
0x00007fff5c095000 	/usr/lib/libsasl2.2.dylib
0x00007fff445a6000 	/System/Library/PrivateFrameworks/CoreDaemon.framework/Versions/B/CoreDaemon
0x00007fff4153b000 	/System/Library/PrivateFrameworks/AppleSRP.framework/Versions/A/AppleSRP
0x00007fff58a8e000 	/System/Library/PrivateFrameworks/ViewBridge.framework/Versions/A/ViewBridge
0x0000000125468000 	/usr/lib/libobjc-trampolines.dylib
0x00007fff2d43f000 	/System/Library/Frameworks/Accelerate.framework/Versions/A/Frameworks/vImage.framework/Versions/A/Libraries/libCGInterfaces.dylib
0x00007fff2f732000 	/System/Library/Frameworks/ApplicationServices.framework/Versions/A/Frameworks/ATS.framework/Versions/A/Resources/libTrueTypeScaler.dylib
0x00007fff3ac6f000 	/System/Library/Frameworks/OpenGL.framework/Versions/A/Resources/GLEngine.bundle/GLEngine
0x00007fff3a111000 	/System/Library/Frameworks/OpenGL.framework/Versions/A/Libraries/libGLProgrammability.dylib
0x00007fff2982c000 	/System/Library/Extensions/AppleIntelKBLGraphicsGLDriver.bundle/Contents/MacOS/AppleIntelKBLGraphicsGLDriver
0x00007fff4c099000 	/System/Library/PrivateFrameworks/GPUSupport.framework/Versions/A/Libraries/libGPUSupportMercury.dylib
0x00007fff3ae07000 	/System/Library/Frameworks/OpenGL.framework/Versions/A/Resources/GLRendererFloat.bundle/GLRendererFloat
0x00007fff396db000 	/System/Library/Frameworks/OpenCL.framework/Versions/A/Libraries/libcldcpuengine.dylib
0x00007fff5a61e000 	/usr/lib/libcrypto.35.dylib
0x0000000125d9a000 	/private/var/folders/77/fywyhb557ng2lsjmj3v6fz4h0000gn/T/lwjglsam/3.2.1-build-12/liblwjgl_opengl.dylib
0x0000000128634000 	/private/var/folders/77/fywyhb557ng2lsjmj3v6fz4h0000gn/T/lwjglsam/3.2.1-build-12/liblwjgl_stb.dylib
0x0000000125581000 	/Library/Java/JavaVirtualMachines/jdk1.8.0_212.jdk/Contents/Home/jre/lib/libjsound.dylib
0x00007fff31e3d000 	/System/Library/Frameworks/CoreMIDI.framework/Versions/A/CoreMIDI
0x00007fff5aab7000 	/usr/lib/libexpat.1.dylib
0x0000000125613000 	/System/Library/Extensions/AppleHDA.kext/Contents/PlugIns/AppleHDAHALPlugIn.bundle/Contents/MacOS/AppleHDAHALPlugIn
0x00000001309a2000 	/System/Library/Components/CoreAudio.component/Contents/MacOS/CoreAudio
0x00007fff2a601000 	/System/Library/Extensions/AppleIntelKBLGraphicsMTLDriver.bundle/Contents/MacOS/AppleIntelKBLGraphicsMTLDriver
0x00007fff4aa04000 	/System/Library/PrivateFrameworks/GPUCompiler.framework/Versions/3902/Libraries/libmetal_timestamp.dylib
0x00007fff59745000 	/System/Library/PrivateFrameworks/login.framework/Versions/A/login

VM Arguments:
jvm_args: -javaagent:/Applications/IntelliJ IDEA.app/Contents/lib/idea_rt.jar=51195:/Applications/IntelliJ IDEA.app/Contents/bin -Dfile.encoding=UTF-8 
java_command: Main
java_class_path (initial): /Library/Java/JavaVirtualMachines/jdk1.8.0_212.jdk/Contents/Home/jre/lib/charsets.jar:/Library/Java/JavaVirtualMachines/jdk1.8.0_212.jdk/Contents/Home/jre/lib/deploy.jar:/Library/Java/JavaVirtualMachines/jdk1.8.0_212.jdk/Contents/Home/jre/lib/ext/cldrdata.jar:/Library/Java/JavaVirtualMachines/jdk1.8.0_212.jdk/Contents/Home/jre/lib/ext/dnsns.jar:/Library/Java/JavaVirtualMachines/jdk1.8.0_212.jdk/Contents/Home/jre/lib/ext/jaccess.jar:/Library/Java/JavaVirtualMachines/jdk1.8.0_212.jdk/Contents/Home/jre/lib/ext/jfxrt.jar:/Library/Java/JavaVirtualMachines/jdk1.8.0_212.jdk/Contents/Home/jre/lib/ext/localedata.jar:/Library/Java/JavaVirtualMachines/jdk1.8.0_212.jdk/Contents/Home/jre/lib/ext/nashorn.jar:/Library/Java/JavaVirtualMachines/jdk1.8.0_212.jdk/Contents/Home/jre/lib/ext/sunec.jar:/Library/Java/JavaVirtualMachines/jdk1.8.0_212.jdk/Contents/Home/jre/lib/ext/sunjce_provider.jar:/Library/Java/JavaVirtualMachines/jdk1.8.0_212.jdk/Contents/Home/jre/lib/ext/sunpkcs11.jar:/Library/Java/JavaVirtualMachines/jdk1.8.0_212.jdk/Contents/Home/jre/lib/ext/zipfs.jar:/Library/Java/JavaVirtualMachines/jdk1.8.0_212.jdk/Contents/Home/jre/lib/javaws.jar:/Library/Java/JavaVirtualMachines/jdk1.8.0_212.jdk/Contents/Home/jre/lib/jce.jar:/Library/Java/JavaVirtualMachines/jdk1.8.0_212.jdk/Contents/Home/jre/lib/jfr.jar:/Library/Java/JavaVirtualMachines/jdk1.8.0_212.jdk/Contents/Home/jre/lib/jfxswt.jar:/Library/Java/JavaVirtualMachines/jdk1.8.0_212.jdk/Contents/Home/jre/lib/jsse.jar:/Library/Java/JavaVirtualMachines/jdk1.8.0_212.jdk/Contents/Home/jre/lib/management-agent.jar:/Library/Java/JavaVirtualMachines/jdk1.8.0_212.jdk/Contents/Home/jre/lib/plugin.jar:/Library/Java/JavaVirtualMachines/jdk1.8.0_212.jdk/Contents/Home/jre/lib/resources.jar:/Library/Java/JavaVirtualMachines/jdk1.8.0_212.jdk/Contents/Home/jre/lib/rt.jar:/Library/Java/JavaVirtualMachines/jdk1.8.0_212.jdk/Contents/Home/lib/ant-javafx.jar:/Library/Java/JavaVirtualMachines/jdk1.8.0_212.jdk/Contents/Home
Launcher Type: SUN_STANDARD

Environment Variables:
PATH=/anaconda3/bin:/usr/local/bin:/usr/bin:/bin:/usr/sbin:/sbin:/Applications/VMware Fusion.app/Contents/Public:/Library/TeX/texbin:/usr/local/MacGPG2/bin:/Applications/Wireshark.app/Contents/MacOS
SHELL=/bin/bash

Signal Handlers:
SIGSEGV: [libjvm.dylib+0x5b71a7], sa_mask[0]=11111111011111110111111111111111, sa_flags=SA_ONSTACK|SA_RESTART|SA_SIGINFO
SIGBUS: [libjvm.dylib+0x5b71a7], sa_mask[0]=11111111011111110111111111111111, sa_flags=SA_RESTART|SA_SIGINFO
SIGFPE: [libjvm.dylib+0x48c8fc], sa_mask[0]=11111111011111110111111111111111, sa_flags=SA_RESTART|SA_SIGINFO
SIGPIPE: [libjvm.dylib+0x48c8fc], sa_mask[0]=11111111011111110111111111111111, sa_flags=SA_RESTART|SA_SIGINFO
SIGXFSZ: [libjvm.dylib+0x48c8fc], sa_mask[0]=11111111011111110111111111111111, sa_flags=SA_RESTART|SA_SIGINFO
SIGILL: [libjvm.dylib+0x48c8fc], sa_mask[0]=11111111011111110111111111111111, sa_flags=SA_RESTART|SA_SIGINFO
SIGUSR1: SIG_DFL, sa_mask[0]=00000000000000000000000000000000, sa_flags=none
SIGUSR2: [libjvm.dylib+0x48c41a], sa_mask[0]=00100000000000000000000000000000, sa_flags=SA_RESTART|SA_SIGINFO
SIGHUP: [libjvm.dylib+0x48a9a5], sa_mask[0]=11111111011111110111111111111111, sa_flags=SA_RESTART|SA_SIGINFO
SIGINT: [libjvm.dylib+0x48a9a5], sa_mask[0]=11111111011111110111111111111111, sa_flags=SA_RESTART|SA_SIGINFO
SIGTERM: [libjvm.dylib+0x48a9a5], sa_mask[0]=11111111011111110111111111111111, sa_flags=SA_RESTART|SA_SIGINFO
SIGQUIT: [libjvm.dylib+0x48a9a5], sa_mask[0]=11111111011111110111111111111111, sa_flags=SA_RESTART|SA_SIGINFO


---------------  S Y S T E M  ---------------

OS:Bsduname:Darwin 18.6.0 Darwin Kernel Version 18.6.0: Thu Apr 25 23:16:27 PDT 2019; root:xnu-4903.261.4~2/RELEASE_X86_64 x86_64
rlimit: STACK 8192k, CORE 0k, NPROC 1418, NOFILE 10240, AS infinity
load average:2.61 2.26 2.27

CPU:total 4 (initial active 4) (2 cores per cpu, 2 threads per core) family 6 model 142 stepping 9, cmov, cx8, fxsr, mmx, sse, sse2, sse3, ssse3, sse4.1, sse4.2, popcnt, avx, avx2, aes, clmul, erms, 3dnowpref, lzcnt, ht, tsc, tscinvbit, bmi1, bmi2, adx

Memory: 4k page, physical 16777216k(2748604k free)

/proc/meminfo:


vm_info: Java HotSpot(TM) 64-Bit Server VM (25.212-b10) for bsd-amd64 JRE (1.8.0_212-b10), built on Apr  1 2019 23:10:56 by "java_re" with gcc 4.2.1 (Based on Apple Inc. build 5658) (LLVM build 2336.11.00)

time: Sat Jun  8 22:33:04 2019
timezone: CEST
elapsed time: 12 seconds (0d 0h 0m 12s)

