#
# A fatal error has been detected by the Java Runtime Environment:
#
#  EXCEPTION_ACCESS_VIOLATION (0xc0000005) at pc=0x00000000578000c9, pid=17820, tid=0x000000000000338c
#
# JRE version: Java(TM) SE Runtime Environment (8.0_131-b11) (build 1.8.0_131-b11)
# Java VM: Java HotSpot(TM) 64-Bit Server VM (25.131-b11 mixed mode windows-amd64 compressed oops)
# Problematic frame:
# V  [jvm.dll+0x1e00c9]
#
# Failed to write core dump. Minidumps are not enabled by default on client versions of Windows
#
# If you would like to submit a bug report, please visit:
#   http://bugreport.java.com/bugreport/crash.jsp
#

---------------  T H R E A D  ---------------

Current thread (0x00000000030eb800):  JavaThread "main" [_thread_in_vm, id=13196, stack(0x0000000002fe0000,0x00000000030e0000)]

siginfo: ExceptionCode=0xc0000005, reading address 0x000000006e997908

Registers:
RAX=0x0000000000000000, RBX=0x00000000030eb800, RCX=0x0000000000000b80, RDX=0x00000000030dec60
RSP=0x00000000030dec10, RBP=0x000000006e997908, RSI=0x0000000000000000, RDI=0x0000000000000000
R8 =0x0000000000000000, R9 =0x000000006e997908, R10=0x000000000368648f, R11=0x0000000003686458
R12=0x0000000000000000, R13=0x00000000030decb8, R14=0x00000000030ded30, R15=0x00000000030eb800
RIP=0x00000000578000c9, EFLAGS=0x0000000000010246

Top of Stack: (sp=0x00000000030dec10)
0x00000000030dec10:   0000000000000108 0000000000000000
0x00000000030dec20:   0000000000000001 00000000030dec28
0x00000000030dec30:   000000000337835d 000000000368650d
0x00000000030dec40:   000000001796c078 00000000030deca0
0x00000000030dec50:   0000000000000108 0000000000000000
0x00000000030dec60:   0000000081e08e20 0000000000000000
0x00000000030dec70:   0000000003377e70 0000000000000000
0x00000000030dec80:   0000000081e502a8 00000000030dec88
0x00000000030dec90:   0000000000000000 00000000030ded00
0x00000000030deca0:   00000000030ded18 0000000003377da0
0x00000000030decb0:   0000000003377da0 000000006e997908
0x00000000030decc0:   00000000030dece8 0000000000000000
0x00000000030decd0:   0000000081e08e20 00000000030decd8
0x00000000030dece0:   000000002a8ea3ca 00000000030ded30
0x00000000030decf0:   000000002a8ebd38 000000002a8fd658
0x00000000030ded00:   000000002a8ea3e8 00000000030decb8 

Instructions: (pc=0x00000000578000c9)
0x00000000578000a9:   00 00 00 30 74 08 48 8b cb e8 09 2d 06 00 c7 83
0x00000000578000b9:   70 02 00 00 06 00 00 00 48 85 f6 74 03 48 8b 3e
0x00000000578000c9:   8b 2c 2f 48 8b 7b 48 48 8b 47 10 48 8b 77 08 48
0x00000000578000d9:   83 38 00 74 15 48 8b 57 28 48 8b ce e8 d6 df ee 


Register to memory mapping:

RAX=0x0000000000000000 is an unknown value
RBX=0x00000000030eb800 is a thread
RCX=0x0000000000000b80 is an unknown value
RDX=0x00000000030dec60 is pointing into the stack for thread: 0x00000000030eb800
RSP=0x00000000030dec10 is pointing into the stack for thread: 0x00000000030eb800
RBP=0x000000006e997908 is an unknown value
RSI=0x0000000000000000 is an unknown value
RDI=0x0000000000000000 is an unknown value
R8 =0x0000000000000000 is an unknown value
R9 =0x000000006e997908 is an unknown value
R10=0x000000000368648f is at entry_point+79 in (nmethod*)0x00000000036862d0
R11=0x0000000003686458 is at entry_point+24 in (nmethod*)0x00000000036862d0
R12=0x0000000000000000 is an unknown value
R13=0x00000000030decb8 is pointing into the stack for thread: 0x00000000030eb800
R14=0x00000000030ded30 is pointing into the stack for thread: 0x00000000030eb800
R15=0x00000000030eb800 is a thread


Stack: [0x0000000002fe0000,0x00000000030e0000],  sp=0x00000000030dec10,  free space=1019k
Native frames: (J=compiled Java code, j=interpreted, Vv=VM code, C=native code)
V  [jvm.dll+0x1e00c9]
C  0x000000000368650d

Java frames: (J=compiled Java code, j=interpreted, Vv=VM code)
J 746  sun.misc.Unsafe.getInt(Ljava/lang/Object;J)I (0 bytes) @ 0x000000000368648f [0x0000000003686440+0x4f]
j  org.lwjgl.assimp.AIMesh.nmNumBones(J)I+10
j  org.lwjgl.assimp.AIMesh.mNumBones()I+4
j  Graphics.Animation.loaders.AnimModelLoader.loadAnimModelInVao(Ljava/lang/String;LGraphics/RenderEngine/Loader;)LGraphics/Models/BaseModel;+1228
j  Graphics.RenderEngine.Scene.initActors([LGameState/Entities/Actor;)V+25
j  Graphics.RenderEngine.Scene.init()V+12
j  Graphics.RenderEngine.Scene.<init>(LGameState/World;)V+54
j  Graphics.WindowManager.<init>()V+130
j  Main.main([Ljava/lang/String;)V+7
v  ~StubRoutines::call_stub

---------------  P R O C E S S  ---------------

Java Threads: ( => current thread )
  0x000000001ae5f000 JavaThread "Service Thread" daemon [_thread_blocked, id=13240, stack(0x000000001b6a0000,0x000000001b7a0000)]
  0x000000001adad800 JavaThread "C1 CompilerThread3" daemon [_thread_blocked, id=16524, stack(0x000000001b5a0000,0x000000001b6a0000)]
  0x000000001adaa800 JavaThread "C2 CompilerThread2" daemon [_thread_blocked, id=1000, stack(0x000000001b4a0000,0x000000001b5a0000)]
  0x000000001ad7b000 JavaThread "C2 CompilerThread1" daemon [_thread_blocked, id=16616, stack(0x000000001b3a0000,0x000000001b4a0000)]
  0x000000001ad7a000 JavaThread "C2 CompilerThread0" daemon [_thread_blocked, id=5996, stack(0x000000001b2a0000,0x000000001b3a0000)]
  0x000000001acf7000 JavaThread "Monitor Ctrl-Break" daemon [_thread_in_native, id=14076, stack(0x000000001b1a0000,0x000000001b2a0000)]
  0x000000001a1e6000 JavaThread "Attach Listener" daemon [_thread_blocked, id=17596, stack(0x000000001a8a0000,0x000000001a9a0000)]
  0x000000001a1e5000 JavaThread "Signal Dispatcher" daemon [_thread_blocked, id=3844, stack(0x000000001a7a0000,0x000000001a8a0000)]
  0x000000001a1d0800 JavaThread "Finalizer" daemon [_thread_blocked, id=3056, stack(0x000000001a5b0000,0x000000001a6b0000)]
  0x00000000182e4000 JavaThread "Reference Handler" daemon [_thread_blocked, id=13232, stack(0x000000001a0b0000,0x000000001a1b0000)]
=>0x00000000030eb800 JavaThread "main" [_thread_in_vm, id=13196, stack(0x0000000002fe0000,0x00000000030e0000)]

Other Threads:
  0x00000000182db800 VMThread [stack: 0x0000000019fb0000,0x000000001a0b0000] [id=18008]
  0x000000001af17800 WatcherThread [stack: 0x000000001b7a0000,0x000000001b8a0000] [id=17764]

VM state:not at safepoint (normal execution)

VM Mutex/Monitor currently owned by a thread: None

Heap:
 PSYoungGen      total 135168K, used 83121K [0x00000000d5f80000, 0x00000000e7a80000, 0x0000000100000000)
  eden space 133120K, 60% used [0x00000000d5f80000,0x00000000daeb4240,0x00000000de180000)
  from space 2048K, 98% used [0x00000000de180000,0x00000000de378228,0x00000000de380000)
  to   space 11776K, 0% used [0x00000000e6f00000,0x00000000e6f00000,0x00000000e7a80000)
 ParOldGen       total 87552K, used 19233K [0x0000000081e00000, 0x0000000087380000, 0x00000000d5f80000)
  object space 87552K, 21% used [0x0000000081e00000,0x00000000830c8510,0x0000000087380000)
 Metaspace       used 12076K, capacity 12349K, committed 12672K, reserved 1060864K
  class space    used 953K, capacity 1042K, committed 1152K, reserved 1048576K

Card table byte_map: [0x0000000012730000,0x0000000012b30000] byte_map_base: 0x0000000012321000

Marking Bits: (ParMarkBitMap*) 0x0000000057e3c720
 Begin Bits: [0x00000000135e0000, 0x0000000015568000)
 End Bits:   [0x0000000015568000, 0x00000000174f0000)

Polling page: 0x00000000011f0000

CodeCache: size=245760Kb used=5427Kb max_used=5427Kb free=240332Kb
 bounds [0x0000000003370000, 0x00000000038d0000, 0x0000000012370000]
 total_blobs=2343 nmethods=1381 adapters=875
 compilation: enabled

Compilation events (10 events):
Event: 3.603 Thread 0x000000001adad800 1378       3       java.net.URLClassLoader::defineClass (142 bytes)
Event: 3.604 Thread 0x000000001adad800 nmethod 1378 0x00000000038bd6d0 code [0x00000000038bda40, 0x00000000038bfd18]
Event: 3.776 Thread 0x000000001adad800 1382       3       org.lwjgl.system.MultiReleaseTextDecoding::decodeUTF8 (351 bytes)
Event: 3.776 Thread 0x000000001adad800 nmethod 1382 0x00000000038b7410 code [0x00000000038b75e0, 0x00000000038b7e98]
Event: 3.776 Thread 0x000000001adad800 1379       3       org.lwjgl.assimp.AIQuatKey::sizeof (4 bytes)
Event: 3.777 Thread 0x000000001adad800 nmethod 1379 0x00000000038b2750 code [0x00000000038b28a0, 0x00000000038b29f0]
Event: 3.777 Thread 0x000000001adad800 1380       3       org.lwjgl.assimp.AIQuatKey::mTime (8 bytes)
Event: 3.777 Thread 0x000000001adad800 nmethod 1380 0x00000000038b6f10 code [0x00000000038b7080, 0x00000000038b7310]
Event: 3.777 Thread 0x000000001adad800 1381       3       org.lwjgl.assimp.AIQuatKey::nmTime (14 bytes)
Event: 3.777 Thread 0x000000001adad800 nmethod 1381 0x00000000038b6bd0 code [0x00000000038b6d20, 0x00000000038b6e70]

GC Heap History (10 events):
Event: 0.624 GC heap before
{Heap before GC invocations=3 (full 0):
 PSYoungGen      total 38400K, used 34788K [0x00000000d5f80000, 0x00000000daa80000, 0x0000000100000000)
  eden space 33280K, 100% used [0x00000000d5f80000,0x00000000d8000000,0x00000000d8000000)
  from space 5120K, 29% used [0x00000000d8500000,0x00000000d8679368,0x00000000d8a00000)
  to   space 5120K, 0% used [0x00000000d8000000,0x00000000d8000000,0x00000000d8500000)
 ParOldGen       total 87552K, used 16K [0x0000000081e00000, 0x0000000087380000, 0x00000000d5f80000)
  object space 87552K, 0% used [0x0000000081e00000,0x0000000081e04000,0x0000000087380000)
 Metaspace       used 3769K, capacity 4640K, committed 4864K, reserved 1056768K
  class space    used 412K, capacity 464K, committed 512K, reserved 1048576K
Event: 0.624 GC heap after
Heap after GC invocations=3 (full 0):
 PSYoungGen      total 38400K, used 1444K [0x00000000d5f80000, 0x00000000daa80000, 0x0000000100000000)
  eden space 33280K, 0% used [0x00000000d5f80000,0x00000000d5f80000,0x00000000d8000000)
  from space 5120K, 28% used [0x00000000d8000000,0x00000000d8169368,0x00000000d8500000)
  to   space 5120K, 0% used [0x00000000da580000,0x00000000da580000,0x00000000daa80000)
 ParOldGen       total 87552K, used 24K [0x0000000081e00000, 0x0000000087380000, 0x00000000d5f80000)
  object space 87552K, 0% used [0x0000000081e00000,0x0000000081e06000,0x0000000087380000)
 Metaspace       used 3769K, capacity 4640K, committed 4864K, reserved 1056768K
  class space    used 412K, capacity 464K, committed 512K, reserved 1048576K
}
Event: 0.671 GC heap before
{Heap before GC invocations=4 (full 0):
 PSYoungGen      total 38400K, used 34724K [0x00000000d5f80000, 0x00000000daa80000, 0x0000000100000000)
  eden space 33280K, 100% used [0x00000000d5f80000,0x00000000d8000000,0x00000000d8000000)
  from space 5120K, 28% used [0x00000000d8000000,0x00000000d8169368,0x00000000d8500000)
  to   space 5120K, 0% used [0x00000000da580000,0x00000000da580000,0x00000000daa80000)
 ParOldGen       total 87552K, used 24K [0x0000000081e00000, 0x0000000087380000, 0x00000000d5f80000)
  object space 87552K, 0% used [0x0000000081e00000,0x0000000081e06000,0x0000000087380000)
 Metaspace       used 3770K, capacity 4640K, committed 4864K, reserved 1056768K
  class space    used 412K, capacity 464K, committed 512K, reserved 1048576K
Event: 0.672 GC heap after
Heap after GC invocations=4 (full 0):
 PSYoungGen      total 71680K, used 1556K [0x00000000d5f80000, 0x00000000daa80000, 0x0000000100000000)
  eden space 66560K, 0% used [0x00000000d5f80000,0x00000000d5f80000,0x00000000da080000)
  from space 5120K, 30% used [0x00000000da580000,0x00000000da705378,0x00000000daa80000)
  to   space 5120K, 0% used [0x00000000da080000,0x00000000da080000,0x00000000da580000)
 ParOldGen       total 87552K, used 32K [0x0000000081e00000, 0x0000000087380000, 0x00000000d5f80000)
  object space 87552K, 0% used [0x0000000081e00000,0x0000000081e08000,0x0000000087380000)
 Metaspace       used 3770K, capacity 4640K, committed 4864K, reserved 1056768K
  class space    used 412K, capacity 464K, committed 512K, reserved 1048576K
}
Event: 0.780 GC heap before
{Heap before GC invocations=5 (full 0):
 PSYoungGen      total 71680K, used 68116K [0x00000000d5f80000, 0x00000000daa80000, 0x0000000100000000)
  eden space 66560K, 100% used [0x00000000d5f80000,0x00000000da080000,0x00000000da080000)
  from space 5120K, 30% used [0x00000000da580000,0x00000000da705378,0x00000000daa80000)
  to   space 5120K, 0% used [0x00000000da080000,0x00000000da080000,0x00000000da580000)
 ParOldGen       total 87552K, used 32K [0x0000000081e00000, 0x0000000087380000, 0x00000000d5f80000)
  object space 87552K, 0% used [0x0000000081e00000,0x0000000081e08000,0x0000000087380000)
 Metaspace       used 3772K, capacity 4640K, committed 4864K, reserved 1056768K
  class space    used 412K, capacity 464K, committed 512K, reserved 1048576K
Event: 0.781 GC heap after
Heap after GC invocations=5 (full 0):
 PSYoungGen      total 71680K, used 1620K [0x00000000d5f80000, 0x00000000de580000, 0x0000000100000000)
  eden space 66560K, 0% used [0x00000000d5f80000,0x00000000d5f80000,0x00000000da080000)
  from space 5120K, 31% used [0x00000000da080000,0x00000000da215358,0x00000000da580000)
  to   space 2048K, 0% used [0x00000000de380000,0x00000000de380000,0x00000000de580000)
 ParOldGen       total 87552K, used 32K [0x0000000081e00000, 0x0000000087380000, 0x00000000d5f80000)
  object space 87552K, 0% used [0x0000000081e00000,0x0000000081e08000,0x0000000087380000)
 Metaspace       used 3772K, capacity 4640K, committed 4864K, reserved 1056768K
  class space    used 412K, capacity 464K, committed 512K, reserved 1048576K
}
Event: 0.887 GC heap before
{Heap before GC invocations=6 (full 0):
 PSYoungGen      total 71680K, used 68180K [0x00000000d5f80000, 0x00000000de580000, 0x0000000100000000)
  eden space 66560K, 100% used [0x00000000d5f80000,0x00000000da080000,0x00000000da080000)
  from space 5120K, 31% used [0x00000000da080000,0x00000000da215358,0x00000000da580000)
  to   space 2048K, 0% used [0x00000000de380000,0x00000000de380000,0x00000000de580000)
 ParOldGen       total 87552K, used 32K [0x0000000081e00000, 0x0000000087380000, 0x00000000d5f80000)
  object space 87552K, 0% used [0x0000000081e00000,0x0000000081e08000,0x0000000087380000)
 Metaspace       used 3779K, capacity 4640K, committed 4864K, reserved 1056768K
  class space    used 412K, capacity 464K, committed 512K, reserved 1048576K
Event: 0.889 GC heap after
Heap after GC invocations=6 (full 0):
 PSYoungGen      total 135168K, used 1380K [0x00000000d5f80000, 0x00000000de580000, 0x0000000100000000)
  eden space 133120K, 0% used [0x00000000d5f80000,0x00000000d5f80000,0x00000000de180000)
  from space 2048K, 67% used [0x00000000de380000,0x00000000de4d9368,0x00000000de580000)
  to   space 2048K, 0% used [0x00000000de180000,0x00000000de180000,0x00000000de380000)
 ParOldGen       total 87552K, used 32K [0x0000000081e00000, 0x0000000087380000, 0x00000000d5f80000)
  object space 87552K, 0% used [0x0000000081e00000,0x0000000081e08000,0x0000000087380000)
 Metaspace       used 3779K, capacity 4640K, committed 4864K, reserved 1056768K
  class space    used 412K, capacity 464K, committed 512K, reserved 1048576K
}
Event: 3.456 GC heap before
{Heap before GC invocations=7 (full 0):
 PSYoungGen      total 135168K, used 134500K [0x00000000d5f80000, 0x00000000de580000, 0x0000000100000000)
  eden space 133120K, 100% used [0x00000000d5f80000,0x00000000de180000,0x00000000de180000)
  from space 2048K, 67% used [0x00000000de380000,0x00000000de4d9368,0x00000000de580000)
  to   space 2048K, 0% used [0x00000000de180000,0x00000000de180000,0x00000000de380000)
 ParOldGen       total 87552K, used 32K [0x0000000081e00000, 0x0000000087380000, 0x00000000d5f80000)
  object space 87552K, 0% used [0x0000000081e00000,0x0000000081e08000,0x0000000087380000)
 Metaspace       used 11819K, capacity 11997K, committed 12288K, reserved 1060864K
  class space    used 930K, capacity 1010K, committed 1024K, reserved 1048576K
Event: 3.468 GC heap after
Heap after GC invocations=7 (full 0):
 PSYoungGen      total 135168K, used 2016K [0x00000000d5f80000, 0x00000000e7a80000, 0x0000000100000000)
  eden space 133120K, 0% used [0x00000000d5f80000,0x00000000d5f80000,0x00000000de180000)
  from space 2048K, 98% used [0x00000000de180000,0x00000000de378228,0x00000000de380000)
  to   space 11776K, 0% used [0x00000000e6f00000,0x00000000e6f00000,0x00000000e7a80000)
 ParOldGen       total 87552K, used 19233K [0x0000000081e00000, 0x0000000087380000, 0x00000000d5f80000)
  object space 87552K, 21% used [0x0000000081e00000,0x00000000830c8510,0x0000000087380000)
 Metaspace       used 11819K, capacity 11997K, committed 12288K, reserved 1060864K
  class space    used 930K, capacity 1010K, committed 1024K, reserved 1048576K
}

Deoptimization events (10 events):
Event: 3.509 Thread 0x00000000030eb800 Uncommon trap: reason=class_check action=maybe_recompile pc=0x00000000038868b0 method=org.lwjgl.system.StructBuffer.get(I)Lorg/lwjgl/system/Struct; @ 1
Event: 3.509 Thread 0x00000000030eb800 Uncommon trap: reason=class_check action=maybe_recompile pc=0x00000000038868b0 method=org.lwjgl.system.StructBuffer.get(I)Lorg/lwjgl/system/Struct; @ 1
Event: 3.509 Thread 0x00000000030eb800 Uncommon trap: reason=class_check action=maybe_recompile pc=0x00000000038868b0 method=org.lwjgl.system.StructBuffer.get(I)Lorg/lwjgl/system/Struct; @ 1
Event: 3.511 Thread 0x00000000030eb800 Uncommon trap: reason=speculate_class_check action=maybe_recompile pc=0x00000000038852e8 method=org.lwjgl.system.Struct.wrap(JILjava/nio/ByteBuffer;)Lorg/lwjgl/system/Struct; @ 44
Event: 3.511 Thread 0x00000000030eb800 Uncommon trap: reason=speculate_class_check action=maybe_recompile pc=0x00000000038852e8 method=org.lwjgl.system.Struct.wrap(JILjava/nio/ByteBuffer;)Lorg/lwjgl/system/Struct; @ 44
Event: 3.520 Thread 0x00000000030eb800 Uncommon trap: reason=unstable_if action=reinterpret pc=0x00000000038b48c4 method=Graphics.Animation.loaders.AnimModelLoader.loadAnimModelInVao(Ljava/lang/String;LGraphics/RenderEngine/Loader;)LGraphics/Models/BaseModel; @ 458
Event: 3.559 Thread 0x00000000030eb800 Uncommon trap: reason=unstable_if action=reinterpret pc=0x000000000384cda8 method=java.nio.Bits.copyFromArray(Ljava/lang/Object;JJJJ)V @ 18
Event: 3.561 Thread 0x00000000030eb800 Uncommon trap: reason=unstable_if action=reinterpret pc=0x0000000003833b00 method=java.nio.Bits.copyFromArray(Ljava/lang/Object;JJJJ)V @ 18
Event: 3.562 Thread 0x00000000030eb800 Uncommon trap: reason=unstable_if action=reinterpret pc=0x000000000382e978 method=java.nio.Bits.copyFromArray(Ljava/lang/Object;JJJJ)V @ 18
Event: 3.775 Thread 0x00000000030eb800 Uncommon trap: reason=null_assert action=make_not_entrant pc=0x00000000038ba3f0 method=Graphics.Animation.loaders.AnimModelLoader.loadAnimModelInVao(Ljava/lang/String;LGraphics/RenderEngine/Loader;)LGraphics/Models/BaseModel; @ 613

Internal exceptions (10 events):
Event: 1.246 Thread 0x00000000030eb800 Exception <a 'java/security/PrivilegedActionException'> (0x00000000db9da848) thrown at [C:\re\workspace\8-2-build-windows-amd64-cygwin\jdk8u131\8869\hotspot\src\share\vm\prims\jvm.cpp, line 1390]
Event: 1.246 Thread 0x00000000030eb800 Exception <a 'java/security/PrivilegedActionException'> (0x00000000db9daa58) thrown at [C:\re\workspace\8-2-build-windows-amd64-cygwin\jdk8u131\8869\hotspot\src\share\vm\prims\jvm.cpp, line 1390]
Event: 1.246 Thread 0x00000000030eb800 Exception <a 'java/security/PrivilegedActionException'> (0x00000000db9dcbd0) thrown at [C:\re\workspace\8-2-build-windows-amd64-cygwin\jdk8u131\8869\hotspot\src\share\vm\prims\jvm.cpp, line 1390]
Event: 1.246 Thread 0x00000000030eb800 Exception <a 'java/security/PrivilegedActionException'> (0x00000000db9dcde0) thrown at [C:\re\workspace\8-2-build-windows-amd64-cygwin\jdk8u131\8869\hotspot\src\share\vm\prims\jvm.cpp, line 1390]
Event: 1.246 Thread 0x00000000030eb800 Exception <a 'java/security/PrivilegedActionException'> (0x00000000db9dedf8) thrown at [C:\re\workspace\8-2-build-windows-amd64-cygwin\jdk8u131\8869\hotspot\src\share\vm\prims\jvm.cpp, line 1390]
Event: 1.246 Thread 0x00000000030eb800 Exception <a 'java/security/PrivilegedActionException'> (0x00000000db9df008) thrown at [C:\re\workspace\8-2-build-windows-amd64-cygwin\jdk8u131\8869\hotspot\src\share\vm\prims\jvm.cpp, line 1390]
Event: 1.246 Thread 0x00000000030eb800 Exception <a 'java/security/PrivilegedActionException'> (0x00000000db9e0f70) thrown at [C:\re\workspace\8-2-build-windows-amd64-cygwin\jdk8u131\8869\hotspot\src\share\vm\prims\jvm.cpp, line 1390]
Event: 1.246 Thread 0x00000000030eb800 Exception <a 'java/security/PrivilegedActionException'> (0x00000000db9e1180) thrown at [C:\re\workspace\8-2-build-windows-amd64-cygwin\jdk8u131\8869\hotspot\src\share\vm\prims\jvm.cpp, line 1390]
Event: 1.463 Thread 0x00000000030eb800 Exception <a 'sun/nio/fs/WindowsException'> (0x00000000dbbe4ee0) thrown at [C:\re\workspace\8-2-build-windows-amd64-cygwin\jdk8u131\8869\hotspot\src\share\vm\prims\jni.cpp, line 709]
Event: 1.464 Thread 0x00000000030eb800 Exception <a 'sun/nio/fs/WindowsException'> (0x00000000dbbe6918) thrown at [C:\re\workspace\8-2-build-windows-amd64-cygwin\jdk8u131\8869\hotspot\src\share\vm\prims\jni.cpp, line 709]

Events (10 events):
Event: 3.562 Thread 0x00000000030eb800 Uncommon trap: trap_request=0xffffff65 fr.pc=0x000000000382e978
Event: 3.562 Thread 0x00000000030eb800 DEOPT PACKING pc=0x000000000382e978 sp=0x00000000030dea90
Event: 3.562 Thread 0x00000000030eb800 DEOPT UNPACKING pc=0x00000000033b582a sp=0x00000000030dea48 mode 2
Event: 3.603 loading class Graphics/Models/ActorModel
Event: 3.603 loading class Graphics/Models/ActorModel done
Event: 3.603 loading class Graphics/Animation/Animator
Event: 3.603 loading class Graphics/Animation/Animator done
Event: 3.775 Thread 0x00000000030eb800 Uncommon trap: trap_request=0xffffffec fr.pc=0x00000000038ba3f0
Event: 3.775 Thread 0x00000000030eb800 DEOPT PACKING pc=0x00000000038ba3f0 sp=0x00000000030dee90
Event: 3.775 Thread 0x00000000030eb800 DEOPT UNPACKING pc=0x00000000033b582a sp=0x00000000030ded98 mode 2


Dynamic libraries:
0x00007ff6af3b0000 - 0x00007ff6af3e7000 	C:\Program Files\Java\jdk1.8.0_131\bin\java.exe
0x00007ffe9daf0000 - 0x00007ffe9dcd1000 	C:\WINDOWS\SYSTEM32\ntdll.dll
0x00007ffe9b860000 - 0x00007ffe9b911000 	C:\WINDOWS\System32\KERNEL32.DLL
0x00007ffe9a720000 - 0x00007ffe9a993000 	C:\WINDOWS\System32\KERNELBASE.dll
0x00007ffe9c570000 - 0x00007ffe9c611000 	C:\WINDOWS\System32\ADVAPI32.dll
0x00007ffe9ba30000 - 0x00007ffe9bace000 	C:\WINDOWS\System32\msvcrt.dll
0x00007ffe9b9d0000 - 0x00007ffe9ba2b000 	C:\WINDOWS\System32\sechost.dll
0x00007ffe9be30000 - 0x00007ffe9bf54000 	C:\WINDOWS\System32\RPCRT4.dll
0x00007ffe9bff0000 - 0x00007ffe9c180000 	C:\WINDOWS\System32\USER32.dll
0x00007ffe9aca0000 - 0x00007ffe9acc0000 	C:\WINDOWS\System32\win32u.dll
0x00007ffe9b050000 - 0x00007ffe9b078000 	C:\WINDOWS\System32\GDI32.dll
0x00007ffe9ab00000 - 0x00007ffe9ac92000 	C:\WINDOWS\System32\gdi32full.dll
0x00007ffe9a5d0000 - 0x00007ffe9a66f000 	C:\WINDOWS\System32\msvcp_win.dll
0x00007ffe9a9a0000 - 0x00007ffe9aa98000 	C:\WINDOWS\System32\ucrtbase.dll
0x00007ffe8d1d0000 - 0x00007ffe8d439000 	C:\WINDOWS\WinSxS\amd64_microsoft.windows.common-controls_6595b64144ccf1df_6.0.17134.765_none_fb42a1a930655896\COMCTL32.dll
0x00007ffe9b4d0000 - 0x00007ffe9b7f2000 	C:\WINDOWS\System32\combase.dll
0x00007ffe9acc0000 - 0x00007ffe9ad3a000 	C:\WINDOWS\System32\bcryptPrimitives.dll
0x00007ffe9bf60000 - 0x00007ffe9bf8d000 	C:\WINDOWS\System32\IMM32.DLL
0x0000000057ec0000 - 0x0000000057f92000 	C:\Program Files\Java\jdk1.8.0_131\jre\bin\msvcr100.dll
0x0000000057620000 - 0x0000000057ebc000 	C:\Program Files\Java\jdk1.8.0_131\jre\bin\server\jvm.dll
0x00007ffe9be20000 - 0x00007ffe9be28000 	C:\WINDOWS\System32\PSAPI.DLL
0x00007ffe94be0000 - 0x00007ffe94bea000 	C:\WINDOWS\SYSTEM32\VERSION.dll
0x00007ffe97790000 - 0x00007ffe977b3000 	C:\WINDOWS\SYSTEM32\WINMM.dll
0x00007ffe87590000 - 0x00007ffe87599000 	C:\WINDOWS\SYSTEM32\WSOCK32.dll
0x00007ffe9c180000 - 0x00007ffe9c1ec000 	C:\WINDOWS\System32\WS2_32.dll
0x00007ffe97760000 - 0x00007ffe9778a000 	C:\WINDOWS\SYSTEM32\WINMMBASE.dll
0x00007ffe9ad40000 - 0x00007ffe9ad89000 	C:\WINDOWS\System32\cfgmgr32.dll
0x0000000058ee0000 - 0x0000000058eef000 	C:\Program Files\Java\jdk1.8.0_131\jre\bin\verify.dll
0x00000000575f0000 - 0x0000000057619000 	C:\Program Files\Java\jdk1.8.0_131\jre\bin\java.dll
0x00000000570a0000 - 0x00000000570c3000 	C:\Program Files\Java\jdk1.8.0_131\jre\bin\instrument.dll
0x00000000575d0000 - 0x00000000575e6000 	C:\Program Files\Java\jdk1.8.0_131\jre\bin\zip.dll
0x00007ffe9c680000 - 0x00007ffe9dac0000 	C:\WINDOWS\System32\SHELL32.dll
0x00007ffe9b920000 - 0x00007ffe9b9c9000 	C:\WINDOWS\System32\shcore.dll
0x00007ffe99ec0000 - 0x00007ffe9a5cd000 	C:\WINDOWS\System32\windows.storage.dll
0x00007ffe9c620000 - 0x00007ffe9c671000 	C:\WINDOWS\System32\shlwapi.dll
0x00007ffe99e20000 - 0x00007ffe99e31000 	C:\WINDOWS\System32\kernel.appcore.dll
0x00007ffe99e40000 - 0x00007ffe99e5f000 	C:\WINDOWS\System32\profapi.dll
0x00007ffe99e70000 - 0x00007ffe99ebc000 	C:\WINDOWS\System32\powrprof.dll
0x00007ffe99e60000 - 0x00007ffe99e6a000 	C:\WINDOWS\System32\FLTLIB.DLL
0x00007ffe7dad0000 - 0x00007ffe7daea000 	C:\Program Files\JetBrains\IntelliJ IDEA Community Edition 2019.1.2\bin\breakgen64.dll
0x00000000575b0000 - 0x00000000575ca000 	C:\Program Files\Java\jdk1.8.0_131\jre\bin\net.dll
0x00007ffe99680000 - 0x00007ffe996e6000 	C:\WINDOWS\system32\mswsock.dll
0x0000000057590000 - 0x00000000575a1000 	C:\Program Files\Java\jdk1.8.0_131\jre\bin\nio.dll
0x00007ffe76750000 - 0x00007ffe767b3000 	C:\Users\20174019\AppData\Local\Temp\lwjgl20174019\3.2.1-build-12\lwjgl.dll
0x00007ffe6c2b0000 - 0x00007ffe6c30e000 	C:\Users\20174019\AppData\Local\Temp\lwjgl20174019\3.2.1-build-12\glfw.dll
0x00007ffe97fc0000 - 0x00007ffe98058000 	C:\WINDOWS\system32\uxtheme.dll
0x00007ffe6c260000 - 0x00007ffe6c2a3000 	C:\WINDOWS\SYSTEM32\dinput8.dll
0x00007ffe978b0000 - 0x00007ffe978c0000 	C:\WINDOWS\SYSTEM32\xinput1_4.dll
0x00007ffe99c10000 - 0x00007ffe99c37000 	C:\WINDOWS\SYSTEM32\DEVOBJ.dll
0x00007ffe98210000 - 0x00007ffe98239000 	C:\WINDOWS\SYSTEM32\dwmapi.dll
0x00007ffe941f0000 - 0x00007ffe94269000 	C:\WINDOWS\SYSTEM32\inputhost.dll
0x00007ffe95470000 - 0x00007ffe955bd000 	C:\WINDOWS\SYSTEM32\wintypes.dll
0x00007ffe96cd0000 - 0x00007ffe96daa000 	C:\WINDOWS\SYSTEM32\CoreMessaging.dll
0x00007ffe939d0000 - 0x00007ffe93cee000 	C:\WINDOWS\SYSTEM32\CoreUIComponents.dll
0x00007ffe98e30000 - 0x00007ffe98e61000 	C:\WINDOWS\SYSTEM32\ntmarta.dll
0x00007ffe9bae0000 - 0x00007ffe9bc53000 	C:\WINDOWS\System32\MSCTF.dll
0x00007ffe9bd50000 - 0x00007ffe9be12000 	C:\WINDOWS\System32\OLEAUT32.dll
0x00007ffe987a0000 - 0x00007ffe987ac000 	C:\WINDOWS\SYSTEM32\HID.DLL
0x00007ffe9b080000 - 0x00007ffe9b4cb000 	C:\WINDOWS\System32\SETUPAPI.DLL
0x00007ffe9aaa0000 - 0x00007ffe9aaf7000 	C:\WINDOWS\System32\WINTRUST.dll
0x00007ffe99e00000 - 0x00007ffe99e12000 	C:\WINDOWS\System32\MSASN1.dll
0x00007ffe9ad90000 - 0x00007ffe9af72000 	C:\WINDOWS\System32\CRYPT32.dll
0x00007ffe7b800000 - 0x00007ffe7b920000 	C:\WINDOWS\SYSTEM32\opengl32.dll
0x00007ffe7d350000 - 0x00007ffe7d37c000 	C:\WINDOWS\SYSTEM32\GLU32.dll
0x00007ffe38a50000 - 0x00007ffe398fb000 	C:\WINDOWS\System32\DriverStore\FileRepository\ki130871.inf_amd64_382f7c369d4bf777\ig9icd64.dll
0x00007ffe98c80000 - 0x00007ffe98d3b000 	C:\WINDOWS\system32\dxgi.dll
0x00007ffe6c170000 - 0x00007ffe6c253000 	C:\WINDOWS\System32\DriverStore\FileRepository\ki130871.inf_amd64_382f7c369d4bf777\igdgmm64.dll
0x00007ffe8f4a0000 - 0x00007ffe9141c000 	C:\WINDOWS\System32\DriverStore\FileRepository\ki130871.inf_amd64_382f7c369d4bf777\igc64.dll
0x00007ffe94270000 - 0x00007ffe94306000 	C:\WINDOWS\System32\TextInputFramework.dll
0x00007ffe6c110000 - 0x00007ffe6c168000 	C:\Users\20174019\AppData\Local\Temp\lwjgl20174019\3.2.1-build-12\lwjgl_opengl.dll
0x00007ffe6c090000 - 0x00007ffe6c109000 	C:\Users\20174019\AppData\Local\Temp\lwjgl20174019\3.2.1-build-12\lwjgl_stb.dll
0x00007ffe40300000 - 0x00007ffe409c3000 	C:\Users\20174019\AppData\Local\Temp\lwjgl20174019\3.2.1-build-12\assimp.dll
0x00007ffe98850000 - 0x00007ffe98a19000 	C:\WINDOWS\SYSTEM32\dbghelp.dll

VM Arguments:
jvm_args: -javaagent:C:\Program Files\JetBrains\IntelliJ IDEA Community Edition 2019.1.2\lib\idea_rt.jar=60130:C:\Program Files\JetBrains\IntelliJ IDEA Community Edition 2019.1.2\bin -Dfile.encoding=UTF-8 
java_command: Main
java_class_path (initial): C:\Program Files\Java\jdk1.8.0_131\jre\lib\charsets.jar;C:\Program Files\Java\jdk1.8.0_131\jre\lib\deploy.jar;C:\Program Files\Java\jdk1.8.0_131\jre\lib\ext\access-bridge-64.jar;C:\Program Files\Java\jdk1.8.0_131\jre\lib\ext\cldrdata.jar;C:\Program Files\Java\jdk1.8.0_131\jre\lib\ext\dnsns.jar;C:\Program Files\Java\jdk1.8.0_131\jre\lib\ext\jaccess.jar;C:\Program Files\Java\jdk1.8.0_131\jre\lib\ext\jfxrt.jar;C:\Program Files\Java\jdk1.8.0_131\jre\lib\ext\localedata.jar;C:\Program Files\Java\jdk1.8.0_131\jre\lib\ext\nashorn.jar;C:\Program Files\Java\jdk1.8.0_131\jre\lib\ext\sunec.jar;C:\Program Files\Java\jdk1.8.0_131\jre\lib\ext\sunjce_provider.jar;C:\Program Files\Java\jdk1.8.0_131\jre\lib\ext\sunmscapi.jar;C:\Program Files\Java\jdk1.8.0_131\jre\lib\ext\sunpkcs11.jar;C:\Program Files\Java\jdk1.8.0_131\jre\lib\ext\zipfs.jar;C:\Program Files\Java\jdk1.8.0_131\jre\lib\javaws.jar;C:\Program Files\Java\jdk1.8.0_131\jre\lib\jce.jar;C:\Program Files\Java\jdk1.8.0_131\jre\lib\jfr.jar;C:\Program Files\Java\jdk1.8.0_131\jre\lib\jfxswt.jar;C:\Program Files\Java\jdk1.8.0_131\jre\lib\jsse.jar;C:\Program Files\Java\jdk1.8.0_131\jre\lib\management-agent.jar;C:\Program Files\Java\jdk1.8.0_131\jre\lib\plugin.jar;C:\Program Files\Java\jdk1.8.0_131\jre\lib\resources.jar;C:\Program Files\Java\jdk1.8.0_131\jre\lib\rt.jar;C:\Users\20174019\OneDrive - TU Eindhoven\College\Q4_IOE0_DBL_Interactive Intelligent Systems\Repo\Genomen4\out\production\classes;C:\Users\20174019\.gradle\caches\modules-2\files-2.1\org.joml\joml\1.9.14\ba53d31c0fb0e76ab066cba198fd8d040e1b5e9b\joml-1.9.14.jar;C:\Users\20174019\.gradle\caches\modules-2\files-2.1\org.deeplearning4j\deeplearning4j-core\1.0.0-beta4\e04edc115bfd00c6b8ed09eca7ee1ddeb32fa852\deeplearning4j-core-1.0.0-beta4.jar;C:\Users\20174019\.gradle\caches\modules-2\files-2.1\org.nd4j\nd4j-native-platform\1.0.0-beta4\c0c4faf961fe6340d7be485910f66a5abd33ed57\nd4j-native-platform-1.0.0-beta4.jar;C:\Users\20174019\.gradle\caches\
Launcher Type: SUN_STANDARD

Environment Variables:
PATH=C:\Program Files (x86)\NVIDIA Corporation\PhysX\Common;C:\Program Files (x86)\Common Files\Oracle\Java\javapath;C:\ProgramData\Oracle\Java\javapath;C:\Windows\System32;C:\Windows;C:\Windows\System32\wbem;C:\Windows\System32\WindowsPowerShell\v1.0\;C:\Program Files\OpenVPN\bin;C:\Program Files\MiKTeX 2.9\miktex\bin\x64\;C:\Program Files (x86)\GnuPG\bin;C:\Program Files\Calibre2\;C:\Program Files\Git\cmd;C:\WINDOWS\system32;C:\WINDOWS;C:\WINDOWS\System32\Wbem;C:\WINDOWS\System32\WindowsPowerShell\v1.0\;C:\WINDOWS\System32\OpenSSH\;C:\Program Files\PuTTY\;C:\Users\20174019\AppData\Local\Microsoft\WindowsApps;;C:\Program Files\Mercurial;C:\Program Files\JetBrains\IntelliJ IDEA Community Edition 2019.1.2\bin;
USERNAME=20174019
OS=Windows_NT
PROCESSOR_IDENTIFIER=Intel64 Family 6 Model 158 Stepping 9, GenuineIntel



---------------  S Y S T E M  ---------------

OS: Windows 10.0 , 64 bit Build 17134 (10.0.17134.753)

CPU:total 8 (initial active 8) (4 cores per cpu, 2 threads per core) family 6 model 158 stepping 9, cmov, cx8, fxsr, mmx, sse, sse2, sse3, ssse3, sse4.1, sse4.2, popcnt, avx, avx2, aes, clmul, erms, 3dnowpref, lzcnt, ht, tsc, tscinvbit, bmi1, bmi2, adx

Memory: 4k page, physical 8264924k(1919552k free), swap 17177820k(3589256k free)

vm_info: Java HotSpot(TM) 64-Bit Server VM (25.131-b11) for windows-amd64 JRE (1.8.0_131-b11), built on Mar 15 2017 01:23:53 by "java_re" with MS VC++ 10.0 (VS2010)

time: Mon Jun 10 14:38:34 2019
elapsed time: 3 seconds (0d 0h 0m 3s)

