#
# A fatal error has been detected by the Java Runtime Environment:
#
#  EXCEPTION_ACCESS_VIOLATION (0xc0000005) at pc=0x00000000578000c9, pid=13920, tid=0x00000000000025f4
#
# JRE version: Java(TM) SE Runtime Environment (8.0_131-b11) (build 1.8.0_131-b11)
# Java VM: Java HotSpot(TM) 64-Bit Server VM (25.131-b11 mixed mode windows-amd64 compressed oops)
# Problematic frame:
# V  [jvm.dll+0x1e00c9]
#
# Failed to write core dump. Minidumps are not enabled by default on client versions of Windows
#
# If you would like to submit a bug report, please visit:
#   http://bugreport.java.com/bugreport/crash.jsp
#

---------------  T H R E A D  ---------------

Current thread (0x00000000029cb800):  JavaThread "main" [_thread_in_vm, id=9716, stack(0x00000000028c0000,0x00000000029c0000)]

siginfo: ExceptionCode=0xc0000005, reading address 0x00000000272b9d78

Registers:
RAX=0x0000000000000000, RBX=0x00000000029cb800, RCX=0x0000000000000b80, RDX=0x00000000029bf310
RSP=0x00000000029bf2c0, RBP=0x00000000272b9d78, RSI=0x0000000000000000, RDI=0x0000000000000000
R8 =0x0000000000000000, R9 =0x00000000272b9d78, R10=0x0000000002f6f34f, R11=0x0000000002f6f318
R12=0x0000000000000000, R13=0x00000000029bf368, R14=0x00000000029bf3e0, R15=0x00000000029cb800
RIP=0x00000000578000c9, EFLAGS=0x0000000000010246

Top of Stack: (sp=0x00000000029bf2c0)
0x00000000029bf2c0:   0000000000000002 0000000000000000
0x00000000029bf2d0:   0000000000000001 0000000002cc835d
0x00000000029bf2e0:   0000000002cc835d 0000000002f6f3cd
0x00000000029bf2f0:   00000000172bc078 00000000029bf350
0x00000000029bf300:   0000000000000002 0000000000000010
0x00000000029bf310:   00000000d8507488 0000000000000000
0x00000000029bf320:   0000000002cc7e70 00000000029cb800
0x00000000029bf330:   00000000029bf420 00000000029bf338
0x00000000029bf340:   0000000000000000 00000000029bf3b0
0x00000000029bf350:   00000000029bf3c8 0000000002cc7da0
0x00000000029bf360:   0000000002cc7da0 00000000272b9d78
0x00000000029bf370:   00000000029bf398 0000000000000000
0x00000000029bf380:   00000000d8507488 00000000029bf388
0x00000000029bf390:   000000002a10090a 00000000029bf3e0
0x00000000029bf3a0:   000000002a1022a0 000000002a1148d0
0x00000000029bf3b0:   000000002a100928 00000000029bf368 

Instructions: (pc=0x00000000578000c9)
0x00000000578000a9:   00 00 00 30 74 08 48 8b cb e8 09 2d 06 00 c7 83
0x00000000578000b9:   70 02 00 00 06 00 00 00 48 85 f6 74 03 48 8b 3e
0x00000000578000c9:   8b 2c 2f 48 8b 7b 48 48 8b 47 10 48 8b 77 08 48
0x00000000578000d9:   83 38 00 74 15 48 8b 57 28 48 8b ce e8 d6 df ee 


Register to memory mapping:

RAX=0x0000000000000000 is an unknown value
RBX=0x00000000029cb800 is a thread
RCX=0x0000000000000b80 is an unknown value
RDX=0x00000000029bf310 is pointing into the stack for thread: 0x00000000029cb800
RSP=0x00000000029bf2c0 is pointing into the stack for thread: 0x00000000029cb800
RBP=0x00000000272b9d78 is an unknown value
RSI=0x0000000000000000 is an unknown value
RDI=0x0000000000000000 is an unknown value
R8 =0x0000000000000000 is an unknown value
R9 =0x00000000272b9d78 is an unknown value
R10=0x0000000002f6f34f is at entry_point+79 in (nmethod*)0x0000000002f6f190
R11=0x0000000002f6f318 is at entry_point+24 in (nmethod*)0x0000000002f6f190
R12=0x0000000000000000 is an unknown value
R13=0x00000000029bf368 is pointing into the stack for thread: 0x00000000029cb800
R14=0x00000000029bf3e0 is pointing into the stack for thread: 0x00000000029cb800
R15=0x00000000029cb800 is a thread


Stack: [0x00000000028c0000,0x00000000029c0000],  sp=0x00000000029bf2c0,  free space=1020k
Native frames: (J=compiled Java code, j=interpreted, Vv=VM code, C=native code)
V  [jvm.dll+0x1e00c9]
C  0x0000000002f6f3cd

Java frames: (J=compiled Java code, j=interpreted, Vv=VM code)
J 656  sun.misc.Unsafe.getInt(Ljava/lang/Object;J)I (0 bytes) @ 0x0000000002f6f34f [0x0000000002f6f300+0x4f]
j  org.lwjgl.assimp.AIMesh.nmNumBones(J)I+10
j  org.lwjgl.assimp.AIMesh.mNumBones()I+4
j  Graphics.Animation.loaders.AnimModelLoader.loadAnimModelInVao(Ljava/lang/String;LGraphics/RenderEngine/Loader;)LGraphics/Models/BaseModel;+1246
j  Graphics.RenderEngine.Scene.initActors([LGameState/Entities/Actor;)V+25
j  Graphics.RenderEngine.Scene.init()V+8
j  Graphics.RenderEngine.Scene.<init>(LGameState/World;)V+54
j  Graphics.WindowManager.<init>()V+130
j  Main.main([Ljava/lang/String;)V+7
v  ~StubRoutines::call_stub

---------------  P R O C E S S  ---------------

Java Threads: ( => current thread )
  0x000000001a6ab000 JavaThread "Service Thread" daemon [_thread_blocked, id=1580, stack(0x000000001aef0000,0x000000001aff0000)]
  0x000000001a5f9800 JavaThread "C1 CompilerThread3" daemon [_thread_blocked, id=14836, stack(0x000000001adf0000,0x000000001aef0000)]
  0x000000001a5f7000 JavaThread "C2 CompilerThread2" daemon [_thread_in_native, id=8628, stack(0x000000001acf0000,0x000000001adf0000)]
  0x000000001a5f6000 JavaThread "C2 CompilerThread1" daemon [_thread_blocked, id=12656, stack(0x000000001abf0000,0x000000001acf0000)]
  0x000000001a5f1800 JavaThread "C2 CompilerThread0" daemon [_thread_blocked, id=9564, stack(0x000000001aaf0000,0x000000001abf0000)]
  0x000000001a5f0000 JavaThread "Monitor Ctrl-Break" daemon [_thread_in_native, id=3308, stack(0x000000001a9f0000,0x000000001aaf0000)]
  0x0000000019b26000 JavaThread "Attach Listener" daemon [_thread_blocked, id=4448, stack(0x000000001a0f0000,0x000000001a1f0000)]
  0x0000000019b23000 JavaThread "Signal Dispatcher" daemon [_thread_blocked, id=10860, stack(0x0000000019ff0000,0x000000001a0f0000)]
  0x0000000019b10800 JavaThread "Finalizer" daemon [_thread_blocked, id=8968, stack(0x0000000019ef0000,0x0000000019ff0000)]
  0x0000000017c33000 JavaThread "Reference Handler" daemon [_thread_blocked, id=13152, stack(0x00000000199f0000,0x0000000019af0000)]
=>0x00000000029cb800 JavaThread "main" [_thread_in_vm, id=9716, stack(0x00000000028c0000,0x00000000029c0000)]

Other Threads:
  0x0000000017c2a000 VMThread [stack: 0x00000000198f0000,0x00000000199f0000] [id=14480]
  0x000000001a7ee800 WatcherThread [stack: 0x000000001aff0000,0x000000001b0f0000] [id=11804]

VM state:not at safepoint (normal execution)

VM Mutex/Monitor currently owned by a thread: None

Heap:
 PSYoungGen      total 38400K, used 25331K [0x00000000d5f80000, 0x00000000daa80000, 0x0000000100000000)
  eden space 33280K, 60% used [0x00000000d5f80000,0x00000000d7340db8,0x00000000d8000000)
  from space 5120K, 99% used [0x00000000d8500000,0x00000000d89fc1b0,0x00000000d8a00000)
  to   space 5120K, 0% used [0x00000000d8000000,0x00000000d8000000,0x00000000d8500000)
 ParOldGen       total 87552K, used 8178K [0x0000000081e00000, 0x0000000087380000, 0x00000000d5f80000)
  object space 87552K, 9% used [0x0000000081e00000,0x00000000825fcbd0,0x0000000087380000)
 Metaspace       used 11830K, capacity 12037K, committed 12416K, reserved 1060864K
  class space    used 950K, capacity 1042K, committed 1152K, reserved 1048576K

Card table byte_map: [0x0000000012080000,0x0000000012480000] byte_map_base: 0x0000000011c71000

Marking Bits: (ParMarkBitMap*) 0x0000000057e3c720
 Begin Bits: [0x0000000012f30000, 0x0000000014eb8000)
 End Bits:   [0x0000000014eb8000, 0x0000000016e40000)

Polling page: 0x00000000009a0000

CodeCache: size=245760Kb used=4676Kb max_used=4676Kb free=241083Kb
 bounds [0x0000000002cc0000, 0x0000000003160000, 0x0000000011cc0000]
 total_blobs=2055 nmethods=1094 adapters=874
 compilation: enabled

Compilation events (10 events):
Event: 2.477 Thread 0x000000001a5f7000 1093 %     4       Graphics.Animation.loaders.AnimModelLoader::loadAnimModelInVao @ 878 (1255 bytes)
Event: 2.479 Thread 0x000000001a5f9800 nmethod 1090 0x000000000314c450 code [0x000000000314c9c0, 0x0000000003150028]
Event: 2.479 Thread 0x000000001a5f9800 1089       3       org.lwjgl.system.StructBuffer$StructIterator::next (27 bytes)
Event: 2.480 Thread 0x000000001a5f9800 nmethod 1089 0x0000000003118110 code [0x0000000003118280, 0x00000000031184a8]
Event: 2.480 Thread 0x000000001a5f9800 1094       3       java.nio.CharBuffer::array (35 bytes)
Event: 2.480 Thread 0x000000001a5f9800 nmethod 1094 0x00000000031525d0 code [0x0000000003152760, 0x0000000003152a78]
Event: 2.480 Thread 0x000000001a5f9800 1095       3       java.nio.Buffer::clear (20 bytes)
Event: 2.480 Thread 0x000000001a5f9800 nmethod 1095 0x0000000003152bd0 code [0x0000000003152d20, 0x0000000003152e90]
Event: 2.480 Thread 0x000000001a5f9800 1091       1       sun.nio.cs.StreamEncoder::isOpen (5 bytes)
Event: 2.480 Thread 0x000000001a5f9800 nmethod 1091 0x0000000003152f10 code [0x0000000003153060, 0x0000000003153170]

GC Heap History (8 events):
Event: 0.728 GC heap before
{Heap before GC invocations=1 (full 0):
 PSYoungGen      total 38400K, used 33280K [0x00000000d5f80000, 0x00000000d8a00000, 0x0000000100000000)
  eden space 33280K, 100% used [0x00000000d5f80000,0x00000000d8000000,0x00000000d8000000)
  from space 5120K, 0% used [0x00000000d8500000,0x00000000d8500000,0x00000000d8a00000)
  to   space 5120K, 0% used [0x00000000d8000000,0x00000000d8000000,0x00000000d8500000)
 ParOldGen       total 87552K, used 0K [0x0000000081e00000, 0x0000000087380000, 0x00000000d5f80000)
  object space 87552K, 0% used [0x0000000081e00000,0x0000000081e00000,0x0000000087380000)
 Metaspace       used 3756K, capacity 4640K, committed 4864K, reserved 1056768K
  class space    used 412K, capacity 464K, committed 512K, reserved 1048576K
Event: 0.730 GC heap after
Heap after GC invocations=1 (full 0):
 PSYoungGen      total 38400K, used 1816K [0x00000000d5f80000, 0x00000000d8a00000, 0x0000000100000000)
  eden space 33280K, 0% used [0x00000000d5f80000,0x00000000d5f80000,0x00000000d8000000)
  from space 5120K, 35% used [0x00000000d8000000,0x00000000d81c6158,0x00000000d8500000)
  to   space 5120K, 0% used [0x00000000d8500000,0x00000000d8500000,0x00000000d8a00000)
 ParOldGen       total 87552K, used 8K [0x0000000081e00000, 0x0000000087380000, 0x00000000d5f80000)
  object space 87552K, 0% used [0x0000000081e00000,0x0000000081e02000,0x0000000087380000)
 Metaspace       used 3756K, capacity 4640K, committed 4864K, reserved 1056768K
  class space    used 412K, capacity 464K, committed 512K, reserved 1048576K
}
Event: 1.965 GC heap before
{Heap before GC invocations=2 (full 0):
 PSYoungGen      total 38400K, used 35096K [0x00000000d5f80000, 0x00000000d8a00000, 0x0000000100000000)
  eden space 33280K, 100% used [0x00000000d5f80000,0x00000000d8000000,0x00000000d8000000)
  from space 5120K, 35% used [0x00000000d8000000,0x00000000d81c6158,0x00000000d8500000)
  to   space 5120K, 0% used [0x00000000d8500000,0x00000000d8500000,0x00000000d8a00000)
 ParOldGen       total 87552K, used 8K [0x0000000081e00000, 0x0000000087380000, 0x00000000d5f80000)
  object space 87552K, 0% used [0x0000000081e00000,0x0000000081e02000,0x0000000087380000)
 Metaspace       used 10333K, capacity 10555K, committed 10752K, reserved 1058816K
  class space    used 875K, capacity 975K, committed 1024K, reserved 1048576K
Event: 1.970 GC heap after
Heap after GC invocations=2 (full 0):
 PSYoungGen      total 38400K, used 5109K [0x00000000d5f80000, 0x00000000d8a00000, 0x0000000100000000)
  eden space 33280K, 0% used [0x00000000d5f80000,0x00000000d5f80000,0x00000000d8000000)
  from space 5120K, 99% used [0x00000000d8500000,0x00000000d89fd6d8,0x00000000d8a00000)
  to   space 5120K, 0% used [0x00000000d8000000,0x00000000d8000000,0x00000000d8500000)
 ParOldGen       total 87552K, used 116K [0x0000000081e00000, 0x0000000087380000, 0x00000000d5f80000)
  object space 87552K, 0% used [0x0000000081e00000,0x0000000081e1d3a8,0x0000000087380000)
 Metaspace       used 10333K, capacity 10555K, committed 10752K, reserved 1058816K
  class space    used 875K, capacity 975K, committed 1024K, reserved 1048576K
}
Event: 2.391 GC heap before
{Heap before GC invocations=3 (full 0):
 PSYoungGen      total 38400K, used 38389K [0x00000000d5f80000, 0x00000000d8a00000, 0x0000000100000000)
  eden space 33280K, 100% used [0x00000000d5f80000,0x00000000d8000000,0x00000000d8000000)
  from space 5120K, 99% used [0x00000000d8500000,0x00000000d89fd6d8,0x00000000d8a00000)
  to   space 5120K, 0% used [0x00000000d8000000,0x00000000d8000000,0x00000000d8500000)
 ParOldGen       total 87552K, used 116K [0x0000000081e00000, 0x0000000087380000, 0x00000000d5f80000)
  object space 87552K, 0% used [0x0000000081e00000,0x0000000081e1d3a8,0x0000000087380000)
 Metaspace       used 11609K, capacity 11813K, committed 12032K, reserved 1060864K
  class space    used 928K, capacity 1010K, committed 1024K, reserved 1048576K
Event: 2.397 GC heap after
Heap after GC invocations=3 (full 0):
 PSYoungGen      total 38400K, used 5106K [0x00000000d5f80000, 0x00000000d8a00000, 0x0000000100000000)
  eden space 33280K, 0% used [0x00000000d5f80000,0x00000000d5f80000,0x00000000d8000000)
  from space 5120K, 99% used [0x00000000d8000000,0x00000000d84fc818,0x00000000d8500000)
  to   space 5120K, 0% used [0x00000000d8500000,0x00000000d8500000,0x00000000d8a00000)
 ParOldGen       total 87552K, used 8114K [0x0000000081e00000, 0x0000000087380000, 0x00000000d5f80000)
  object space 87552K, 9% used [0x0000000081e00000,0x00000000825eca90,0x0000000087380000)
 Metaspace       used 11609K, capacity 11813K, committed 12032K, reserved 1060864K
  class space    used 928K, capacity 1010K, committed 1024K, reserved 1048576K
}
Event: 2.441 GC heap before
{Heap before GC invocations=4 (full 0):
 PSYoungGen      total 38400K, used 38386K [0x00000000d5f80000, 0x00000000d8a00000, 0x0000000100000000)
  eden space 33280K, 100% used [0x00000000d5f80000,0x00000000d8000000,0x00000000d8000000)
  from space 5120K, 99% used [0x00000000d8000000,0x00000000d84fc818,0x00000000d8500000)
  to   space 5120K, 0% used [0x00000000d8500000,0x00000000d8500000,0x00000000d8a00000)
 ParOldGen       total 87552K, used 8114K [0x0000000081e00000, 0x0000000087380000, 0x00000000d5f80000)
  object space 87552K, 9% used [0x0000000081e00000,0x00000000825eca90,0x0000000087380000)
 Metaspace       used 11675K, capacity 11877K, committed 12032K, reserved 1060864K
  class space    used 932K, capacity 1010K, committed 1024K, reserved 1048576K
Event: 2.444 GC heap after
Heap after GC invocations=4 (full 0):
 PSYoungGen      total 38400K, used 5104K [0x00000000d5f80000, 0x00000000daa80000, 0x0000000100000000)
  eden space 33280K, 0% used [0x00000000d5f80000,0x00000000d5f80000,0x00000000d8000000)
  from space 5120K, 99% used [0x00000000d8500000,0x00000000d89fc1b0,0x00000000d8a00000)
  to   space 5120K, 0% used [0x00000000d8000000,0x00000000d8000000,0x00000000d8500000)
 ParOldGen       total 87552K, used 8178K [0x0000000081e00000, 0x0000000087380000, 0x00000000d5f80000)
  object space 87552K, 9% used [0x0000000081e00000,0x00000000825fcbd0,0x0000000087380000)
 Metaspace       used 11675K, capacity 11877K, committed 12032K, reserved 1060864K
  class space    used 932K, capacity 1010K, committed 1024K, reserved 1048576K
}

Deoptimization events (10 events):
Event: 2.421 Thread 0x00000000029cb800 Uncommon trap: reason=class_check action=maybe_recompile pc=0x00000000030beff0 method=org.lwjgl.system.StructBuffer.get(I)Lorg/lwjgl/system/Struct; @ 1
Event: 2.421 Thread 0x00000000029cb800 Uncommon trap: reason=class_check action=maybe_recompile pc=0x00000000030beff0 method=org.lwjgl.system.StructBuffer.get(I)Lorg/lwjgl/system/Struct; @ 1
Event: 2.421 Thread 0x00000000029cb800 Uncommon trap: reason=class_check action=maybe_recompile pc=0x00000000030beff0 method=org.lwjgl.system.StructBuffer.get(I)Lorg/lwjgl/system/Struct; @ 1
Event: 2.423 Thread 0x00000000029cb800 Uncommon trap: reason=speculate_class_check action=maybe_recompile pc=0x0000000003112374 method=org.lwjgl.system.Struct.wrap(JILjava/nio/ByteBuffer;)Lorg/lwjgl/system/Struct; @ 44
Event: 2.423 Thread 0x00000000029cb800 Uncommon trap: reason=speculate_class_check action=maybe_recompile pc=0x0000000003112374 method=org.lwjgl.system.Struct.wrap(JILjava/nio/ByteBuffer;)Lorg/lwjgl/system/Struct; @ 44
Event: 2.426 Thread 0x00000000029cb800 Uncommon trap: reason=bimorphic action=maybe_recompile pc=0x0000000003116f28 method=org.lwjgl.system.StructBuffer.get(I)Lorg/lwjgl/system/Struct; @ 1
Event: 2.426 Thread 0x00000000029cb800 Uncommon trap: reason=bimorphic action=maybe_recompile pc=0x0000000003116f28 method=org.lwjgl.system.StructBuffer.get(I)Lorg/lwjgl/system/Struct; @ 1
Event: 2.426 Thread 0x00000000029cb800 Uncommon trap: reason=bimorphic action=maybe_recompile pc=0x0000000003116f28 method=org.lwjgl.system.StructBuffer.get(I)Lorg/lwjgl/system/Struct; @ 1
Event: 2.426 Thread 0x00000000029cb800 Uncommon trap: reason=bimorphic action=maybe_recompile pc=0x0000000003116f28 method=org.lwjgl.system.StructBuffer.get(I)Lorg/lwjgl/system/Struct; @ 1
Event: 2.444 Thread 0x00000000029cb800 Uncommon trap: reason=unstable_if action=reinterpret pc=0x000000000311fb5c method=Graphics.Animation.loaders.AnimModelLoader.loadAnimModelInVao(Ljava/lang/String;LGraphics/RenderEngine/Loader;)LGraphics/Models/BaseModel; @ 490

Internal exceptions (10 events):
Event: 1.014 Thread 0x00000000029cb800 Exception <a 'java/security/PrivilegedActionException'> (0x00000000d71f3ac0) thrown at [C:\re\workspace\8-2-build-windows-amd64-cygwin\jdk8u131\8869\hotspot\src\share\vm\prims\jvm.cpp, line 1390]
Event: 1.014 Thread 0x00000000029cb800 Exception <a 'java/security/PrivilegedActionException'> (0x00000000d71f3cd0) thrown at [C:\re\workspace\8-2-build-windows-amd64-cygwin\jdk8u131\8869\hotspot\src\share\vm\prims\jvm.cpp, line 1390]
Event: 1.014 Thread 0x00000000029cb800 Exception <a 'java/security/PrivilegedActionException'> (0x00000000d71f5e48) thrown at [C:\re\workspace\8-2-build-windows-amd64-cygwin\jdk8u131\8869\hotspot\src\share\vm\prims\jvm.cpp, line 1390]
Event: 1.014 Thread 0x00000000029cb800 Exception <a 'java/security/PrivilegedActionException'> (0x00000000d71f6058) thrown at [C:\re\workspace\8-2-build-windows-amd64-cygwin\jdk8u131\8869\hotspot\src\share\vm\prims\jvm.cpp, line 1390]
Event: 1.014 Thread 0x00000000029cb800 Exception <a 'java/security/PrivilegedActionException'> (0x00000000d71f8070) thrown at [C:\re\workspace\8-2-build-windows-amd64-cygwin\jdk8u131\8869\hotspot\src\share\vm\prims\jvm.cpp, line 1390]
Event: 1.014 Thread 0x00000000029cb800 Exception <a 'java/security/PrivilegedActionException'> (0x00000000d71f8280) thrown at [C:\re\workspace\8-2-build-windows-amd64-cygwin\jdk8u131\8869\hotspot\src\share\vm\prims\jvm.cpp, line 1390]
Event: 1.014 Thread 0x00000000029cb800 Exception <a 'java/security/PrivilegedActionException'> (0x00000000d71fa1e8) thrown at [C:\re\workspace\8-2-build-windows-amd64-cygwin\jdk8u131\8869\hotspot\src\share\vm\prims\jvm.cpp, line 1390]
Event: 1.014 Thread 0x00000000029cb800 Exception <a 'java/security/PrivilegedActionException'> (0x00000000d71fa3f8) thrown at [C:\re\workspace\8-2-build-windows-amd64-cygwin\jdk8u131\8869\hotspot\src\share\vm\prims\jvm.cpp, line 1390]
Event: 1.496 Thread 0x00000000029cb800 Exception <a 'sun/nio/fs/WindowsException'> (0x00000000d7588bd0) thrown at [C:\re\workspace\8-2-build-windows-amd64-cygwin\jdk8u131\8869\hotspot\src\share\vm\prims\jni.cpp, line 709]
Event: 1.496 Thread 0x00000000029cb800 Exception <a 'sun/nio/fs/WindowsException'> (0x00000000d758a608) thrown at [C:\re\workspace\8-2-build-windows-amd64-cygwin\jdk8u131\8869\hotspot\src\share\vm\prims\jni.cpp, line 709]

Events (10 events):
Event: 2.474 loading class org/lwjgl/assimp/AIQuatKey
Event: 2.474 loading class org/lwjgl/assimp/AIQuatKey done
Event: 2.475 loading class org/lwjgl/assimp/AIQuaternion
Event: 2.475 loading class org/lwjgl/assimp/AIQuaternion done
Event: 2.475 loading class org/lwjgl/assimp/AIQuatKey$Buffer
Event: 2.475 loading class org/lwjgl/assimp/AIQuatKey$Buffer done
Event: 2.475 loading class Graphics/Animation/JointTransform
Event: 2.475 loading class Graphics/Animation/JointTransform done
Event: 2.478 loading class Graphics/Animation/Animation
Event: 2.478 loading class Graphics/Animation/Animation done


Dynamic libraries:
0x00007ff6af3b0000 - 0x00007ff6af3e7000 	C:\Program Files\Java\jdk1.8.0_131\bin\java.exe
0x00007ffe9daf0000 - 0x00007ffe9dcd1000 	C:\WINDOWS\SYSTEM32\ntdll.dll
0x00007ffe9b860000 - 0x00007ffe9b911000 	C:\WINDOWS\System32\KERNEL32.DLL
0x00007ffe9a720000 - 0x00007ffe9a993000 	C:\WINDOWS\System32\KERNELBASE.dll
0x00007ffe9c570000 - 0x00007ffe9c611000 	C:\WINDOWS\System32\ADVAPI32.dll
0x00007ffe9ba30000 - 0x00007ffe9bace000 	C:\WINDOWS\System32\msvcrt.dll
0x00007ffe9b9d0000 - 0x00007ffe9ba2b000 	C:\WINDOWS\System32\sechost.dll
0x00007ffe9be30000 - 0x00007ffe9bf54000 	C:\WINDOWS\System32\RPCRT4.dll
0x00007ffe9bff0000 - 0x00007ffe9c180000 	C:\WINDOWS\System32\USER32.dll
0x00007ffe9aca0000 - 0x00007ffe9acc0000 	C:\WINDOWS\System32\win32u.dll
0x00007ffe9b050000 - 0x00007ffe9b078000 	C:\WINDOWS\System32\GDI32.dll
0x00007ffe9ab00000 - 0x00007ffe9ac92000 	C:\WINDOWS\System32\gdi32full.dll
0x00007ffe9a5d0000 - 0x00007ffe9a66f000 	C:\WINDOWS\System32\msvcp_win.dll
0x00007ffe9a9a0000 - 0x00007ffe9aa98000 	C:\WINDOWS\System32\ucrtbase.dll
0x00007ffe8d1d0000 - 0x00007ffe8d439000 	C:\WINDOWS\WinSxS\amd64_microsoft.windows.common-controls_6595b64144ccf1df_6.0.17134.765_none_fb42a1a930655896\COMCTL32.dll
0x00007ffe9b4d0000 - 0x00007ffe9b7f2000 	C:\WINDOWS\System32\combase.dll
0x00007ffe9acc0000 - 0x00007ffe9ad3a000 	C:\WINDOWS\System32\bcryptPrimitives.dll
0x00007ffe9bf60000 - 0x00007ffe9bf8d000 	C:\WINDOWS\System32\IMM32.DLL
0x0000000057ec0000 - 0x0000000057f92000 	C:\Program Files\Java\jdk1.8.0_131\jre\bin\msvcr100.dll
0x0000000057620000 - 0x0000000057ebc000 	C:\Program Files\Java\jdk1.8.0_131\jre\bin\server\jvm.dll
0x00007ffe9be20000 - 0x00007ffe9be28000 	C:\WINDOWS\System32\PSAPI.DLL
0x00007ffe87590000 - 0x00007ffe87599000 	C:\WINDOWS\SYSTEM32\WSOCK32.dll
0x00007ffe94be0000 - 0x00007ffe94bea000 	C:\WINDOWS\SYSTEM32\VERSION.dll
0x00007ffe97790000 - 0x00007ffe977b3000 	C:\WINDOWS\SYSTEM32\WINMM.dll
0x00007ffe9c180000 - 0x00007ffe9c1ec000 	C:\WINDOWS\System32\WS2_32.dll
0x00007ffe97760000 - 0x00007ffe9778a000 	C:\WINDOWS\SYSTEM32\WINMMBASE.dll
0x00007ffe9ad40000 - 0x00007ffe9ad89000 	C:\WINDOWS\System32\cfgmgr32.dll
0x0000000058ee0000 - 0x0000000058eef000 	C:\Program Files\Java\jdk1.8.0_131\jre\bin\verify.dll
0x00000000575f0000 - 0x0000000057619000 	C:\Program Files\Java\jdk1.8.0_131\jre\bin\java.dll
0x0000000057540000 - 0x0000000057563000 	C:\Program Files\Java\jdk1.8.0_131\jre\bin\instrument.dll
0x00000000575d0000 - 0x00000000575e6000 	C:\Program Files\Java\jdk1.8.0_131\jre\bin\zip.dll
0x00007ffe9c680000 - 0x00007ffe9dac0000 	C:\WINDOWS\System32\SHELL32.dll
0x00007ffe9b920000 - 0x00007ffe9b9c9000 	C:\WINDOWS\System32\shcore.dll
0x00007ffe99ec0000 - 0x00007ffe9a5cd000 	C:\WINDOWS\System32\windows.storage.dll
0x00007ffe9c620000 - 0x00007ffe9c671000 	C:\WINDOWS\System32\shlwapi.dll
0x00007ffe99e20000 - 0x00007ffe99e31000 	C:\WINDOWS\System32\kernel.appcore.dll
0x00007ffe99e40000 - 0x00007ffe99e5f000 	C:\WINDOWS\System32\profapi.dll
0x00007ffe99e70000 - 0x00007ffe99ebc000 	C:\WINDOWS\System32\powrprof.dll
0x00007ffe99e60000 - 0x00007ffe99e6a000 	C:\WINDOWS\System32\FLTLIB.DLL
0x00007ffe7faa0000 - 0x00007ffe7faba000 	C:\Program Files\JetBrains\IntelliJ IDEA Community Edition 2019.1.2\bin\breakgen64.dll
0x00000000575b0000 - 0x00000000575ca000 	C:\Program Files\Java\jdk1.8.0_131\jre\bin\net.dll
0x00007ffe99680000 - 0x00007ffe996e6000 	C:\WINDOWS\system32\mswsock.dll
0x0000000057590000 - 0x00000000575a1000 	C:\Program Files\Java\jdk1.8.0_131\jre\bin\nio.dll
0x00007ffe5d760000 - 0x00007ffe5d7c3000 	C:\Users\20174019\AppData\Local\Temp\lwjgl20174019\3.2.1-build-12\lwjgl.dll
0x00007ffe74030000 - 0x00007ffe7408e000 	C:\Users\20174019\AppData\Local\Temp\lwjgl20174019\3.2.1-build-12\glfw.dll
0x00007ffe97fc0000 - 0x00007ffe98058000 	C:\WINDOWS\system32\uxtheme.dll
0x00007ffe5bef0000 - 0x00007ffe5bf33000 	C:\WINDOWS\SYSTEM32\dinput8.dll
0x00007ffe948f0000 - 0x00007ffe94900000 	C:\WINDOWS\SYSTEM32\xinput1_4.dll
0x00007ffe99c10000 - 0x00007ffe99c37000 	C:\WINDOWS\SYSTEM32\DEVOBJ.dll
0x00007ffe98210000 - 0x00007ffe98239000 	C:\WINDOWS\SYSTEM32\dwmapi.dll
0x00007ffe941f0000 - 0x00007ffe94269000 	C:\WINDOWS\SYSTEM32\inputhost.dll
0x00007ffe96cd0000 - 0x00007ffe96daa000 	C:\WINDOWS\SYSTEM32\CoreMessaging.dll
0x00007ffe95470000 - 0x00007ffe955bd000 	C:\WINDOWS\SYSTEM32\wintypes.dll
0x00007ffe939d0000 - 0x00007ffe93cee000 	C:\WINDOWS\SYSTEM32\CoreUIComponents.dll
0x00007ffe98e30000 - 0x00007ffe98e61000 	C:\WINDOWS\SYSTEM32\ntmarta.dll
0x00007ffe9bae0000 - 0x00007ffe9bc53000 	C:\WINDOWS\System32\MSCTF.dll
0x00007ffe9bd50000 - 0x00007ffe9be12000 	C:\WINDOWS\System32\OLEAUT32.dll
0x00007ffe987a0000 - 0x00007ffe987ac000 	C:\WINDOWS\SYSTEM32\HID.DLL
0x00007ffe9b080000 - 0x00007ffe9b4cb000 	C:\WINDOWS\System32\SETUPAPI.DLL
0x00007ffe9aaa0000 - 0x00007ffe9aaf7000 	C:\WINDOWS\System32\WINTRUST.dll
0x00007ffe99e00000 - 0x00007ffe99e12000 	C:\WINDOWS\System32\MSASN1.dll
0x00007ffe9ad90000 - 0x00007ffe9af72000 	C:\WINDOWS\System32\CRYPT32.dll
0x00007ffe7b800000 - 0x00007ffe7b920000 	C:\WINDOWS\SYSTEM32\opengl32.dll
0x00007ffe7d350000 - 0x00007ffe7d37c000 	C:\WINDOWS\SYSTEM32\GLU32.dll
0x00007ffe3d900000 - 0x00007ffe3e7ab000 	C:\WINDOWS\System32\DriverStore\FileRepository\ki130871.inf_amd64_382f7c369d4bf777\ig9icd64.dll
0x00007ffe98c80000 - 0x00007ffe98d3b000 	C:\WINDOWS\system32\dxgi.dll
0x00007ffe5b980000 - 0x00007ffe5ba63000 	C:\WINDOWS\System32\DriverStore\FileRepository\ki130871.inf_amd64_382f7c369d4bf777\igdgmm64.dll
0x00007ffe8f4a0000 - 0x00007ffe9141c000 	C:\WINDOWS\System32\DriverStore\FileRepository\ki130871.inf_amd64_382f7c369d4bf777\igc64.dll
0x00007ffe94270000 - 0x00007ffe94306000 	C:\WINDOWS\System32\TextInputFramework.dll
0x00007ffe562c0000 - 0x00007ffe56318000 	C:\Users\20174019\AppData\Local\Temp\lwjgl20174019\3.2.1-build-12\lwjgl_opengl.dll
0x00007ffe56240000 - 0x00007ffe562b9000 	C:\Users\20174019\AppData\Local\Temp\lwjgl20174019\3.2.1-build-12\lwjgl_stb.dll
0x00007ffe3d230000 - 0x00007ffe3d8f3000 	C:\Users\20174019\AppData\Local\Temp\lwjgl20174019\3.2.1-build-12\assimp.dll
0x00007ffe98850000 - 0x00007ffe98a19000 	C:\WINDOWS\SYSTEM32\dbghelp.dll

VM Arguments:
jvm_args: -javaagent:C:\Program Files\JetBrains\IntelliJ IDEA Community Edition 2019.1.2\lib\idea_rt.jar=56726:C:\Program Files\JetBrains\IntelliJ IDEA Community Edition 2019.1.2\bin -Dfile.encoding=UTF-8 
java_command: Main
java_class_path (initial): C:\Program Files\Java\jdk1.8.0_131\jre\lib\charsets.jar;C:\Program Files\Java\jdk1.8.0_131\jre\lib\deploy.jar;C:\Program Files\Java\jdk1.8.0_131\jre\lib\ext\access-bridge-64.jar;C:\Program Files\Java\jdk1.8.0_131\jre\lib\ext\cldrdata.jar;C:\Program Files\Java\jdk1.8.0_131\jre\lib\ext\dnsns.jar;C:\Program Files\Java\jdk1.8.0_131\jre\lib\ext\jaccess.jar;C:\Program Files\Java\jdk1.8.0_131\jre\lib\ext\jfxrt.jar;C:\Program Files\Java\jdk1.8.0_131\jre\lib\ext\localedata.jar;C:\Program Files\Java\jdk1.8.0_131\jre\lib\ext\nashorn.jar;C:\Program Files\Java\jdk1.8.0_131\jre\lib\ext\sunec.jar;C:\Program Files\Java\jdk1.8.0_131\jre\lib\ext\sunjce_provider.jar;C:\Program Files\Java\jdk1.8.0_131\jre\lib\ext\sunmscapi.jar;C:\Program Files\Java\jdk1.8.0_131\jre\lib\ext\sunpkcs11.jar;C:\Program Files\Java\jdk1.8.0_131\jre\lib\ext\zipfs.jar;C:\Program Files\Java\jdk1.8.0_131\jre\lib\javaws.jar;C:\Program Files\Java\jdk1.8.0_131\jre\lib\jce.jar;C:\Program Files\Java\jdk1.8.0_131\jre\lib\jfr.jar;C:\Program Files\Java\jdk1.8.0_131\jre\lib\jfxswt.jar;C:\Program Files\Java\jdk1.8.0_131\jre\lib\jsse.jar;C:\Program Files\Java\jdk1.8.0_131\jre\lib\management-agent.jar;C:\Program Files\Java\jdk1.8.0_131\jre\lib\plugin.jar;C:\Program Files\Java\jdk1.8.0_131\jre\lib\resources.jar;C:\Program Files\Java\jdk1.8.0_131\jre\lib\rt.jar;C:\Users\20174019\OneDrive - TU Eindhoven\College\Q4_IOE0_DBL_Interactive Intelligent Systems\Repo\Genomen4\out\production\classes;C:\Users\20174019\.gradle\caches\modules-2\files-2.1\org.joml\joml\1.9.14\ba53d31c0fb0e76ab066cba198fd8d040e1b5e9b\joml-1.9.14.jar;C:\Users\20174019\.gradle\caches\modules-2\files-2.1\org.deeplearning4j\deeplearning4j-core\1.0.0-beta4\e04edc115bfd00c6b8ed09eca7ee1ddeb32fa852\deeplearning4j-core-1.0.0-beta4.jar;C:\Users\20174019\.gradle\caches\modules-2\files-2.1\org.nd4j\nd4j-native-platform\1.0.0-beta4\c0c4faf961fe6340d7be485910f66a5abd33ed57\nd4j-native-platform-1.0.0-beta4.jar;C:\Users\20174019\.gradle\caches\
Launcher Type: SUN_STANDARD

Environment Variables:
PATH=C:\Program Files (x86)\NVIDIA Corporation\PhysX\Common;C:\Program Files (x86)\Common Files\Oracle\Java\javapath;C:\ProgramData\Oracle\Java\javapath;C:\Windows\System32;C:\Windows;C:\Windows\System32\wbem;C:\Windows\System32\WindowsPowerShell\v1.0\;C:\Program Files\OpenVPN\bin;C:\Program Files\MiKTeX 2.9\miktex\bin\x64\;C:\Program Files (x86)\GnuPG\bin;C:\Program Files\Calibre2\;C:\Program Files\Git\cmd;C:\WINDOWS\system32;C:\WINDOWS;C:\WINDOWS\System32\Wbem;C:\WINDOWS\System32\WindowsPowerShell\v1.0\;C:\WINDOWS\System32\OpenSSH\;C:\Program Files\PuTTY\;C:\Users\20174019\AppData\Local\Microsoft\WindowsApps;;C:\Program Files\Mercurial;C:\Program Files\JetBrains\IntelliJ IDEA Community Edition 2019.1.2\bin;
USERNAME=20174019
OS=Windows_NT
PROCESSOR_IDENTIFIER=Intel64 Family 6 Model 158 Stepping 9, GenuineIntel



---------------  S Y S T E M  ---------------

OS: Windows 10.0 , 64 bit Build 17134 (10.0.17134.753)

CPU:total 8 (initial active 8) (4 cores per cpu, 2 threads per core) family 6 model 158 stepping 9, cmov, cx8, fxsr, mmx, sse, sse2, sse3, ssse3, sse4.1, sse4.2, popcnt, avx, avx2, aes, clmul, erms, 3dnowpref, lzcnt, ht, tsc, tscinvbit, bmi1, bmi2, adx

Memory: 4k page, physical 8264924k(1960160k free), swap 17177820k(5926656k free)

vm_info: Java HotSpot(TM) 64-Bit Server VM (25.131-b11) for windows-amd64 JRE (1.8.0_131-b11), built on Mar 15 2017 01:23:53 by "java_re" with MS VC++ 10.0 (VS2010)

time: Mon Jun 10 00:13:14 2019
elapsed time: 2 seconds (0d 0h 0m 2s)

